[0.974s] DEBUG:colcon:Command line arguments: ['/usr/bin/colcon', 'build']
[0.974s] DEBUG:colcon:Parsed command line arguments: Namespace(log_base=None, log_level=None, verb_name='build', build_base='build', install_base='install', merge_install=False, symlink_install=False, test_result_base=None, continue_on_error=False, executor='parallel', parallel_workers=4, event_handlers=None, ignore_user_meta=False, metas=['./colcon.meta'], base_paths=['.'], packages_ignore=None, packages_ignore_regex=None, paths=None, packages_up_to=None, packages_up_to_regex=None, packages_above=None, packages_above_and_dependencies=None, packages_above_depth=None, packages_select_by_dep=None, packages_skip_by_dep=None, packages_skip_up_to=None, packages_select_build_failed=False, packages_skip_build_finished=False, packages_select_test_failures=False, packages_skip_test_passed=False, packages_select=None, packages_skip=None, packages_select_regex=None, packages_skip_regex=None, packages_start=None, packages_end=None, allow_overriding=[], cmake_args=None, cmake_target=None, cmake_target_skip_unavailable=False, cmake_clean_cache=False, cmake_clean_first=False, cmake_force_configure=False, ament_cmake_args=None, catkin_cmake_args=None, catkin_skip_building_tests=False, mixin_files=None, mixin=None, verb_parser=<colcon_mixin.mixin.mixin_argument.MixinArgumentDecorator object at 0xffffb9b73fe0>, verb_extension=<colcon_core.verb.build.BuildVerb object at 0xffffb9d27ad0>, main=<bound method BuildVerb.main of <colcon_core.verb.build.BuildVerb object at 0xffffb9d27ad0>>, mixin_verb=('build',))
[1.260s] Level 1:colcon.colcon_core.package_discovery:discover_packages(colcon_meta) check parameters
[1.260s] Level 1:colcon.colcon_core.package_discovery:discover_packages(recursive) check parameters
[1.260s] Level 1:colcon.colcon_core.package_discovery:discover_packages(ignore) check parameters
[1.260s] Level 1:colcon.colcon_core.package_discovery:discover_packages(path) check parameters
[1.260s] Level 1:colcon.colcon_core.package_discovery:discover_packages(colcon_meta) discover
[1.260s] Level 1:colcon.colcon_core.package_discovery:discover_packages(recursive) discover
[1.261s] INFO:colcon.colcon_core.package_discovery:Crawling recursively for packages in '/home/robotpi/ws_lidar'
[1.261s] Level 1:colcon.colcon_core.package_identification:_identify(.) by extensions ['ignore', 'ignore_ament_install']
[1.261s] Level 1:colcon.colcon_core.package_identification:_identify(.) by extension 'ignore'
[1.261s] Level 1:colcon.colcon_core.package_identification:_identify(.) by extension 'ignore_ament_install'
[1.261s] Level 1:colcon.colcon_core.package_identification:_identify(.) by extensions ['colcon_pkg']
[1.261s] Level 1:colcon.colcon_core.package_identification:_identify(.) by extension 'colcon_pkg'
[1.261s] Level 1:colcon.colcon_core.package_identification:_identify(.) by extensions ['colcon_meta']
[1.261s] Level 1:colcon.colcon_core.package_identification:_identify(.) by extension 'colcon_meta'
[1.261s] Level 1:colcon.colcon_core.package_identification:_identify(.) by extensions ['ros']
[1.261s] Level 1:colcon.colcon_core.package_identification:_identify(.) by extension 'ros'
[1.391s] Level 1:colcon.colcon_core.package_identification:_identify(.) by extensions ['cmake', 'python']
[1.391s] Level 1:colcon.colcon_core.package_identification:_identify(.) by extension 'cmake'
[1.391s] Level 1:colcon.colcon_core.package_identification:_identify(.) by extension 'python'
[1.391s] Level 1:colcon.colcon_core.package_identification:_identify(.) by extensions ['python_setup_py']
[1.391s] Level 1:colcon.colcon_core.package_identification:_identify(.) by extension 'python_setup_py'
[1.392s] Level 1:colcon.colcon_core.package_identification:_identify(build) by extensions ['ignore', 'ignore_ament_install']
[1.392s] Level 1:colcon.colcon_core.package_identification:_identify(build) by extension 'ignore'
[1.392s] Level 1:colcon.colcon_core.package_identification:_identify(build) ignored
[1.394s] Level 1:colcon.colcon_core.package_identification:_identify(install) by extensions ['ignore', 'ignore_ament_install']
[1.394s] Level 1:colcon.colcon_core.package_identification:_identify(install) by extension 'ignore'
[1.394s] Level 1:colcon.colcon_core.package_identification:_identify(install) ignored
[1.395s] Level 1:colcon.colcon_core.package_identification:_identify(log) by extensions ['ignore', 'ignore_ament_install']
[1.395s] Level 1:colcon.colcon_core.package_identification:_identify(log) by extension 'ignore'
[1.395s] Level 1:colcon.colcon_core.package_identification:_identify(log) ignored
[1.395s] Level 1:colcon.colcon_core.package_identification:_identify(src) by extensions ['ignore', 'ignore_ament_install']
[1.395s] Level 1:colcon.colcon_core.package_identification:_identify(src) by extension 'ignore'
[1.395s] Level 1:colcon.colcon_core.package_identification:_identify(src) by extension 'ignore_ament_install'
[1.395s] Level 1:colcon.colcon_core.package_identification:_identify(src) by extensions ['colcon_pkg']
[1.395s] Level 1:colcon.colcon_core.package_identification:_identify(src) by extension 'colcon_pkg'
[1.395s] Level 1:colcon.colcon_core.package_identification:_identify(src) by extensions ['colcon_meta']
[1.395s] Level 1:colcon.colcon_core.package_identification:_identify(src) by extension 'colcon_meta'
[1.395s] Level 1:colcon.colcon_core.package_identification:_identify(src) by extensions ['ros']
[1.395s] Level 1:colcon.colcon_core.package_identification:_identify(src) by extension 'ros'
[1.395s] Level 1:colcon.colcon_core.package_identification:_identify(src) by extensions ['cmake', 'python']
[1.395s] Level 1:colcon.colcon_core.package_identification:_identify(src) by extension 'cmake'
[1.395s] Level 1:colcon.colcon_core.package_identification:_identify(src) by extension 'python'
[1.395s] Level 1:colcon.colcon_core.package_identification:_identify(src) by extensions ['python_setup_py']
[1.396s] Level 1:colcon.colcon_core.package_identification:_identify(src) by extension 'python_setup_py'
[1.396s] Level 1:colcon.colcon_core.package_identification:_identify(src/build) by extensions ['ignore', 'ignore_ament_install']
[1.396s] Level 1:colcon.colcon_core.package_identification:_identify(src/build) by extension 'ignore'
[1.396s] Level 1:colcon.colcon_core.package_identification:_identify(src/build) ignored
[1.396s] Level 1:colcon.colcon_core.package_identification:_identify(src/imu_lidar_sensor_fusion) by extensions ['ignore', 'ignore_ament_install']
[1.396s] Level 1:colcon.colcon_core.package_identification:_identify(src/imu_lidar_sensor_fusion) by extension 'ignore'
[1.396s] Level 1:colcon.colcon_core.package_identification:_identify(src/imu_lidar_sensor_fusion) by extension 'ignore_ament_install'
[1.396s] Level 1:colcon.colcon_core.package_identification:_identify(src/imu_lidar_sensor_fusion) by extensions ['colcon_pkg']
[1.396s] Level 1:colcon.colcon_core.package_identification:_identify(src/imu_lidar_sensor_fusion) by extension 'colcon_pkg'
[1.396s] Level 1:colcon.colcon_core.package_identification:_identify(src/imu_lidar_sensor_fusion) by extensions ['colcon_meta']
[1.396s] Level 1:colcon.colcon_core.package_identification:_identify(src/imu_lidar_sensor_fusion) by extension 'colcon_meta'
[1.396s] Level 1:colcon.colcon_core.package_identification:_identify(src/imu_lidar_sensor_fusion) by extensions ['ros']
[1.396s] Level 1:colcon.colcon_core.package_identification:_identify(src/imu_lidar_sensor_fusion) by extension 'ros'
[1.414s] DEBUG:colcon.colcon_core.package_identification:Package 'src/imu_lidar_sensor_fusion' with type 'ros.ament_python' and name 'imu_lidar_sensor_fusion'
[1.417s] Level 1:colcon.colcon_core.package_identification:_identify(src/install) by extensions ['ignore', 'ignore_ament_install']
[1.418s] Level 1:colcon.colcon_core.package_identification:_identify(src/install) by extension 'ignore'
[1.418s] Level 1:colcon.colcon_core.package_identification:_identify(src/install) ignored
[1.418s] Level 1:colcon.colcon_core.package_identification:_identify(src/log) by extensions ['ignore', 'ignore_ament_install']
[1.418s] Level 1:colcon.colcon_core.package_identification:_identify(src/log) by extension 'ignore'
[1.418s] Level 1:colcon.colcon_core.package_identification:_identify(src/log) ignored
[1.419s] Level 1:colcon.colcon_core.package_identification:_identify(src/ros2_mpu6050_driver) by extensions ['ignore', 'ignore_ament_install']
[1.419s] Level 1:colcon.colcon_core.package_identification:_identify(src/ros2_mpu6050_driver) by extension 'ignore'
[1.419s] Level 1:colcon.colcon_core.package_identification:_identify(src/ros2_mpu6050_driver) by extension 'ignore_ament_install'
[1.419s] Level 1:colcon.colcon_core.package_identification:_identify(src/ros2_mpu6050_driver) by extensions ['colcon_pkg']
[1.419s] Level 1:colcon.colcon_core.package_identification:_identify(src/ros2_mpu6050_driver) by extension 'colcon_pkg'
[1.419s] Level 1:colcon.colcon_core.package_identification:_identify(src/ros2_mpu6050_driver) by extensions ['colcon_meta']
[1.419s] Level 1:colcon.colcon_core.package_identification:_identify(src/ros2_mpu6050_driver) by extension 'colcon_meta'
[1.419s] Level 1:colcon.colcon_core.package_identification:_identify(src/ros2_mpu6050_driver) by extensions ['ros']
[1.419s] Level 1:colcon.colcon_core.package_identification:_identify(src/ros2_mpu6050_driver) by extension 'ros'
[1.423s] DEBUG:colcon.colcon_core.package_identification:Package 'src/ros2_mpu6050_driver' with type 'ros.ament_cmake' and name 'mpu6050driver'
[1.424s] Level 1:colcon.colcon_core.package_identification:_identify(src/rplidar_ros) by extensions ['ignore', 'ignore_ament_install']
[1.424s] Level 1:colcon.colcon_core.package_identification:_identify(src/rplidar_ros) by extension 'ignore'
[1.424s] Level 1:colcon.colcon_core.package_identification:_identify(src/rplidar_ros) by extension 'ignore_ament_install'
[1.425s] Level 1:colcon.colcon_core.package_identification:_identify(src/rplidar_ros) by extensions ['colcon_pkg']
[1.425s] Level 1:colcon.colcon_core.package_identification:_identify(src/rplidar_ros) by extension 'colcon_pkg'
[1.425s] Level 1:colcon.colcon_core.package_identification:_identify(src/rplidar_ros) by extensions ['colcon_meta']
[1.425s] Level 1:colcon.colcon_core.package_identification:_identify(src/rplidar_ros) by extension 'colcon_meta'
[1.425s] Level 1:colcon.colcon_core.package_identification:_identify(src/rplidar_ros) by extensions ['ros']
[1.425s] Level 1:colcon.colcon_core.package_identification:_identify(src/rplidar_ros) by extension 'ros'
[1.426s] DEBUG:colcon.colcon_core.package_identification:Package 'src/rplidar_ros' with type 'ros.ament_cmake' and name 'rplidar_ros'
[1.426s] Level 1:colcon.colcon_core.package_discovery:discover_packages(recursive) using defaults
[1.427s] Level 1:colcon.colcon_core.package_discovery:discover_packages(ignore) discover
[1.427s] Level 1:colcon.colcon_core.package_discovery:discover_packages(ignore) using defaults
[1.427s] Level 1:colcon.colcon_core.package_discovery:discover_packages(path) discover
[1.427s] Level 1:colcon.colcon_core.package_discovery:discover_packages(path) using defaults
[1.526s] Level 1:colcon.colcon_core.package_discovery:discover_packages(prefix_path) check parameters
[1.526s] Level 1:colcon.colcon_core.package_discovery:discover_packages(prefix_path) discover
[1.539s] DEBUG:colcon.colcon_installed_package_information.package_discovery:Found 3 installed packages in /home/robotpi/ws_lidar/install
[1.542s] DEBUG:colcon.colcon_installed_package_information.package_discovery:Found 295 installed packages in /opt/ros/jazzy
[1.547s] Level 1:colcon.colcon_core.package_discovery:discover_packages(prefix_path) using defaults
[1.772s] Level 5:colcon.colcon_core.verb:set package 'imu_lidar_sensor_fusion' build argument 'cmake_args' from command line to 'None'
[1.772s] Level 5:colcon.colcon_core.verb:set package 'imu_lidar_sensor_fusion' build argument 'cmake_target' from command line to 'None'
[1.772s] Level 5:colcon.colcon_core.verb:set package 'imu_lidar_sensor_fusion' build argument 'cmake_target_skip_unavailable' from command line to 'False'
[1.772s] Level 5:colcon.colcon_core.verb:set package 'imu_lidar_sensor_fusion' build argument 'cmake_clean_cache' from command line to 'False'
[1.772s] Level 5:colcon.colcon_core.verb:set package 'imu_lidar_sensor_fusion' build argument 'cmake_clean_first' from command line to 'False'
[1.772s] Level 5:colcon.colcon_core.verb:set package 'imu_lidar_sensor_fusion' build argument 'cmake_force_configure' from command line to 'False'
[1.772s] Level 5:colcon.colcon_core.verb:set package 'imu_lidar_sensor_fusion' build argument 'ament_cmake_args' from command line to 'None'
[1.772s] Level 5:colcon.colcon_core.verb:set package 'imu_lidar_sensor_fusion' build argument 'catkin_cmake_args' from command line to 'None'
[1.772s] Level 5:colcon.colcon_core.verb:set package 'imu_lidar_sensor_fusion' build argument 'catkin_skip_building_tests' from command line to 'False'
[1.772s] DEBUG:colcon.colcon_core.verb:Building package 'imu_lidar_sensor_fusion' with the following arguments: {'ament_cmake_args': None, 'build_base': '/home/robotpi/ws_lidar/build/imu_lidar_sensor_fusion', 'catkin_cmake_args': None, 'catkin_skip_building_tests': False, 'cmake_args': None, 'cmake_clean_cache': False, 'cmake_clean_first': False, 'cmake_force_configure': False, 'cmake_target': None, 'cmake_target_skip_unavailable': False, 'install_base': '/home/robotpi/ws_lidar/install/imu_lidar_sensor_fusion', 'merge_install': False, 'path': '/home/robotpi/ws_lidar/src/imu_lidar_sensor_fusion', 'symlink_install': False, 'test_result_base': None}
[1.773s] Level 5:colcon.colcon_core.verb:set package 'mpu6050driver' build argument 'cmake_args' from command line to 'None'
[1.773s] Level 5:colcon.colcon_core.verb:set package 'mpu6050driver' build argument 'cmake_target' from command line to 'None'
[1.773s] Level 5:colcon.colcon_core.verb:set package 'mpu6050driver' build argument 'cmake_target_skip_unavailable' from command line to 'False'
[1.773s] Level 5:colcon.colcon_core.verb:set package 'mpu6050driver' build argument 'cmake_clean_cache' from command line to 'False'
[1.773s] Level 5:colcon.colcon_core.verb:set package 'mpu6050driver' build argument 'cmake_clean_first' from command line to 'False'
[1.773s] Level 5:colcon.colcon_core.verb:set package 'mpu6050driver' build argument 'cmake_force_configure' from command line to 'False'
[1.773s] Level 5:colcon.colcon_core.verb:set package 'mpu6050driver' build argument 'ament_cmake_args' from command line to 'None'
[1.773s] Level 5:colcon.colcon_core.verb:set package 'mpu6050driver' build argument 'catkin_cmake_args' from command line to 'None'
[1.773s] Level 5:colcon.colcon_core.verb:set package 'mpu6050driver' build argument 'catkin_skip_building_tests' from command line to 'False'
[1.773s] DEBUG:colcon.colcon_core.verb:Building package 'mpu6050driver' with the following arguments: {'ament_cmake_args': None, 'build_base': '/home/robotpi/ws_lidar/build/mpu6050driver', 'catkin_cmake_args': None, 'catkin_skip_building_tests': False, 'cmake_args': None, 'cmake_clean_cache': False, 'cmake_clean_first': False, 'cmake_force_configure': False, 'cmake_target': None, 'cmake_target_skip_unavailable': False, 'install_base': '/home/robotpi/ws_lidar/install/mpu6050driver', 'merge_install': False, 'path': '/home/robotpi/ws_lidar/src/ros2_mpu6050_driver', 'symlink_install': False, 'test_result_base': None}
[1.774s] Level 5:colcon.colcon_core.verb:set package 'rplidar_ros' build argument 'cmake_args' from command line to 'None'
[1.774s] Level 5:colcon.colcon_core.verb:set package 'rplidar_ros' build argument 'cmake_target' from command line to 'None'
[1.774s] Level 5:colcon.colcon_core.verb:set package 'rplidar_ros' build argument 'cmake_target_skip_unavailable' from command line to 'False'
[1.774s] Level 5:colcon.colcon_core.verb:set package 'rplidar_ros' build argument 'cmake_clean_cache' from command line to 'False'
[1.774s] Level 5:colcon.colcon_core.verb:set package 'rplidar_ros' build argument 'cmake_clean_first' from command line to 'False'
[1.774s] Level 5:colcon.colcon_core.verb:set package 'rplidar_ros' build argument 'cmake_force_configure' from command line to 'False'
[1.774s] Level 5:colcon.colcon_core.verb:set package 'rplidar_ros' build argument 'ament_cmake_args' from command line to 'None'
[1.774s] Level 5:colcon.colcon_core.verb:set package 'rplidar_ros' build argument 'catkin_cmake_args' from command line to 'None'
[1.774s] Level 5:colcon.colcon_core.verb:set package 'rplidar_ros' build argument 'catkin_skip_building_tests' from command line to 'False'
[1.774s] DEBUG:colcon.colcon_core.verb:Building package 'rplidar_ros' with the following arguments: {'ament_cmake_args': None, 'build_base': '/home/robotpi/ws_lidar/build/rplidar_ros', 'catkin_cmake_args': None, 'catkin_skip_building_tests': False, 'cmake_args': None, 'cmake_clean_cache': False, 'cmake_clean_first': False, 'cmake_force_configure': False, 'cmake_target': None, 'cmake_target_skip_unavailable': False, 'install_base': '/home/robotpi/ws_lidar/install/rplidar_ros', 'merge_install': False, 'path': '/home/robotpi/ws_lidar/src/rplidar_ros', 'symlink_install': False, 'test_result_base': None}
[1.774s] INFO:colcon.colcon_core.executor:Executing jobs using 'parallel' executor
[1.777s] DEBUG:colcon.colcon_parallel_executor.executor.parallel:run_until_complete
[1.778s] INFO:colcon.colcon_ros.task.ament_python.build:Building ROS package in '/home/robotpi/ws_lidar/src/imu_lidar_sensor_fusion' with build type 'ament_python'
[1.778s] Level 1:colcon.colcon_core.shell:create_environment_hook('imu_lidar_sensor_fusion', 'ament_prefix_path')
[1.790s] INFO:colcon.colcon_core.plugin_system:Skipping extension 'colcon_core.shell.bat': Not used on non-Windows systems
[1.791s] INFO:colcon.colcon_core.shell:Creating environment hook '/home/robotpi/ws_lidar/install/imu_lidar_sensor_fusion/share/imu_lidar_sensor_fusion/hook/ament_prefix_path.ps1'
[1.793s] INFO:colcon.colcon_core.shell:Creating environment descriptor '/home/robotpi/ws_lidar/install/imu_lidar_sensor_fusion/share/imu_lidar_sensor_fusion/hook/ament_prefix_path.dsv'
[1.797s] INFO:colcon.colcon_core.shell:Creating environment hook '/home/robotpi/ws_lidar/install/imu_lidar_sensor_fusion/share/imu_lidar_sensor_fusion/hook/ament_prefix_path.sh'
[1.801s] INFO:colcon.colcon_core.shell:Skip shell extension 'powershell' for command environment: Not usable outside of PowerShell
[1.802s] DEBUG:colcon.colcon_core.shell:Skip shell extension 'dsv' for command environment
[1.809s] INFO:colcon.colcon_ros.task.ament_cmake.build:Building ROS package in '/home/robotpi/ws_lidar/src/ros2_mpu6050_driver' with build type 'ament_cmake'
[1.809s] INFO:colcon.colcon_cmake.task.cmake.build:Building CMake package in '/home/robotpi/ws_lidar/src/ros2_mpu6050_driver'
[1.810s] INFO:colcon.colcon_core.shell:Skip shell extension 'powershell' for command environment: Not usable outside of PowerShell
[1.810s] DEBUG:colcon.colcon_core.shell:Skip shell extension 'dsv' for command environment
[1.822s] INFO:colcon.colcon_ros.task.ament_cmake.build:Building ROS package in '/home/robotpi/ws_lidar/src/rplidar_ros' with build type 'ament_cmake'
[1.825s] INFO:colcon.colcon_cmake.task.cmake.build:Building CMake package in '/home/robotpi/ws_lidar/src/rplidar_ros'
[1.826s] INFO:colcon.colcon_core.shell:Skip shell extension 'powershell' for command environment: Not usable outside of PowerShell
[1.827s] DEBUG:colcon.colcon_core.shell:Skip shell extension 'dsv' for command environment
[2.422s] INFO:colcon.colcon_core.task.python.build:Building Python package in '/home/robotpi/ws_lidar/src/imu_lidar_sensor_fusion'
[2.423s] INFO:colcon.colcon_core.shell:Skip shell extension 'powershell' for command environment: Not usable outside of PowerShell
[2.423s] DEBUG:colcon.colcon_core.shell:Skip shell extension 'dsv' for command environment
[2.444s] DEBUG:colcon.colcon_core.event_handler.log_command:Invoking command in '/home/robotpi/ws_lidar/build/mpu6050driver': CMAKE_PREFIX_PATH=${CMAKE_PREFIX_PATH}:/home/robotpi/ws_lidar/install/imu_lidar_sensor_fusion:/opt/ros/jazzy DEBUGINFOD_URLS=https://debuginfod.ubuntu.com /usr/bin/cmake --build /home/robotpi/ws_lidar/build/mpu6050driver -- -j4 -l4
[2.474s] DEBUG:colcon.colcon_core.event_handler.log_command:Invoking command in '/home/robotpi/ws_lidar/build/rplidar_ros': CMAKE_PREFIX_PATH=${CMAKE_PREFIX_PATH}:/home/robotpi/ws_lidar/install/imu_lidar_sensor_fusion:/opt/ros/jazzy DEBUGINFOD_URLS=https://debuginfod.ubuntu.com /usr/bin/cmake --build /home/robotpi/ws_lidar/build/rplidar_ros -- -j4 -l4
[3.212s] DEBUG:colcon.colcon_core.event_handler.log_command:Invoked command in '/home/robotpi/ws_lidar/build/mpu6050driver' returned '0': CMAKE_PREFIX_PATH=${CMAKE_PREFIX_PATH}:/home/robotpi/ws_lidar/install/imu_lidar_sensor_fusion:/opt/ros/jazzy DEBUGINFOD_URLS=https://debuginfod.ubuntu.com /usr/bin/cmake --build /home/robotpi/ws_lidar/build/mpu6050driver -- -j4 -l4
[3.275s] DEBUG:colcon.colcon_core.event_handler.log_command:Invoking command in '/home/robotpi/ws_lidar/build/mpu6050driver': CMAKE_PREFIX_PATH=${CMAKE_PREFIX_PATH}:/home/robotpi/ws_lidar/install/imu_lidar_sensor_fusion:/opt/ros/jazzy DEBUGINFOD_URLS=https://debuginfod.ubuntu.com /usr/bin/cmake --install /home/robotpi/ws_lidar/build/mpu6050driver
[3.456s] Level 1:colcon.colcon_core.environment:create_environment_scripts_only(mpu6050driver)
[3.457s] DEBUG:colcon.colcon_core.event_handler.log_command:Invoked command in '/home/robotpi/ws_lidar/build/mpu6050driver' returned '0': CMAKE_PREFIX_PATH=${CMAKE_PREFIX_PATH}:/home/robotpi/ws_lidar/install/imu_lidar_sensor_fusion:/opt/ros/jazzy DEBUGINFOD_URLS=https://debuginfod.ubuntu.com /usr/bin/cmake --install /home/robotpi/ws_lidar/build/mpu6050driver
[3.481s] Level 1:colcon.colcon_core.environment:checking '/home/robotpi/ws_lidar/install/mpu6050driver' for CMake module files
[3.486s] Level 1:colcon.colcon_core.environment:checking '/home/robotpi/ws_lidar/install/mpu6050driver' for CMake config files
[3.487s] Level 1:colcon.colcon_core.shell:create_environment_hook('mpu6050driver', 'cmake_prefix_path')
[3.488s] INFO:colcon.colcon_core.shell:Creating environment hook '/home/robotpi/ws_lidar/install/mpu6050driver/share/mpu6050driver/hook/cmake_prefix_path.ps1'
[3.489s] INFO:colcon.colcon_core.shell:Creating environment descriptor '/home/robotpi/ws_lidar/install/mpu6050driver/share/mpu6050driver/hook/cmake_prefix_path.dsv'
[3.491s] INFO:colcon.colcon_core.shell:Creating environment hook '/home/robotpi/ws_lidar/install/mpu6050driver/share/mpu6050driver/hook/cmake_prefix_path.sh'
[3.498s] Level 1:colcon.colcon_core.environment:checking '/home/robotpi/ws_lidar/install/mpu6050driver/lib'
[3.498s] Level 1:colcon.colcon_core.environment:checking '/home/robotpi/ws_lidar/install/mpu6050driver/bin'
[3.499s] Level 1:colcon.colcon_core.environment:checking '/home/robotpi/ws_lidar/install/mpu6050driver/lib/pkgconfig/mpu6050driver.pc'
[3.499s] Level 1:colcon.colcon_core.environment:checking '/home/robotpi/ws_lidar/install/mpu6050driver/lib/python3.12/site-packages'
[3.500s] Level 1:colcon.colcon_core.environment:checking '/home/robotpi/ws_lidar/install/mpu6050driver/bin'
[3.501s] INFO:colcon.colcon_core.shell:Creating package script '/home/robotpi/ws_lidar/install/mpu6050driver/share/mpu6050driver/package.ps1'
[3.505s] INFO:colcon.colcon_core.shell:Creating package descriptor '/home/robotpi/ws_lidar/install/mpu6050driver/share/mpu6050driver/package.dsv'
[3.509s] INFO:colcon.colcon_core.shell:Creating package script '/home/robotpi/ws_lidar/install/mpu6050driver/share/mpu6050driver/package.sh'
[3.514s] INFO:colcon.colcon_core.shell:Creating package script '/home/robotpi/ws_lidar/install/mpu6050driver/share/mpu6050driver/package.bash'
[3.522s] INFO:colcon.colcon_core.shell:Creating package script '/home/robotpi/ws_lidar/install/mpu6050driver/share/mpu6050driver/package.zsh'
[3.527s] Level 1:colcon.colcon_core.environment:create_file_with_runtime_dependencies(/home/robotpi/ws_lidar/install/mpu6050driver/share/colcon-core/packages/mpu6050driver)
[3.529s] Level 1:colcon.colcon_core.environment:create_environment_scripts_only(mpu6050driver)
[3.530s] Level 1:colcon.colcon_core.environment:checking '/home/robotpi/ws_lidar/install/mpu6050driver' for CMake module files
[3.530s] Level 1:colcon.colcon_core.environment:checking '/home/robotpi/ws_lidar/install/mpu6050driver' for CMake config files
[3.531s] Level 1:colcon.colcon_core.shell:create_environment_hook('mpu6050driver', 'cmake_prefix_path')
[3.531s] INFO:colcon.colcon_core.shell:Creating environment hook '/home/robotpi/ws_lidar/install/mpu6050driver/share/mpu6050driver/hook/cmake_prefix_path.ps1'
[3.532s] INFO:colcon.colcon_core.shell:Creating environment descriptor '/home/robotpi/ws_lidar/install/mpu6050driver/share/mpu6050driver/hook/cmake_prefix_path.dsv'
[3.540s] INFO:colcon.colcon_core.shell:Creating environment hook '/home/robotpi/ws_lidar/install/mpu6050driver/share/mpu6050driver/hook/cmake_prefix_path.sh'
[3.544s] Level 1:colcon.colcon_core.environment:checking '/home/robotpi/ws_lidar/install/mpu6050driver/lib'
[3.544s] Level 1:colcon.colcon_core.environment:checking '/home/robotpi/ws_lidar/install/mpu6050driver/bin'
[3.544s] Level 1:colcon.colcon_core.environment:checking '/home/robotpi/ws_lidar/install/mpu6050driver/lib/pkgconfig/mpu6050driver.pc'
[3.544s] Level 1:colcon.colcon_core.environment:checking '/home/robotpi/ws_lidar/install/mpu6050driver/lib/python3.12/site-packages'
[3.545s] Level 1:colcon.colcon_core.environment:checking '/home/robotpi/ws_lidar/install/mpu6050driver/bin'
[3.545s] INFO:colcon.colcon_core.shell:Creating package script '/home/robotpi/ws_lidar/install/mpu6050driver/share/mpu6050driver/package.ps1'
[3.552s] INFO:colcon.colcon_core.shell:Creating package descriptor '/home/robotpi/ws_lidar/install/mpu6050driver/share/mpu6050driver/package.dsv'
[3.555s] INFO:colcon.colcon_core.shell:Creating package script '/home/robotpi/ws_lidar/install/mpu6050driver/share/mpu6050driver/package.sh'
[3.559s] INFO:colcon.colcon_core.shell:Creating package script '/home/robotpi/ws_lidar/install/mpu6050driver/share/mpu6050driver/package.bash'
[3.561s] INFO:colcon.colcon_core.shell:Creating package script '/home/robotpi/ws_lidar/install/mpu6050driver/share/mpu6050driver/package.zsh'
[3.563s] Level 1:colcon.colcon_core.environment:create_file_with_runtime_dependencies(/home/robotpi/ws_lidar/install/mpu6050driver/share/colcon-core/packages/mpu6050driver)
[3.568s] DEBUG:colcon.colcon_core.event_handler.log_command:Invoked command in '/home/robotpi/ws_lidar/build/rplidar_ros' returned '0': CMAKE_PREFIX_PATH=${CMAKE_PREFIX_PATH}:/home/robotpi/ws_lidar/install/imu_lidar_sensor_fusion:/opt/ros/jazzy DEBUGINFOD_URLS=https://debuginfod.ubuntu.com /usr/bin/cmake --build /home/robotpi/ws_lidar/build/rplidar_ros -- -j4 -l4
[3.578s] DEBUG:colcon.colcon_core.event_handler.log_command:Invoking command in '/home/robotpi/ws_lidar/build/rplidar_ros': CMAKE_PREFIX_PATH=${CMAKE_PREFIX_PATH}:/home/robotpi/ws_lidar/install/imu_lidar_sensor_fusion:/opt/ros/jazzy DEBUGINFOD_URLS=https://debuginfod.ubuntu.com /usr/bin/cmake --install /home/robotpi/ws_lidar/build/rplidar_ros
[3.685s] Level 1:colcon.colcon_core.environment:create_environment_scripts_only(rplidar_ros)
[3.686s] DEBUG:colcon.colcon_core.event_handler.log_command:Invoked command in '/home/robotpi/ws_lidar/build/rplidar_ros' returned '0': CMAKE_PREFIX_PATH=${CMAKE_PREFIX_PATH}:/home/robotpi/ws_lidar/install/imu_lidar_sensor_fusion:/opt/ros/jazzy DEBUGINFOD_URLS=https://debuginfod.ubuntu.com /usr/bin/cmake --install /home/robotpi/ws_lidar/build/rplidar_ros
[3.687s] Level 1:colcon.colcon_core.environment:checking '/home/robotpi/ws_lidar/install/rplidar_ros' for CMake module files
[3.689s] Level 1:colcon.colcon_core.environment:checking '/home/robotpi/ws_lidar/install/rplidar_ros' for CMake config files
[3.691s] Level 1:colcon.colcon_core.shell:create_environment_hook('rplidar_ros', 'cmake_prefix_path')
[3.692s] INFO:colcon.colcon_core.shell:Creating environment hook '/home/robotpi/ws_lidar/install/rplidar_ros/share/rplidar_ros/hook/cmake_prefix_path.ps1'
[3.697s] INFO:colcon.colcon_core.shell:Creating environment descriptor '/home/robotpi/ws_lidar/install/rplidar_ros/share/rplidar_ros/hook/cmake_prefix_path.dsv'
[3.699s] INFO:colcon.colcon_core.shell:Creating environment hook '/home/robotpi/ws_lidar/install/rplidar_ros/share/rplidar_ros/hook/cmake_prefix_path.sh'
[3.700s] Level 1:colcon.colcon_core.environment:checking '/home/robotpi/ws_lidar/install/rplidar_ros/lib'
[3.700s] Level 1:colcon.colcon_core.environment:checking '/home/robotpi/ws_lidar/install/rplidar_ros/bin'
[3.700s] Level 1:colcon.colcon_core.environment:checking '/home/robotpi/ws_lidar/install/rplidar_ros/lib/pkgconfig/rplidar_ros.pc'
[3.700s] Level 1:colcon.colcon_core.environment:checking '/home/robotpi/ws_lidar/install/rplidar_ros/lib/python3.12/site-packages'
[3.701s] Level 1:colcon.colcon_core.environment:checking '/home/robotpi/ws_lidar/install/rplidar_ros/bin'
[3.701s] INFO:colcon.colcon_core.shell:Creating package script '/home/robotpi/ws_lidar/install/rplidar_ros/share/rplidar_ros/package.ps1'
[3.703s] INFO:colcon.colcon_core.shell:Creating package descriptor '/home/robotpi/ws_lidar/install/rplidar_ros/share/rplidar_ros/package.dsv'
[3.704s] INFO:colcon.colcon_core.shell:Creating package script '/home/robotpi/ws_lidar/install/rplidar_ros/share/rplidar_ros/package.sh'
[3.706s] INFO:colcon.colcon_core.shell:Creating package script '/home/robotpi/ws_lidar/install/rplidar_ros/share/rplidar_ros/package.bash'
[3.709s] INFO:colcon.colcon_core.shell:Creating package script '/home/robotpi/ws_lidar/install/rplidar_ros/share/rplidar_ros/package.zsh'
[3.716s] Level 1:colcon.colcon_core.environment:create_file_with_runtime_dependencies(/home/robotpi/ws_lidar/install/rplidar_ros/share/colcon-core/packages/rplidar_ros)
[3.717s] Level 1:colcon.colcon_core.environment:create_environment_scripts_only(rplidar_ros)
[3.718s] Level 1:colcon.colcon_core.environment:checking '/home/robotpi/ws_lidar/install/rplidar_ros' for CMake module files
[3.719s] Level 1:colcon.colcon_core.environment:checking '/home/robotpi/ws_lidar/install/rplidar_ros' for CMake config files
[3.722s] Level 1:colcon.colcon_core.shell:create_environment_hook('rplidar_ros', 'cmake_prefix_path')
[3.727s] INFO:colcon.colcon_core.shell:Creating environment hook '/home/robotpi/ws_lidar/install/rplidar_ros/share/rplidar_ros/hook/cmake_prefix_path.ps1'
[3.728s] INFO:colcon.colcon_core.shell:Creating environment descriptor '/home/robotpi/ws_lidar/install/rplidar_ros/share/rplidar_ros/hook/cmake_prefix_path.dsv'
[3.729s] INFO:colcon.colcon_core.shell:Creating environment hook '/home/robotpi/ws_lidar/install/rplidar_ros/share/rplidar_ros/hook/cmake_prefix_path.sh'
[3.730s] Level 1:colcon.colcon_core.environment:checking '/home/robotpi/ws_lidar/install/rplidar_ros/lib'
[3.730s] Level 1:colcon.colcon_core.environment:checking '/home/robotpi/ws_lidar/install/rplidar_ros/bin'
[3.730s] Level 1:colcon.colcon_core.environment:checking '/home/robotpi/ws_lidar/install/rplidar_ros/lib/pkgconfig/rplidar_ros.pc'
[3.731s] Level 1:colcon.colcon_core.environment:checking '/home/robotpi/ws_lidar/install/rplidar_ros/lib/python3.12/site-packages'
[3.731s] Level 1:colcon.colcon_core.environment:checking '/home/robotpi/ws_lidar/install/rplidar_ros/bin'
[3.732s] INFO:colcon.colcon_core.shell:Creating package script '/home/robotpi/ws_lidar/install/rplidar_ros/share/rplidar_ros/package.ps1'
[3.733s] INFO:colcon.colcon_core.shell:Creating package descriptor '/home/robotpi/ws_lidar/install/rplidar_ros/share/rplidar_ros/package.dsv'
[3.734s] INFO:colcon.colcon_core.shell:Creating package script '/home/robotpi/ws_lidar/install/rplidar_ros/share/rplidar_ros/package.sh'
[3.735s] INFO:colcon.colcon_core.shell:Creating package script '/home/robotpi/ws_lidar/install/rplidar_ros/share/rplidar_ros/package.bash'
[3.738s] INFO:colcon.colcon_core.shell:Creating package script '/home/robotpi/ws_lidar/install/rplidar_ros/share/rplidar_ros/package.zsh'
[3.743s] Level 1:colcon.colcon_core.environment:create_file_with_runtime_dependencies(/home/robotpi/ws_lidar/install/rplidar_ros/share/colcon-core/packages/rplidar_ros)
[5.157s] DEBUG:colcon.colcon_core.event_handler.log_command:Invoking command in '/home/robotpi/ws_lidar/src/imu_lidar_sensor_fusion': DEBUGINFOD_URLS=https://debuginfod.ubuntu.com PYTHONPATH=/home/robotpi/ws_lidar/build/imu_lidar_sensor_fusion/prefix_override:/usr/lib/python3/dist-packages/colcon_core/task/python/colcon_distutils_commands:/home/robotpi/ws_lidar/install/imu_lidar_sensor_fusion/lib/python3.12/site-packages:${PYTHONPATH} /usr/bin/python3 -W ignore:setup.py install is deprecated -W ignore:easy_install command is deprecated setup.py egg_info --egg-base ../../build/imu_lidar_sensor_fusion build --build-base /home/robotpi/ws_lidar/build/imu_lidar_sensor_fusion/build install --record /home/robotpi/ws_lidar/build/imu_lidar_sensor_fusion/install.log --single-version-externally-managed install_data
[6.425s] Level 1:colcon.colcon_core.environment:checking '/home/robotpi/ws_lidar/install/imu_lidar_sensor_fusion' for CMake module files
[6.427s] Level 1:colcon.colcon_core.environment:checking '/home/robotpi/ws_lidar/install/imu_lidar_sensor_fusion' for CMake config files
[6.426s] DEBUG:colcon.colcon_core.event_handler.log_command:Invoked command in '/home/robotpi/ws_lidar/src/imu_lidar_sensor_fusion' returned '0': DEBUGINFOD_URLS=https://debuginfod.ubuntu.com PYTHONPATH=/home/robotpi/ws_lidar/build/imu_lidar_sensor_fusion/prefix_override:/usr/lib/python3/dist-packages/colcon_core/task/python/colcon_distutils_commands:/home/robotpi/ws_lidar/install/imu_lidar_sensor_fusion/lib/python3.12/site-packages:${PYTHONPATH} /usr/bin/python3 -W ignore:setup.py install is deprecated -W ignore:easy_install command is deprecated setup.py egg_info --egg-base ../../build/imu_lidar_sensor_fusion build --build-base /home/robotpi/ws_lidar/build/imu_lidar_sensor_fusion/build install --record /home/robotpi/ws_lidar/build/imu_lidar_sensor_fusion/install.log --single-version-externally-managed install_data
[6.430s] Level 1:colcon.colcon_core.environment:checking '/home/robotpi/ws_lidar/install/imu_lidar_sensor_fusion/lib'
[6.430s] Level 1:colcon.colcon_core.environment:checking '/home/robotpi/ws_lidar/install/imu_lidar_sensor_fusion/bin'
[6.430s] Level 1:colcon.colcon_core.environment:checking '/home/robotpi/ws_lidar/install/imu_lidar_sensor_fusion/lib/pkgconfig/imu_lidar_sensor_fusion.pc'
[6.432s] Level 1:colcon.colcon_core.environment:checking '/home/robotpi/ws_lidar/install/imu_lidar_sensor_fusion/lib/python3.12/site-packages'
[6.433s] Level 1:colcon.colcon_core.shell:create_environment_hook('imu_lidar_sensor_fusion', 'pythonpath')
[6.434s] INFO:colcon.colcon_core.shell:Creating environment hook '/home/robotpi/ws_lidar/install/imu_lidar_sensor_fusion/share/imu_lidar_sensor_fusion/hook/pythonpath.ps1'
[6.436s] INFO:colcon.colcon_core.shell:Creating environment descriptor '/home/robotpi/ws_lidar/install/imu_lidar_sensor_fusion/share/imu_lidar_sensor_fusion/hook/pythonpath.dsv'
[6.439s] INFO:colcon.colcon_core.shell:Creating environment hook '/home/robotpi/ws_lidar/install/imu_lidar_sensor_fusion/share/imu_lidar_sensor_fusion/hook/pythonpath.sh'
[6.441s] Level 1:colcon.colcon_core.environment:checking '/home/robotpi/ws_lidar/install/imu_lidar_sensor_fusion/bin'
[6.441s] Level 1:colcon.colcon_core.environment:create_environment_scripts_only(imu_lidar_sensor_fusion)
[6.442s] INFO:colcon.colcon_core.shell:Creating package script '/home/robotpi/ws_lidar/install/imu_lidar_sensor_fusion/share/imu_lidar_sensor_fusion/package.ps1'
[6.444s] INFO:colcon.colcon_core.shell:Creating package descriptor '/home/robotpi/ws_lidar/install/imu_lidar_sensor_fusion/share/imu_lidar_sensor_fusion/package.dsv'
[6.446s] INFO:colcon.colcon_core.shell:Creating package script '/home/robotpi/ws_lidar/install/imu_lidar_sensor_fusion/share/imu_lidar_sensor_fusion/package.sh'
[6.446s] INFO:colcon.colcon_core.shell:Creating package script '/home/robotpi/ws_lidar/install/imu_lidar_sensor_fusion/share/imu_lidar_sensor_fusion/package.bash'
[6.447s] INFO:colcon.colcon_core.shell:Creating package script '/home/robotpi/ws_lidar/install/imu_lidar_sensor_fusion/share/imu_lidar_sensor_fusion/package.zsh'
[6.448s] Level 1:colcon.colcon_core.environment:create_file_with_runtime_dependencies(/home/robotpi/ws_lidar/install/imu_lidar_sensor_fusion/share/colcon-core/packages/imu_lidar_sensor_fusion)
[6.450s] DEBUG:colcon.colcon_parallel_executor.executor.parallel:closing loop
[6.452s] DEBUG:colcon.colcon_parallel_executor.executor.parallel:loop closed
[6.453s] DEBUG:colcon.colcon_parallel_executor.executor.parallel:run_until_complete finished with '0'
[6.453s] DEBUG:colcon.colcon_core.event_reactor:joining thread
[6.491s] INFO:colcon.colcon_core.plugin_system:Skipping extension 'colcon_notification.desktop_notification.terminal_notifier': Not used on non-Darwin systems
[6.492s] INFO:colcon.colcon_core.plugin_system:Skipping extension 'colcon_notification.desktop_notification.win32': Not used on non-Windows systems
[6.492s] INFO:colcon.colcon_notification.desktop_notification:Sending desktop notification using 'notify2'
[6.736s] DEBUG:colcon.colcon_core.event_reactor:joined thread
[6.737s] INFO:colcon.colcon_core.shell:Creating prefix script '/home/robotpi/ws_lidar/install/local_setup.ps1'
[6.740s] INFO:colcon.colcon_core.shell:Creating prefix util module '/home/robotpi/ws_lidar/install/_local_setup_util_ps1.py'
[6.747s] INFO:colcon.colcon_core.shell:Creating prefix chain script '/home/robotpi/ws_lidar/install/setup.ps1'
[6.751s] INFO:colcon.colcon_core.shell:Creating prefix script '/home/robotpi/ws_lidar/install/local_setup.sh'
[6.753s] INFO:colcon.colcon_core.shell:Creating prefix util module '/home/robotpi/ws_lidar/install/_local_setup_util_sh.py'
[6.755s] INFO:colcon.colcon_core.shell:Creating prefix chain script '/home/robotpi/ws_lidar/install/setup.sh'
[6.761s] INFO:colcon.colcon_core.shell:Creating prefix script '/home/robotpi/ws_lidar/install/local_setup.bash'
[6.763s] INFO:colcon.colcon_core.shell:Creating prefix chain script '/home/robotpi/ws_lidar/install/setup.bash'
[6.764s] INFO:colcon.colcon_core.shell:Creating prefix script '/home/robotpi/ws_lidar/install/local_setup.zsh'
[6.766s] INFO:colcon.colcon_core.shell:Creating prefix chain script '/home/robotpi/ws_lidar/install/setup.zsh'
