[0.634s] Invoking command in '/home/robotpi/ws_lidar/build/mpu6050driver': CMAKE_PREFIX_PATH=${CMAKE_PREFIX_PATH}:/home/robotpi/ws_lidar/install/imu_lidar_sensor_fusion:/opt/ros/jazzy DEBUGINFOD_URLS=https://debuginfod.ubuntu.com /usr/bin/cmake --build /home/robotpi/ws_lidar/build/mpu6050driver -- -j4 -l4
[0.961s] [100%] Built target mpu6050driver
[1.008s] Invoked command in '/home/robotpi/ws_lidar/build/mpu6050driver' returned '0': CMAKE_PREFIX_PATH=${CMAKE_PREFIX_PATH}:/home/robotpi/ws_lidar/install/imu_lidar_sensor_fusion:/opt/ros/jazzy DEBUGINFOD_URLS=https://debuginfod.ubuntu.com /usr/bin/cmake --build /home/robotpi/ws_lidar/build/mpu6050driver -- -j4 -l4
[1.078s] Invoking command in '/home/robotpi/ws_lidar/build/mpu6050driver': CMAKE_PREFIX_PATH=${CMAKE_PREFIX_PATH}:/home/robotpi/ws_lidar/install/imu_lidar_sensor_fusion:/opt/ros/jazzy DEBUGINFOD_URLS=https://debuginfod.ubuntu.com /usr/bin/cmake --install /home/robotpi/ws_lidar/build/mpu6050driver
[1.128s] -- Install configuration: ""
[1.128s] -- Execute custom install script
[1.128s] -- Up-to-date symlink: /home/robotpi/ws_lidar/install/mpu6050driver/lib/mpu6050driver/mpu6050driver
[1.129s] -- Up-to-date symlink: /home/robotpi/ws_lidar/install/mpu6050driver/share/mpu6050driver//launch/mpu6050driver_launch.py
[1.130s] -- Up-to-date symlink: /home/robotpi/ws_lidar/install/mpu6050driver/share/mpu6050driver//params/mpu6050.yaml
[1.134s] -- Up-to-date symlink: /home/robotpi/ws_lidar/install/mpu6050driver/share/ament_index/resource_index/package_run_dependencies/mpu6050driver
[1.135s] -- Up-to-date symlink: /home/robotpi/ws_lidar/install/mpu6050driver/share/ament_index/resource_index/parent_prefix_path/mpu6050driver
[1.140s] -- Up-to-date symlink: /home/robotpi/ws_lidar/install/mpu6050driver/share/mpu6050driver/environment/ament_prefix_path.sh
[1.141s] -- Up-to-date symlink: /home/robotpi/ws_lidar/install/mpu6050driver/share/mpu6050driver/environment/ament_prefix_path.dsv
[1.141s] -- Up-to-date symlink: /home/robotpi/ws_lidar/install/mpu6050driver/share/mpu6050driver/environment/path.sh
[1.144s] -- Up-to-date symlink: /home/robotpi/ws_lidar/install/mpu6050driver/share/mpu6050driver/environment/path.dsv
[1.144s] -- Up-to-date symlink: /home/robotpi/ws_lidar/install/mpu6050driver/share/mpu6050driver/local_setup.bash
[1.144s] -- Up-to-date symlink: /home/robotpi/ws_lidar/install/mpu6050driver/share/mpu6050driver/local_setup.sh
[1.146s] -- Up-to-date symlink: /home/robotpi/ws_lidar/install/mpu6050driver/share/mpu6050driver/local_setup.zsh
[1.151s] -- Up-to-date symlink: /home/robotpi/ws_lidar/install/mpu6050driver/share/mpu6050driver/local_setup.dsv
[1.152s] -- Symlinking: /home/robotpi/ws_lidar/install/mpu6050driver/share/mpu6050driver/package.dsv
[1.204s] -- Up-to-date symlink: /home/robotpi/ws_lidar/install/mpu6050driver/share/ament_index/resource_index/packages/mpu6050driver
[1.210s] -- Up-to-date symlink: /home/robotpi/ws_lidar/install/mpu6050driver/share/mpu6050driver/cmake/mpu6050driverConfig.cmake
[1.210s] -- Up-to-date symlink: /home/robotpi/ws_lidar/install/mpu6050driver/share/mpu6050driver/cmake/mpu6050driverConfig-version.cmake
[1.211s] -- Up-to-date symlink: /home/robotpi/ws_lidar/install/mpu6050driver/share/mpu6050driver/package.xml
[1.222s] Invoked command in '/home/robotpi/ws_lidar/build/mpu6050driver' returned '0': CMAKE_PREFIX_PATH=${CMAKE_PREFIX_PATH}:/home/robotpi/ws_lidar/install/imu_lidar_sensor_fusion:/opt/ros/jazzy DEBUGINFOD_URLS=https://debuginfod.ubuntu.com /usr/bin/cmake --install /home/robotpi/ws_lidar/build/mpu6050driver
