[2.353s] Invoking command in '/home/robotpi/ws_lidar/src/imu_lidar_sensor_fusion': DEBUGINFOD_URLS=https://debuginfod.ubuntu.com PYTHONPATH=/home/robotpi/ws_lidar/build/imu_lidar_sensor_fusion/prefix_override:/usr/lib/python3/dist-packages/colcon_core/task/python/colcon_distutils_commands:/home/robotpi/ws_lidar/install/imu_lidar_sensor_fusion/lib/python3.12/site-packages:${PYTHONPATH} /usr/bin/python3 -W ignore:setup.py install is deprecated -W ignore:easy_install command is deprecated setup.py egg_info --egg-base ../../build/imu_lidar_sensor_fusion build --build-base /home/robotpi/ws_lidar/build/imu_lidar_sensor_fusion/build install --record /home/robotpi/ws_lidar/build/imu_lidar_sensor_fusion/install.log --single-version-externally-managed install_data
[2.929s] running egg_info
[2.963s] writing ../../build/imu_lidar_sensor_fusion/imu_lidar_sensor_fusion.egg-info/PKG-INFO
[2.964s] writing dependency_links to ../../build/imu_lidar_sensor_fusion/imu_lidar_sensor_fusion.egg-info/dependency_links.txt
[2.970s] writing entry points to ../../build/imu_lidar_sensor_fusion/imu_lidar_sensor_fusion.egg-info/entry_points.txt
[2.971s] writing requirements to ../../build/imu_lidar_sensor_fusion/imu_lidar_sensor_fusion.egg-info/requires.txt
[2.971s] writing top-level names to ../../build/imu_lidar_sensor_fusion/imu_lidar_sensor_fusion.egg-info/top_level.txt
[3.061s] reading manifest file '../../build/imu_lidar_sensor_fusion/imu_lidar_sensor_fusion.egg-info/SOURCES.txt'
[3.063s] writing manifest file '../../build/imu_lidar_sensor_fusion/imu_lidar_sensor_fusion.egg-info/SOURCES.txt'
[3.063s] running build
[3.063s] running build_py
[3.065s] copying imu_lidar_sensor_fusion/fusion_calculation_node.py -> /home/robotpi/ws_lidar/build/imu_lidar_sensor_fusion/build/lib/imu_lidar_sensor_fusion
[3.065s] running install
[3.081s] running install_lib
[3.122s] copying /home/robotpi/ws_lidar/build/imu_lidar_sensor_fusion/build/lib/imu_lidar_sensor_fusion/fusion_calculation_node.py -> /home/robotpi/ws_lidar/install/imu_lidar_sensor_fusion/lib/python3.12/site-packages/imu_lidar_sensor_fusion
[3.125s] byte-compiling /home/robotpi/ws_lidar/install/imu_lidar_sensor_fusion/lib/python3.12/site-packages/imu_lidar_sensor_fusion/fusion_calculation_node.py to fusion_calculation_node.cpython-312.pyc
[3.129s] running install_data
[3.129s] running install_egg_info
[3.167s] removing '/home/robotpi/ws_lidar/install/imu_lidar_sensor_fusion/lib/python3.12/site-packages/imu_lidar_sensor_fusion-0.0.0-py3.12.egg-info' (and everything under it)
[3.168s] Copying ../../build/imu_lidar_sensor_fusion/imu_lidar_sensor_fusion.egg-info to /home/robotpi/ws_lidar/install/imu_lidar_sensor_fusion/lib/python3.12/site-packages/imu_lidar_sensor_fusion-0.0.0-py3.12.egg-info
[3.168s] running install_scripts
[3.429s] Installing fusion_calculation_node script to /home/robotpi/ws_lidar/install/imu_lidar_sensor_fusion/lib/imu_lidar_sensor_fusion
[3.430s] writing list of installed files to '/home/robotpi/ws_lidar/build/imu_lidar_sensor_fusion/install.log'
[3.631s] Invoked command in '/home/robotpi/ws_lidar/src/imu_lidar_sensor_fusion' returned '0': DEBUGINFOD_URLS=https://debuginfod.ubuntu.com PYTHONPATH=/home/robotpi/ws_lidar/build/imu_lidar_sensor_fusion/prefix_override:/usr/lib/python3/dist-packages/colcon_core/task/python/colcon_distutils_commands:/home/robotpi/ws_lidar/install/imu_lidar_sensor_fusion/lib/python3.12/site-packages:${PYTHONPATH} /usr/bin/python3 -W ignore:setup.py install is deprecated -W ignore:easy_install command is deprecated setup.py egg_info --egg-base ../../build/imu_lidar_sensor_fusion build --build-base /home/robotpi/ws_lidar/build/imu_lidar_sensor_fusion/build install --record /home/robotpi/ws_lidar/build/imu_lidar_sensor_fusion/install.log --single-version-externally-managed install_data
