[0.753s] Invoking command in '/home/robotpi/ws_lidar/build/mpu6050driver': CMAKE_PREFIX_PATH=${CMAKE_PREFIX_PATH}:/home/robotpi/ws_lidar/install/imu_lidar_sensor_fusion:/opt/ros/jazzy DEBUGINFOD_URLS=https://debuginfod.ubuntu.com /usr/bin/cmake /home/robotpi/ws_lidar/src/ros2_mpu6050_driver -DAMENT_CMAKE_SYMLINK_INSTALL=1 -DCMAKE_INSTALL_PREFIX=/home/robotpi/ws_lidar/install/mpu6050driver
[0.878s] -- Found ament_cmake: 2.5.4 (/opt/ros/jazzy/share/ament_cmake/cmake)
[2.332s] -- Override CMake install command with custom implementation using symlinks instead of copying resources
[2.404s] -- Found rclcpp: 28.1.11 (/opt/ros/jazzy/share/rclcpp/cmake)
[2.614s] -- Found rosidl_generator_c: 4.6.6 (/opt/ros/jazzy/share/rosidl_generator_c/cmake)
[2.661s] -- Found rosidl_generator_cpp: 4.6.6 (/opt/ros/jazzy/share/rosidl_generator_cpp/cmake)
[2.726s] -- Using all available rosidl_typesupport_c: rosidl_typesupport_fastrtps_c;rosidl_typesupport_introspection_c
[2.786s] -- Using all available rosidl_typesupport_cpp: rosidl_typesupport_fastrtps_cpp;rosidl_typesupport_introspection_cpp
[3.098s] -- Found rmw_implementation_cmake: 7.3.2 (/opt/ros/jazzy/share/rmw_implementation_cmake/cmake)
[3.112s] -- Found rmw_fastrtps_cpp: 8.4.3 (/opt/ros/jazzy/share/rmw_fastrtps_cpp/cmake)
[3.437s] -- Using RMW implementation 'rmw_fastrtps_cpp' as default
[3.732s] -- Found sensor_msgs: 5.3.6 (/opt/ros/jazzy/share/sensor_msgs/cmake)
[4.730s] -- Configuring done (3.9s)
[4.852s] -- Generating done (0.1s)
[4.891s] -- Build files have been written to: /home/robotpi/ws_lidar/build/mpu6050driver
[4.988s] Invoked command in '/home/robotpi/ws_lidar/build/mpu6050driver' returned '0': CMAKE_PREFIX_PATH=${CMAKE_PREFIX_PATH}:/home/robotpi/ws_lidar/install/imu_lidar_sensor_fusion:/opt/ros/jazzy DEBUGINFOD_URLS=https://debuginfod.ubuntu.com /usr/bin/cmake /home/robotpi/ws_lidar/src/ros2_mpu6050_driver -DAMENT_CMAKE_SYMLINK_INSTALL=1 -DCMAKE_INSTALL_PREFIX=/home/robotpi/ws_lidar/install/mpu6050driver
[4.991s] Invoking command in '/home/robotpi/ws_lidar/build/mpu6050driver': CMAKE_PREFIX_PATH=${CMAKE_PREFIX_PATH}:/home/robotpi/ws_lidar/install/imu_lidar_sensor_fusion:/opt/ros/jazzy DEBUGINFOD_URLS=https://debuginfod.ubuntu.com /usr/bin/cmake --build /home/robotpi/ws_lidar/build/mpu6050driver -- -j4 -l4
[5.293s] [ 33%] [32m[1mLinking CXX executable mpu6050driver[0m
[7.580s] [100%] Built target mpu6050driver
[7.666s] Invoked command in '/home/robotpi/ws_lidar/build/mpu6050driver' returned '0': CMAKE_PREFIX_PATH=${CMAKE_PREFIX_PATH}:/home/robotpi/ws_lidar/install/imu_lidar_sensor_fusion:/opt/ros/jazzy DEBUGINFOD_URLS=https://debuginfod.ubuntu.com /usr/bin/cmake --build /home/robotpi/ws_lidar/build/mpu6050driver -- -j4 -l4
[7.723s] Invoking command in '/home/robotpi/ws_lidar/build/mpu6050driver': CMAKE_PREFIX_PATH=${CMAKE_PREFIX_PATH}:/home/robotpi/ws_lidar/install/imu_lidar_sensor_fusion:/opt/ros/jazzy DEBUGINFOD_URLS=https://debuginfod.ubuntu.com /usr/bin/cmake --install /home/robotpi/ws_lidar/build/mpu6050driver
[7.773s] -- Install configuration: ""
[7.779s] -- Execute custom install script
[7.780s] -- Symlinking: /home/robotpi/ws_lidar/install/mpu6050driver/lib/mpu6050driver/mpu6050driver
[7.829s] -- Symlinking: /home/robotpi/ws_lidar/install/mpu6050driver/share/mpu6050driver//launch/mpu6050driver_launch.py
[7.872s] -- Symlinking: /home/robotpi/ws_lidar/install/mpu6050driver/share/mpu6050driver//params/mpu6050.yaml
[7.915s] -- Symlinking: /home/robotpi/ws_lidar/install/mpu6050driver/share/ament_index/resource_index/package_run_dependencies/mpu6050driver
[7.954s] -- Symlinking: /home/robotpi/ws_lidar/install/mpu6050driver/share/ament_index/resource_index/parent_prefix_path/mpu6050driver
[8.044s] -- Symlinking: /home/robotpi/ws_lidar/install/mpu6050driver/share/mpu6050driver/environment/ament_prefix_path.sh
[8.086s] -- Symlinking: /home/robotpi/ws_lidar/install/mpu6050driver/share/mpu6050driver/environment/ament_prefix_path.dsv
[8.120s] -- Symlinking: /home/robotpi/ws_lidar/install/mpu6050driver/share/mpu6050driver/environment/path.sh
[8.166s] -- Symlinking: /home/robotpi/ws_lidar/install/mpu6050driver/share/mpu6050driver/environment/path.dsv
[8.227s] -- Symlinking: /home/robotpi/ws_lidar/install/mpu6050driver/share/mpu6050driver/local_setup.bash
[8.267s] -- Symlinking: /home/robotpi/ws_lidar/install/mpu6050driver/share/mpu6050driver/local_setup.sh
[8.305s] -- Symlinking: /home/robotpi/ws_lidar/install/mpu6050driver/share/mpu6050driver/local_setup.zsh
[8.349s] -- Symlinking: /home/robotpi/ws_lidar/install/mpu6050driver/share/mpu6050driver/local_setup.dsv
[8.445s] -- Symlinking: /home/robotpi/ws_lidar/install/mpu6050driver/share/mpu6050driver/package.dsv
[8.529s] -- Symlinking: /home/robotpi/ws_lidar/install/mpu6050driver/share/ament_index/resource_index/packages/mpu6050driver
[8.576s] -- Symlinking: /home/robotpi/ws_lidar/install/mpu6050driver/share/mpu6050driver/cmake/mpu6050driverConfig.cmake
[8.670s] -- Symlinking: /home/robotpi/ws_lidar/install/mpu6050driver/share/mpu6050driver/cmake/mpu6050driverConfig-version.cmake
[8.736s] -- Symlinking: /home/robotpi/ws_lidar/install/mpu6050driver/share/mpu6050driver/package.xml
[8.848s] Invoked command in '/home/robotpi/ws_lidar/build/mpu6050driver' returned '0': CMAKE_PREFIX_PATH=${CMAKE_PREFIX_PATH}:/home/robotpi/ws_lidar/install/imu_lidar_sensor_fusion:/opt/ros/jazzy DEBUGINFOD_URLS=https://debuginfod.ubuntu.com /usr/bin/cmake --install /home/robotpi/ws_lidar/build/mpu6050driver
