[0.595s] Invoking command in '/home/robotpi/ws_lidar/build/mpu6050driver': CMAKE_PREFIX_PATH=${CMAKE_PREFIX_PATH}:/home/robotpi/ws_lidar/install/imu_lidar_sensor_fusion:/opt/ros/jazzy DEBUGINFOD_URLS=https://debuginfod.ubuntu.com /usr/bin/cmake --build /home/robotpi/ws_lidar/build/mpu6050driver -- -j4 -l4
[0.956s] [100%] Built target mpu6050driver
[1.045s] Invoked command in '/home/robotpi/ws_lidar/build/mpu6050driver' returned '0': CMAKE_PREFIX_PATH=${CMAKE_PREFIX_PATH}:/home/robotpi/ws_lidar/install/imu_lidar_sensor_fusion:/opt/ros/jazzy DEBUGINFOD_URLS=https://debuginfod.ubuntu.com /usr/bin/cmake --build /home/robotpi/ws_lidar/build/mpu6050driver -- -j4 -l4
[1.086s] Invoking command in '/home/robotpi/ws_lidar/build/mpu6050driver': CMAKE_PREFIX_PATH=${CMAKE_PREFIX_PATH}:/home/robotpi/ws_lidar/install/imu_lidar_sensor_fusion:/opt/ros/jazzy DEBUGINFOD_URLS=https://debuginfod.ubuntu.com /usr/bin/cmake --install /home/robotpi/ws_lidar/build/mpu6050driver
[1.162s] -- Install configuration: ""
[1.166s] -- Execute custom install script
[1.167s] -- Up-to-date symlink: /home/robotpi/ws_lidar/install/mpu6050driver/lib/mpu6050driver/mpu6050driver
[1.169s] -- Up-to-date symlink: /home/robotpi/ws_lidar/install/mpu6050driver/share/mpu6050driver//launch/mpu6050driver_launch.py
[1.175s] -- Up-to-date symlink: /home/robotpi/ws_lidar/install/mpu6050driver/share/mpu6050driver//params/mpu6050.yaml
[1.175s] -- Up-to-date symlink: /home/robotpi/ws_lidar/install/mpu6050driver/share/ament_index/resource_index/package_run_dependencies/mpu6050driver
[1.175s] -- Up-to-date symlink: /home/robotpi/ws_lidar/install/mpu6050driver/share/ament_index/resource_index/parent_prefix_path/mpu6050driver
[1.175s] -- Up-to-date symlink: /home/robotpi/ws_lidar/install/mpu6050driver/share/mpu6050driver/environment/ament_prefix_path.sh
[1.178s] -- Up-to-date symlink: /home/robotpi/ws_lidar/install/mpu6050driver/share/mpu6050driver/environment/ament_prefix_path.dsv
[1.178s] -- Up-to-date symlink: /home/robotpi/ws_lidar/install/mpu6050driver/share/mpu6050driver/environment/path.sh
[1.178s] -- Up-to-date symlink: /home/robotpi/ws_lidar/install/mpu6050driver/share/mpu6050driver/environment/path.dsv
[1.180s] -- Up-to-date symlink: /home/robotpi/ws_lidar/install/mpu6050driver/share/mpu6050driver/local_setup.bash
[1.180s] -- Up-to-date symlink: /home/robotpi/ws_lidar/install/mpu6050driver/share/mpu6050driver/local_setup.sh
[1.181s] -- Up-to-date symlink: /home/robotpi/ws_lidar/install/mpu6050driver/share/mpu6050driver/local_setup.zsh
[1.186s] -- Up-to-date symlink: /home/robotpi/ws_lidar/install/mpu6050driver/share/mpu6050driver/local_setup.dsv
[1.186s] -- Symlinking: /home/robotpi/ws_lidar/install/mpu6050driver/share/mpu6050driver/package.dsv
[1.248s] -- Up-to-date symlink: /home/robotpi/ws_lidar/install/mpu6050driver/share/ament_index/resource_index/packages/mpu6050driver
[1.248s] -- Up-to-date symlink: /home/robotpi/ws_lidar/install/mpu6050driver/share/mpu6050driver/cmake/mpu6050driverConfig.cmake
[1.248s] -- Up-to-date symlink: /home/robotpi/ws_lidar/install/mpu6050driver/share/mpu6050driver/cmake/mpu6050driverConfig-version.cmake
[1.248s] -- Up-to-date symlink: /home/robotpi/ws_lidar/install/mpu6050driver/share/mpu6050driver/package.xml
[1.261s] Invoked command in '/home/robotpi/ws_lidar/build/mpu6050driver' returned '0': CMAKE_PREFIX_PATH=${CMAKE_PREFIX_PATH}:/home/robotpi/ws_lidar/install/imu_lidar_sensor_fusion:/opt/ros/jazzy DEBUGINFOD_URLS=https://debuginfod.ubuntu.com /usr/bin/cmake --install /home/robotpi/ws_lidar/build/mpu6050driver
