[0.216s] DEBUG:colcon:Command line arguments: ['/usr/bin/colcon', 'build', '--packages-select', 'mpu9250driver']
[0.216s] DEBUG:colcon:Parsed command line arguments: Namespace(log_base=None, log_level=None, verb_name='build', build_base='build', install_base='install', merge_install=False, symlink_install=False, test_result_base=None, continue_on_error=False, executor='parallel', parallel_workers=4, event_handlers=None, ignore_user_meta=False, metas=['./colcon.meta'], base_paths=['.'], packages_ignore=None, packages_ignore_regex=None, paths=None, packages_up_to=None, packages_up_to_regex=None, packages_above=None, packages_above_and_dependencies=None, packages_above_depth=None, packages_select_by_dep=None, packages_skip_by_dep=None, packages_skip_up_to=None, packages_select_build_failed=False, packages_skip_build_finished=False, packages_select_test_failures=False, packages_skip_test_passed=False, packages_select=['mpu9250driver'], packages_skip=None, packages_select_regex=None, packages_skip_regex=None, packages_start=None, packages_end=None, allow_overriding=[], cmake_args=None, cmake_target=None, cmake_target_skip_unavailable=False, cmake_clean_cache=False, cmake_clean_first=False, cmake_force_configure=False, ament_cmake_args=None, catkin_cmake_args=None, catkin_skip_building_tests=False, mixin_files=None, mixin=None, verb_parser=<colcon_mixin.mixin.mixin_argument.MixinArgumentDecorator object at 0xffff9f6d43b0>, verb_extension=<colcon_core.verb.build.BuildVerb object at 0xffff9f6a7e60>, main=<bound method BuildVerb.main of <colcon_core.verb.build.BuildVerb object at 0xffff9f6a7e60>>, mixin_verb=('build',))
[0.294s] Level 1:colcon.colcon_core.package_discovery:discover_packages(colcon_meta) check parameters
[0.294s] Level 1:colcon.colcon_core.package_discovery:discover_packages(recursive) check parameters
[0.294s] Level 1:colcon.colcon_core.package_discovery:discover_packages(ignore) check parameters
[0.294s] Level 1:colcon.colcon_core.package_discovery:discover_packages(path) check parameters
[0.294s] Level 1:colcon.colcon_core.package_discovery:discover_packages(colcon_meta) discover
[0.294s] Level 1:colcon.colcon_core.package_discovery:discover_packages(recursive) discover
[0.294s] INFO:colcon.colcon_core.package_discovery:Crawling recursively for packages in '/home/robotpi/ws_lidar'
[0.295s] Level 1:colcon.colcon_core.package_identification:_identify(.) by extensions ['ignore', 'ignore_ament_install']
[0.295s] Level 1:colcon.colcon_core.package_identification:_identify(.) by extension 'ignore'
[0.295s] Level 1:colcon.colcon_core.package_identification:_identify(.) by extension 'ignore_ament_install'
[0.295s] Level 1:colcon.colcon_core.package_identification:_identify(.) by extensions ['colcon_pkg']
[0.295s] Level 1:colcon.colcon_core.package_identification:_identify(.) by extension 'colcon_pkg'
[0.295s] Level 1:colcon.colcon_core.package_identification:_identify(.) by extensions ['colcon_meta']
[0.295s] Level 1:colcon.colcon_core.package_identification:_identify(.) by extension 'colcon_meta'
[0.295s] Level 1:colcon.colcon_core.package_identification:_identify(.) by extensions ['ros']
[0.295s] Level 1:colcon.colcon_core.package_identification:_identify(.) by extension 'ros'
[0.351s] Level 1:colcon.colcon_core.package_identification:_identify(.) by extensions ['cmake', 'python']
[0.351s] Level 1:colcon.colcon_core.package_identification:_identify(.) by extension 'cmake'
[0.351s] Level 1:colcon.colcon_core.package_identification:_identify(.) by extension 'python'
[0.351s] Level 1:colcon.colcon_core.package_identification:_identify(.) by extensions ['python_setup_py']
[0.351s] Level 1:colcon.colcon_core.package_identification:_identify(.) by extension 'python_setup_py'
[0.351s] Level 1:colcon.colcon_core.package_identification:_identify(build) by extensions ['ignore', 'ignore_ament_install']
[0.352s] Level 1:colcon.colcon_core.package_identification:_identify(build) by extension 'ignore'
[0.352s] Level 1:colcon.colcon_core.package_identification:_identify(build) ignored
[0.352s] Level 1:colcon.colcon_core.package_identification:_identify(install) by extensions ['ignore', 'ignore_ament_install']
[0.352s] Level 1:colcon.colcon_core.package_identification:_identify(install) by extension 'ignore'
[0.352s] Level 1:colcon.colcon_core.package_identification:_identify(install) ignored
[0.352s] Level 1:colcon.colcon_core.package_identification:_identify(log) by extensions ['ignore', 'ignore_ament_install']
[0.352s] Level 1:colcon.colcon_core.package_identification:_identify(log) by extension 'ignore'
[0.352s] Level 1:colcon.colcon_core.package_identification:_identify(log) ignored
[0.352s] Level 1:colcon.colcon_core.package_identification:_identify(src) by extensions ['ignore', 'ignore_ament_install']
[0.352s] Level 1:colcon.colcon_core.package_identification:_identify(src) by extension 'ignore'
[0.353s] Level 1:colcon.colcon_core.package_identification:_identify(src) by extension 'ignore_ament_install'
[0.353s] Level 1:colcon.colcon_core.package_identification:_identify(src) by extensions ['colcon_pkg']
[0.353s] Level 1:colcon.colcon_core.package_identification:_identify(src) by extension 'colcon_pkg'
[0.353s] Level 1:colcon.colcon_core.package_identification:_identify(src) by extensions ['colcon_meta']
[0.353s] Level 1:colcon.colcon_core.package_identification:_identify(src) by extension 'colcon_meta'
[0.353s] Level 1:colcon.colcon_core.package_identification:_identify(src) by extensions ['ros']
[0.353s] Level 1:colcon.colcon_core.package_identification:_identify(src) by extension 'ros'
[0.353s] Level 1:colcon.colcon_core.package_identification:_identify(src) by extensions ['cmake', 'python']
[0.353s] Level 1:colcon.colcon_core.package_identification:_identify(src) by extension 'cmake'
[0.353s] Level 1:colcon.colcon_core.package_identification:_identify(src) by extension 'python'
[0.353s] Level 1:colcon.colcon_core.package_identification:_identify(src) by extensions ['python_setup_py']
[0.353s] Level 1:colcon.colcon_core.package_identification:_identify(src) by extension 'python_setup_py'
[0.353s] Level 1:colcon.colcon_core.package_identification:_identify(src/build) by extensions ['ignore', 'ignore_ament_install']
[0.353s] Level 1:colcon.colcon_core.package_identification:_identify(src/build) by extension 'ignore'
[0.353s] Level 1:colcon.colcon_core.package_identification:_identify(src/build) ignored
[0.354s] Level 1:colcon.colcon_core.package_identification:_identify(src/imu_lidar_sensor_fusion) by extensions ['ignore', 'ignore_ament_install']
[0.354s] Level 1:colcon.colcon_core.package_identification:_identify(src/imu_lidar_sensor_fusion) by extension 'ignore'
[0.354s] Level 1:colcon.colcon_core.package_identification:_identify(src/imu_lidar_sensor_fusion) by extension 'ignore_ament_install'
[0.354s] Level 1:colcon.colcon_core.package_identification:_identify(src/imu_lidar_sensor_fusion) by extensions ['colcon_pkg']
[0.354s] Level 1:colcon.colcon_core.package_identification:_identify(src/imu_lidar_sensor_fusion) by extension 'colcon_pkg'
[0.354s] Level 1:colcon.colcon_core.package_identification:_identify(src/imu_lidar_sensor_fusion) by extensions ['colcon_meta']
[0.354s] Level 1:colcon.colcon_core.package_identification:_identify(src/imu_lidar_sensor_fusion) by extension 'colcon_meta'
[0.354s] Level 1:colcon.colcon_core.package_identification:_identify(src/imu_lidar_sensor_fusion) by extensions ['ros']
[0.354s] Level 1:colcon.colcon_core.package_identification:_identify(src/imu_lidar_sensor_fusion) by extension 'ros'
[0.360s] DEBUG:colcon.colcon_core.package_identification:Package 'src/imu_lidar_sensor_fusion' with type 'ros.ament_python' and name 'imu_lidar_sensor_fusion'
[0.360s] Level 1:colcon.colcon_core.package_identification:_identify(src/install) by extensions ['ignore', 'ignore_ament_install']
[0.361s] Level 1:colcon.colcon_core.package_identification:_identify(src/install) by extension 'ignore'
[0.361s] Level 1:colcon.colcon_core.package_identification:_identify(src/install) ignored
[0.361s] Level 1:colcon.colcon_core.package_identification:_identify(src/log) by extensions ['ignore', 'ignore_ament_install']
[0.361s] Level 1:colcon.colcon_core.package_identification:_identify(src/log) by extension 'ignore'
[0.361s] Level 1:colcon.colcon_core.package_identification:_identify(src/log) ignored
[0.361s] Level 1:colcon.colcon_core.package_identification:_identify(src/ros2_mpu6050_driver) by extensions ['ignore', 'ignore_ament_install']
[0.361s] Level 1:colcon.colcon_core.package_identification:_identify(src/ros2_mpu6050_driver) by extension 'ignore'
[0.361s] Level 1:colcon.colcon_core.package_identification:_identify(src/ros2_mpu6050_driver) by extension 'ignore_ament_install'
[0.361s] Level 1:colcon.colcon_core.package_identification:_identify(src/ros2_mpu6050_driver) by extensions ['colcon_pkg']
[0.361s] Level 1:colcon.colcon_core.package_identification:_identify(src/ros2_mpu6050_driver) by extension 'colcon_pkg'
[0.362s] Level 1:colcon.colcon_core.package_identification:_identify(src/ros2_mpu6050_driver) by extensions ['colcon_meta']
[0.362s] Level 1:colcon.colcon_core.package_identification:_identify(src/ros2_mpu6050_driver) by extension 'colcon_meta'
[0.362s] Level 1:colcon.colcon_core.package_identification:_identify(src/ros2_mpu6050_driver) by extensions ['ros']
[0.362s] Level 1:colcon.colcon_core.package_identification:_identify(src/ros2_mpu6050_driver) by extension 'ros'
[0.362s] DEBUG:colcon.colcon_core.package_identification:Package 'src/ros2_mpu6050_driver' with type 'ros.ament_cmake' and name 'mpu6050driver'
[0.362s] Level 1:colcon.colcon_core.package_identification:_identify(src/ros2_mpu9250_driver) by extensions ['ignore', 'ignore_ament_install']
[0.363s] Level 1:colcon.colcon_core.package_identification:_identify(src/ros2_mpu9250_driver) by extension 'ignore'
[0.363s] Level 1:colcon.colcon_core.package_identification:_identify(src/ros2_mpu9250_driver) by extension 'ignore_ament_install'
[0.363s] Level 1:colcon.colcon_core.package_identification:_identify(src/ros2_mpu9250_driver) by extensions ['colcon_pkg']
[0.363s] Level 1:colcon.colcon_core.package_identification:_identify(src/ros2_mpu9250_driver) by extension 'colcon_pkg'
[0.363s] Level 1:colcon.colcon_core.package_identification:_identify(src/ros2_mpu9250_driver) by extensions ['colcon_meta']
[0.363s] Level 1:colcon.colcon_core.package_identification:_identify(src/ros2_mpu9250_driver) by extension 'colcon_meta'
[0.363s] Level 1:colcon.colcon_core.package_identification:_identify(src/ros2_mpu9250_driver) by extensions ['ros']
[0.363s] Level 1:colcon.colcon_core.package_identification:_identify(src/ros2_mpu9250_driver) by extension 'ros'
[0.364s] DEBUG:colcon.colcon_core.package_identification:Package 'src/ros2_mpu9250_driver' with type 'ros.ament_cmake' and name 'mpu9250driver'
[0.364s] Level 1:colcon.colcon_core.package_identification:_identify(src/rplidar_ros) by extensions ['ignore', 'ignore_ament_install']
[0.364s] Level 1:colcon.colcon_core.package_identification:_identify(src/rplidar_ros) by extension 'ignore'
[0.364s] Level 1:colcon.colcon_core.package_identification:_identify(src/rplidar_ros) by extension 'ignore_ament_install'
[0.364s] Level 1:colcon.colcon_core.package_identification:_identify(src/rplidar_ros) by extensions ['colcon_pkg']
[0.364s] Level 1:colcon.colcon_core.package_identification:_identify(src/rplidar_ros) by extension 'colcon_pkg'
[0.364s] Level 1:colcon.colcon_core.package_identification:_identify(src/rplidar_ros) by extensions ['colcon_meta']
[0.364s] Level 1:colcon.colcon_core.package_identification:_identify(src/rplidar_ros) by extension 'colcon_meta'
[0.364s] Level 1:colcon.colcon_core.package_identification:_identify(src/rplidar_ros) by extensions ['ros']
[0.364s] Level 1:colcon.colcon_core.package_identification:_identify(src/rplidar_ros) by extension 'ros'
[0.365s] DEBUG:colcon.colcon_core.package_identification:Package 'src/rplidar_ros' with type 'ros.ament_cmake' and name 'rplidar_ros'
[0.365s] Level 1:colcon.colcon_core.package_discovery:discover_packages(recursive) using defaults
[0.365s] Level 1:colcon.colcon_core.package_discovery:discover_packages(ignore) discover
[0.365s] Level 1:colcon.colcon_core.package_discovery:discover_packages(ignore) using defaults
[0.365s] Level 1:colcon.colcon_core.package_discovery:discover_packages(path) discover
[0.365s] Level 1:colcon.colcon_core.package_discovery:discover_packages(path) using defaults
[0.400s] INFO:colcon.colcon_core.package_selection:Skipping not selected package 'imu_lidar_sensor_fusion' in 'src/imu_lidar_sensor_fusion'
[0.400s] INFO:colcon.colcon_core.package_selection:Skipping not selected package 'mpu6050driver' in 'src/ros2_mpu6050_driver'
[0.400s] INFO:colcon.colcon_core.package_selection:Skipping not selected package 'rplidar_ros' in 'src/rplidar_ros'
[0.402s] Level 1:colcon.colcon_core.package_discovery:discover_packages(prefix_path) check parameters
[0.402s] Level 1:colcon.colcon_core.package_discovery:discover_packages(prefix_path) discover
[0.408s] DEBUG:colcon.colcon_installed_package_information.package_discovery:Found 4 installed packages in /home/robotpi/ws_lidar/install
[0.410s] DEBUG:colcon.colcon_installed_package_information.package_discovery:Found 295 installed packages in /opt/ros/jazzy
[0.412s] Level 1:colcon.colcon_core.package_discovery:discover_packages(prefix_path) using defaults
[0.493s] Level 5:colcon.colcon_core.verb:set package 'mpu9250driver' build argument 'cmake_args' from command line to 'None'
[0.493s] Level 5:colcon.colcon_core.verb:set package 'mpu9250driver' build argument 'cmake_target' from command line to 'None'
[0.493s] Level 5:colcon.colcon_core.verb:set package 'mpu9250driver' build argument 'cmake_target_skip_unavailable' from command line to 'False'
[0.493s] Level 5:colcon.colcon_core.verb:set package 'mpu9250driver' build argument 'cmake_clean_cache' from command line to 'False'
[0.493s] Level 5:colcon.colcon_core.verb:set package 'mpu9250driver' build argument 'cmake_clean_first' from command line to 'False'
[0.493s] Level 5:colcon.colcon_core.verb:set package 'mpu9250driver' build argument 'cmake_force_configure' from command line to 'False'
[0.493s] Level 5:colcon.colcon_core.verb:set package 'mpu9250driver' build argument 'ament_cmake_args' from command line to 'None'
[0.493s] Level 5:colcon.colcon_core.verb:set package 'mpu9250driver' build argument 'catkin_cmake_args' from command line to 'None'
[0.493s] Level 5:colcon.colcon_core.verb:set package 'mpu9250driver' build argument 'catkin_skip_building_tests' from command line to 'False'
[0.493s] DEBUG:colcon.colcon_core.verb:Building package 'mpu9250driver' with the following arguments: {'ament_cmake_args': None, 'build_base': '/home/robotpi/ws_lidar/build/mpu9250driver', 'catkin_cmake_args': None, 'catkin_skip_building_tests': False, 'cmake_args': None, 'cmake_clean_cache': False, 'cmake_clean_first': False, 'cmake_force_configure': False, 'cmake_target': None, 'cmake_target_skip_unavailable': False, 'install_base': '/home/robotpi/ws_lidar/install/mpu9250driver', 'merge_install': False, 'path': '/home/robotpi/ws_lidar/src/ros2_mpu9250_driver', 'symlink_install': False, 'test_result_base': None}
[0.494s] INFO:colcon.colcon_core.executor:Executing jobs using 'parallel' executor
[0.495s] DEBUG:colcon.colcon_parallel_executor.executor.parallel:run_until_complete
[0.496s] INFO:colcon.colcon_ros.task.ament_cmake.build:Building ROS package in '/home/robotpi/ws_lidar/src/ros2_mpu9250_driver' with build type 'ament_cmake'
[0.496s] INFO:colcon.colcon_cmake.task.cmake.build:Building CMake package in '/home/robotpi/ws_lidar/src/ros2_mpu9250_driver'
[0.502s] INFO:colcon.colcon_core.plugin_system:Skipping extension 'colcon_core.shell.bat': Not used on non-Windows systems
[0.502s] INFO:colcon.colcon_core.shell:Skip shell extension 'powershell' for command environment: Not usable outside of PowerShell
[0.502s] DEBUG:colcon.colcon_core.shell:Skip shell extension 'dsv' for command environment
[0.523s] DEBUG:colcon.colcon_core.event_handler.log_command:Invoking command in '/home/robotpi/ws_lidar/build/mpu9250driver': CMAKE_PREFIX_PATH=${CMAKE_PREFIX_PATH}:/home/robotpi/ws_lidar/install/imu_lidar_sensor_fusion:/opt/ros/jazzy DEBUGINFOD_URLS=https://debuginfod.ubuntu.com /usr/bin/cmake --build /home/robotpi/ws_lidar/build/mpu9250driver -- -j4 -l4
[15.995s] DEBUG:colcon.colcon_core.event_handler.log_command:Invoked command in '/home/robotpi/ws_lidar/build/mpu9250driver' returned '0': CMAKE_PREFIX_PATH=${CMAKE_PREFIX_PATH}:/home/robotpi/ws_lidar/install/imu_lidar_sensor_fusion:/opt/ros/jazzy DEBUGINFOD_URLS=https://debuginfod.ubuntu.com /usr/bin/cmake --build /home/robotpi/ws_lidar/build/mpu9250driver -- -j4 -l4
[16.027s] DEBUG:colcon.colcon_core.event_handler.log_command:Invoking command in '/home/robotpi/ws_lidar/build/mpu9250driver': CMAKE_PREFIX_PATH=${CMAKE_PREFIX_PATH}:/home/robotpi/ws_lidar/install/imu_lidar_sensor_fusion:/opt/ros/jazzy DEBUGINFOD_URLS=https://debuginfod.ubuntu.com /usr/bin/cmake --install /home/robotpi/ws_lidar/build/mpu9250driver
[16.066s] Level 1:colcon.colcon_core.environment:create_environment_scripts_only(mpu9250driver)
[16.067s] DEBUG:colcon.colcon_core.event_handler.log_command:Invoked command in '/home/robotpi/ws_lidar/build/mpu9250driver' returned '0': CMAKE_PREFIX_PATH=${CMAKE_PREFIX_PATH}:/home/robotpi/ws_lidar/install/imu_lidar_sensor_fusion:/opt/ros/jazzy DEBUGINFOD_URLS=https://debuginfod.ubuntu.com /usr/bin/cmake --install /home/robotpi/ws_lidar/build/mpu9250driver
[16.074s] Level 1:colcon.colcon_core.environment:checking '/home/robotpi/ws_lidar/install/mpu9250driver' for CMake module files
[16.075s] Level 1:colcon.colcon_core.environment:checking '/home/robotpi/ws_lidar/install/mpu9250driver' for CMake config files
[16.075s] Level 1:colcon.colcon_core.shell:create_environment_hook('mpu9250driver', 'cmake_prefix_path')
[16.075s] INFO:colcon.colcon_core.shell:Creating environment hook '/home/robotpi/ws_lidar/install/mpu9250driver/share/mpu9250driver/hook/cmake_prefix_path.ps1'
[16.085s] INFO:colcon.colcon_core.shell:Creating environment descriptor '/home/robotpi/ws_lidar/install/mpu9250driver/share/mpu9250driver/hook/cmake_prefix_path.dsv'
[16.086s] INFO:colcon.colcon_core.shell:Creating environment hook '/home/robotpi/ws_lidar/install/mpu9250driver/share/mpu9250driver/hook/cmake_prefix_path.sh'
[16.091s] Level 1:colcon.colcon_core.environment:checking '/home/robotpi/ws_lidar/install/mpu9250driver/lib'
[16.091s] Level 1:colcon.colcon_core.environment:checking '/home/robotpi/ws_lidar/install/mpu9250driver/bin'
[16.092s] Level 1:colcon.colcon_core.environment:checking '/home/robotpi/ws_lidar/install/mpu9250driver/lib/pkgconfig/mpu9250driver.pc'
[16.092s] Level 1:colcon.colcon_core.environment:checking '/home/robotpi/ws_lidar/install/mpu9250driver/lib/python3.12/site-packages'
[16.093s] Level 1:colcon.colcon_core.environment:checking '/home/robotpi/ws_lidar/install/mpu9250driver/bin'
[16.093s] INFO:colcon.colcon_core.shell:Creating package script '/home/robotpi/ws_lidar/install/mpu9250driver/share/mpu9250driver/package.ps1'
[16.094s] INFO:colcon.colcon_core.shell:Creating package descriptor '/home/robotpi/ws_lidar/install/mpu9250driver/share/mpu9250driver/package.dsv'
[16.095s] INFO:colcon.colcon_core.shell:Creating package script '/home/robotpi/ws_lidar/install/mpu9250driver/share/mpu9250driver/package.sh'
[16.097s] INFO:colcon.colcon_core.shell:Creating package script '/home/robotpi/ws_lidar/install/mpu9250driver/share/mpu9250driver/package.bash'
[16.099s] INFO:colcon.colcon_core.shell:Creating package script '/home/robotpi/ws_lidar/install/mpu9250driver/share/mpu9250driver/package.zsh'
[16.100s] Level 1:colcon.colcon_core.environment:create_file_with_runtime_dependencies(/home/robotpi/ws_lidar/install/mpu9250driver/share/colcon-core/packages/mpu9250driver)
[16.102s] Level 1:colcon.colcon_core.environment:create_environment_scripts_only(mpu9250driver)
[16.102s] Level 1:colcon.colcon_core.environment:checking '/home/robotpi/ws_lidar/install/mpu9250driver' for CMake module files
[16.103s] Level 1:colcon.colcon_core.environment:checking '/home/robotpi/ws_lidar/install/mpu9250driver' for CMake config files
[16.104s] Level 1:colcon.colcon_core.shell:create_environment_hook('mpu9250driver', 'cmake_prefix_path')
[16.104s] INFO:colcon.colcon_core.shell:Creating environment hook '/home/robotpi/ws_lidar/install/mpu9250driver/share/mpu9250driver/hook/cmake_prefix_path.ps1'
[16.105s] INFO:colcon.colcon_core.shell:Creating environment descriptor '/home/robotpi/ws_lidar/install/mpu9250driver/share/mpu9250driver/hook/cmake_prefix_path.dsv'
[16.105s] INFO:colcon.colcon_core.shell:Creating environment hook '/home/robotpi/ws_lidar/install/mpu9250driver/share/mpu9250driver/hook/cmake_prefix_path.sh'
[16.106s] Level 1:colcon.colcon_core.environment:checking '/home/robotpi/ws_lidar/install/mpu9250driver/lib'
[16.107s] Level 1:colcon.colcon_core.environment:checking '/home/robotpi/ws_lidar/install/mpu9250driver/bin'
[16.107s] Level 1:colcon.colcon_core.environment:checking '/home/robotpi/ws_lidar/install/mpu9250driver/lib/pkgconfig/mpu9250driver.pc'
[16.107s] Level 1:colcon.colcon_core.environment:checking '/home/robotpi/ws_lidar/install/mpu9250driver/lib/python3.12/site-packages'
[16.107s] Level 1:colcon.colcon_core.environment:checking '/home/robotpi/ws_lidar/install/mpu9250driver/bin'
[16.108s] INFO:colcon.colcon_core.shell:Creating package script '/home/robotpi/ws_lidar/install/mpu9250driver/share/mpu9250driver/package.ps1'
[16.108s] INFO:colcon.colcon_core.shell:Creating package descriptor '/home/robotpi/ws_lidar/install/mpu9250driver/share/mpu9250driver/package.dsv'
[16.109s] INFO:colcon.colcon_core.shell:Creating package script '/home/robotpi/ws_lidar/install/mpu9250driver/share/mpu9250driver/package.sh'
[16.110s] INFO:colcon.colcon_core.shell:Creating package script '/home/robotpi/ws_lidar/install/mpu9250driver/share/mpu9250driver/package.bash'
[16.111s] INFO:colcon.colcon_core.shell:Creating package script '/home/robotpi/ws_lidar/install/mpu9250driver/share/mpu9250driver/package.zsh'
[16.112s] Level 1:colcon.colcon_core.environment:create_file_with_runtime_dependencies(/home/robotpi/ws_lidar/install/mpu9250driver/share/colcon-core/packages/mpu9250driver)
[16.115s] DEBUG:colcon.colcon_parallel_executor.executor.parallel:closing loop
[16.116s] DEBUG:colcon.colcon_parallel_executor.executor.parallel:loop closed
[16.116s] DEBUG:colcon.colcon_parallel_executor.executor.parallel:run_until_complete finished with '0'
[16.116s] DEBUG:colcon.colcon_core.event_reactor:joining thread
[16.128s] INFO:colcon.colcon_core.plugin_system:Skipping extension 'colcon_notification.desktop_notification.terminal_notifier': Not used on non-Darwin systems
[16.129s] INFO:colcon.colcon_core.plugin_system:Skipping extension 'colcon_notification.desktop_notification.win32': Not used on non-Windows systems
[16.129s] INFO:colcon.colcon_notification.desktop_notification:Sending desktop notification using 'notify2'
[16.169s] DEBUG:colcon.colcon_core.event_reactor:joined thread
[16.170s] INFO:colcon.colcon_core.shell:Creating prefix script '/home/robotpi/ws_lidar/install/local_setup.ps1'
[16.172s] INFO:colcon.colcon_core.shell:Creating prefix util module '/home/robotpi/ws_lidar/install/_local_setup_util_ps1.py'
[16.174s] INFO:colcon.colcon_core.shell:Creating prefix chain script '/home/robotpi/ws_lidar/install/setup.ps1'
[16.176s] INFO:colcon.colcon_core.shell:Creating prefix script '/home/robotpi/ws_lidar/install/local_setup.sh'
[16.179s] INFO:colcon.colcon_core.shell:Creating prefix util module '/home/robotpi/ws_lidar/install/_local_setup_util_sh.py'
[16.183s] INFO:colcon.colcon_core.shell:Creating prefix chain script '/home/robotpi/ws_lidar/install/setup.sh'
[16.185s] INFO:colcon.colcon_core.shell:Creating prefix script '/home/robotpi/ws_lidar/install/local_setup.bash'
[16.186s] INFO:colcon.colcon_core.shell:Creating prefix chain script '/home/robotpi/ws_lidar/install/setup.bash'
[16.187s] INFO:colcon.colcon_core.shell:Creating prefix script '/home/robotpi/ws_lidar/install/local_setup.zsh'
[16.191s] INFO:colcon.colcon_core.shell:Creating prefix chain script '/home/robotpi/ws_lidar/install/setup.zsh'
