[0.257s] DEBUG:colcon:Command line arguments: ['/usr/bin/colcon', 'build']
[0.257s] DEBUG:colcon:Parsed command line arguments: Namespace(log_base=None, log_level=None, verb_name='build', build_base='build', install_base='install', merge_install=False, symlink_install=False, test_result_base=None, continue_on_error=False, executor='parallel', parallel_workers=4, event_handlers=None, ignore_user_meta=False, metas=['./colcon.meta'], base_paths=['.'], packages_ignore=None, packages_ignore_regex=None, paths=None, packages_up_to=None, packages_up_to_regex=None, packages_above=None, packages_above_and_dependencies=None, packages_above_depth=None, packages_select_by_dep=None, packages_skip_by_dep=None, packages_skip_up_to=None, packages_select_build_failed=False, packages_skip_build_finished=False, packages_select_test_failures=False, packages_skip_test_passed=False, packages_select=None, packages_skip=None, packages_select_regex=None, packages_skip_regex=None, packages_start=None, packages_end=None, allow_overriding=[], cmake_args=None, cmake_target=None, cmake_target_skip_unavailable=False, cmake_clean_cache=False, cmake_clean_first=False, cmake_force_configure=False, ament_cmake_args=None, catkin_cmake_args=None, catkin_skip_building_tests=False, mixin_files=None, mixin=None, verb_parser=<colcon_mixin.mixin.mixin_argument.MixinArgumentDecorator object at 0xffff97c93ad0>, verb_extension=<colcon_core.verb.build.BuildVerb object at 0xffff97e47830>, main=<bound method BuildVerb.main of <colcon_core.verb.build.BuildVerb object at 0xffff97e47830>>, mixin_verb=('build',))
[0.349s] Level 1:colcon.colcon_core.package_discovery:discover_packages(colcon_meta) check parameters
[0.349s] Level 1:colcon.colcon_core.package_discovery:discover_packages(recursive) check parameters
[0.349s] Level 1:colcon.colcon_core.package_discovery:discover_packages(ignore) check parameters
[0.349s] Level 1:colcon.colcon_core.package_discovery:discover_packages(path) check parameters
[0.349s] Level 1:colcon.colcon_core.package_discovery:discover_packages(colcon_meta) discover
[0.349s] Level 1:colcon.colcon_core.package_discovery:discover_packages(recursive) discover
[0.349s] INFO:colcon.colcon_core.package_discovery:Crawling recursively for packages in '/home/robotpi/ws_lidar'
[0.350s] Level 1:colcon.colcon_core.package_identification:_identify(.) by extensions ['ignore', 'ignore_ament_install']
[0.350s] Level 1:colcon.colcon_core.package_identification:_identify(.) by extension 'ignore'
[0.350s] Level 1:colcon.colcon_core.package_identification:_identify(.) by extension 'ignore_ament_install'
[0.350s] Level 1:colcon.colcon_core.package_identification:_identify(.) by extensions ['colcon_pkg']
[0.350s] Level 1:colcon.colcon_core.package_identification:_identify(.) by extension 'colcon_pkg'
[0.350s] Level 1:colcon.colcon_core.package_identification:_identify(.) by extensions ['colcon_meta']
[0.350s] Level 1:colcon.colcon_core.package_identification:_identify(.) by extension 'colcon_meta'
[0.350s] Level 1:colcon.colcon_core.package_identification:_identify(.) by extensions ['ros']
[0.350s] Level 1:colcon.colcon_core.package_identification:_identify(.) by extension 'ros'
[0.410s] Level 1:colcon.colcon_core.package_identification:_identify(.) by extensions ['cmake', 'python']
[0.410s] Level 1:colcon.colcon_core.package_identification:_identify(.) by extension 'cmake'
[0.410s] Level 1:colcon.colcon_core.package_identification:_identify(.) by extension 'python'
[0.411s] Level 1:colcon.colcon_core.package_identification:_identify(.) by extensions ['python_setup_py']
[0.411s] Level 1:colcon.colcon_core.package_identification:_identify(.) by extension 'python_setup_py'
[0.411s] Level 1:colcon.colcon_core.package_identification:_identify(build) by extensions ['ignore', 'ignore_ament_install']
[0.411s] Level 1:colcon.colcon_core.package_identification:_identify(build) by extension 'ignore'
[0.411s] Level 1:colcon.colcon_core.package_identification:_identify(build) ignored
[0.411s] Level 1:colcon.colcon_core.package_identification:_identify(install) by extensions ['ignore', 'ignore_ament_install']
[0.412s] Level 1:colcon.colcon_core.package_identification:_identify(install) by extension 'ignore'
[0.412s] Level 1:colcon.colcon_core.package_identification:_identify(install) ignored
[0.412s] Level 1:colcon.colcon_core.package_identification:_identify(log) by extensions ['ignore', 'ignore_ament_install']
[0.412s] Level 1:colcon.colcon_core.package_identification:_identify(log) by extension 'ignore'
[0.412s] Level 1:colcon.colcon_core.package_identification:_identify(log) ignored
[0.412s] Level 1:colcon.colcon_core.package_identification:_identify(src) by extensions ['ignore', 'ignore_ament_install']
[0.412s] Level 1:colcon.colcon_core.package_identification:_identify(src) by extension 'ignore'
[0.412s] Level 1:colcon.colcon_core.package_identification:_identify(src) by extension 'ignore_ament_install'
[0.412s] Level 1:colcon.colcon_core.package_identification:_identify(src) by extensions ['colcon_pkg']
[0.412s] Level 1:colcon.colcon_core.package_identification:_identify(src) by extension 'colcon_pkg'
[0.412s] Level 1:colcon.colcon_core.package_identification:_identify(src) by extensions ['colcon_meta']
[0.412s] Level 1:colcon.colcon_core.package_identification:_identify(src) by extension 'colcon_meta'
[0.412s] Level 1:colcon.colcon_core.package_identification:_identify(src) by extensions ['ros']
[0.412s] Level 1:colcon.colcon_core.package_identification:_identify(src) by extension 'ros'
[0.413s] Level 1:colcon.colcon_core.package_identification:_identify(src) by extensions ['cmake', 'python']
[0.413s] Level 1:colcon.colcon_core.package_identification:_identify(src) by extension 'cmake'
[0.413s] Level 1:colcon.colcon_core.package_identification:_identify(src) by extension 'python'
[0.413s] Level 1:colcon.colcon_core.package_identification:_identify(src) by extensions ['python_setup_py']
[0.413s] Level 1:colcon.colcon_core.package_identification:_identify(src) by extension 'python_setup_py'
[0.413s] Level 1:colcon.colcon_core.package_identification:_identify(src/build) by extensions ['ignore', 'ignore_ament_install']
[0.413s] Level 1:colcon.colcon_core.package_identification:_identify(src/build) by extension 'ignore'
[0.413s] Level 1:colcon.colcon_core.package_identification:_identify(src/build) ignored
[0.413s] Level 1:colcon.colcon_core.package_identification:_identify(src/imu_lidar_sensor_fusion) by extensions ['ignore', 'ignore_ament_install']
[0.413s] Level 1:colcon.colcon_core.package_identification:_identify(src/imu_lidar_sensor_fusion) by extension 'ignore'
[0.413s] Level 1:colcon.colcon_core.package_identification:_identify(src/imu_lidar_sensor_fusion) by extension 'ignore_ament_install'
[0.413s] Level 1:colcon.colcon_core.package_identification:_identify(src/imu_lidar_sensor_fusion) by extensions ['colcon_pkg']
[0.413s] Level 1:colcon.colcon_core.package_identification:_identify(src/imu_lidar_sensor_fusion) by extension 'colcon_pkg'
[0.413s] Level 1:colcon.colcon_core.package_identification:_identify(src/imu_lidar_sensor_fusion) by extensions ['colcon_meta']
[0.413s] Level 1:colcon.colcon_core.package_identification:_identify(src/imu_lidar_sensor_fusion) by extension 'colcon_meta'
[0.413s] Level 1:colcon.colcon_core.package_identification:_identify(src/imu_lidar_sensor_fusion) by extensions ['ros']
[0.414s] Level 1:colcon.colcon_core.package_identification:_identify(src/imu_lidar_sensor_fusion) by extension 'ros'
[0.420s] DEBUG:colcon.colcon_core.package_identification:Package 'src/imu_lidar_sensor_fusion' with type 'ros.ament_python' and name 'imu_lidar_sensor_fusion'
[0.421s] Level 1:colcon.colcon_core.package_identification:_identify(src/install) by extensions ['ignore', 'ignore_ament_install']
[0.421s] Level 1:colcon.colcon_core.package_identification:_identify(src/install) by extension 'ignore'
[0.421s] Level 1:colcon.colcon_core.package_identification:_identify(src/install) ignored
[0.421s] Level 1:colcon.colcon_core.package_identification:_identify(src/log) by extensions ['ignore', 'ignore_ament_install']
[0.421s] Level 1:colcon.colcon_core.package_identification:_identify(src/log) by extension 'ignore'
[0.421s] Level 1:colcon.colcon_core.package_identification:_identify(src/log) ignored
[0.421s] Level 1:colcon.colcon_core.package_identification:_identify(src/ros2_mpu6050_driver) by extensions ['ignore', 'ignore_ament_install']
[0.422s] Level 1:colcon.colcon_core.package_identification:_identify(src/ros2_mpu6050_driver) by extension 'ignore'
[0.422s] Level 1:colcon.colcon_core.package_identification:_identify(src/ros2_mpu6050_driver) by extension 'ignore_ament_install'
[0.422s] Level 1:colcon.colcon_core.package_identification:_identify(src/ros2_mpu6050_driver) by extensions ['colcon_pkg']
[0.422s] Level 1:colcon.colcon_core.package_identification:_identify(src/ros2_mpu6050_driver) by extension 'colcon_pkg'
[0.422s] Level 1:colcon.colcon_core.package_identification:_identify(src/ros2_mpu6050_driver) by extensions ['colcon_meta']
[0.422s] Level 1:colcon.colcon_core.package_identification:_identify(src/ros2_mpu6050_driver) by extension 'colcon_meta'
[0.422s] Level 1:colcon.colcon_core.package_identification:_identify(src/ros2_mpu6050_driver) by extensions ['ros']
[0.422s] Level 1:colcon.colcon_core.package_identification:_identify(src/ros2_mpu6050_driver) by extension 'ros'
[0.423s] DEBUG:colcon.colcon_core.package_identification:Package 'src/ros2_mpu6050_driver' with type 'ros.ament_cmake' and name 'mpu6050driver'
[0.423s] Level 1:colcon.colcon_core.package_identification:_identify(src/rplidar_ros) by extensions ['ignore', 'ignore_ament_install']
[0.424s] Level 1:colcon.colcon_core.package_identification:_identify(src/rplidar_ros) by extension 'ignore'
[0.424s] Level 1:colcon.colcon_core.package_identification:_identify(src/rplidar_ros) by extension 'ignore_ament_install'
[0.424s] Level 1:colcon.colcon_core.package_identification:_identify(src/rplidar_ros) by extensions ['colcon_pkg']
[0.424s] Level 1:colcon.colcon_core.package_identification:_identify(src/rplidar_ros) by extension 'colcon_pkg'
[0.424s] Level 1:colcon.colcon_core.package_identification:_identify(src/rplidar_ros) by extensions ['colcon_meta']
[0.424s] Level 1:colcon.colcon_core.package_identification:_identify(src/rplidar_ros) by extension 'colcon_meta'
[0.424s] Level 1:colcon.colcon_core.package_identification:_identify(src/rplidar_ros) by extensions ['ros']
[0.424s] Level 1:colcon.colcon_core.package_identification:_identify(src/rplidar_ros) by extension 'ros'
[0.425s] DEBUG:colcon.colcon_core.package_identification:Package 'src/rplidar_ros' with type 'ros.ament_cmake' and name 'rplidar_ros'
[0.425s] Level 1:colcon.colcon_core.package_discovery:discover_packages(recursive) using defaults
[0.425s] Level 1:colcon.colcon_core.package_discovery:discover_packages(ignore) discover
[0.425s] Level 1:colcon.colcon_core.package_discovery:discover_packages(ignore) using defaults
[0.425s] Level 1:colcon.colcon_core.package_discovery:discover_packages(path) discover
[0.425s] Level 1:colcon.colcon_core.package_discovery:discover_packages(path) using defaults
[0.461s] Level 1:colcon.colcon_core.package_discovery:discover_packages(prefix_path) check parameters
[0.461s] Level 1:colcon.colcon_core.package_discovery:discover_packages(prefix_path) discover
[0.464s] DEBUG:colcon.colcon_installed_package_information.package_discovery:Found 3 installed packages in /home/robotpi/ws_lidar/install
[0.466s] DEBUG:colcon.colcon_installed_package_information.package_discovery:Found 295 installed packages in /opt/ros/jazzy
[0.471s] Level 1:colcon.colcon_core.package_discovery:discover_packages(prefix_path) using defaults
[0.556s] Level 5:colcon.colcon_core.verb:set package 'imu_lidar_sensor_fusion' build argument 'cmake_args' from command line to 'None'
[0.556s] Level 5:colcon.colcon_core.verb:set package 'imu_lidar_sensor_fusion' build argument 'cmake_target' from command line to 'None'
[0.556s] Level 5:colcon.colcon_core.verb:set package 'imu_lidar_sensor_fusion' build argument 'cmake_target_skip_unavailable' from command line to 'False'
[0.556s] Level 5:colcon.colcon_core.verb:set package 'imu_lidar_sensor_fusion' build argument 'cmake_clean_cache' from command line to 'False'
[0.556s] Level 5:colcon.colcon_core.verb:set package 'imu_lidar_sensor_fusion' build argument 'cmake_clean_first' from command line to 'False'
[0.556s] Level 5:colcon.colcon_core.verb:set package 'imu_lidar_sensor_fusion' build argument 'cmake_force_configure' from command line to 'False'
[0.556s] Level 5:colcon.colcon_core.verb:set package 'imu_lidar_sensor_fusion' build argument 'ament_cmake_args' from command line to 'None'
[0.556s] Level 5:colcon.colcon_core.verb:set package 'imu_lidar_sensor_fusion' build argument 'catkin_cmake_args' from command line to 'None'
[0.556s] Level 5:colcon.colcon_core.verb:set package 'imu_lidar_sensor_fusion' build argument 'catkin_skip_building_tests' from command line to 'False'
[0.556s] DEBUG:colcon.colcon_core.verb:Building package 'imu_lidar_sensor_fusion' with the following arguments: {'ament_cmake_args': None, 'build_base': '/home/robotpi/ws_lidar/build/imu_lidar_sensor_fusion', 'catkin_cmake_args': None, 'catkin_skip_building_tests': False, 'cmake_args': None, 'cmake_clean_cache': False, 'cmake_clean_first': False, 'cmake_force_configure': False, 'cmake_target': None, 'cmake_target_skip_unavailable': False, 'install_base': '/home/robotpi/ws_lidar/install/imu_lidar_sensor_fusion', 'merge_install': False, 'path': '/home/robotpi/ws_lidar/src/imu_lidar_sensor_fusion', 'symlink_install': False, 'test_result_base': None}
[0.556s] Level 5:colcon.colcon_core.verb:set package 'mpu6050driver' build argument 'cmake_args' from command line to 'None'
[0.556s] Level 5:colcon.colcon_core.verb:set package 'mpu6050driver' build argument 'cmake_target' from command line to 'None'
[0.557s] Level 5:colcon.colcon_core.verb:set package 'mpu6050driver' build argument 'cmake_target_skip_unavailable' from command line to 'False'
[0.557s] Level 5:colcon.colcon_core.verb:set package 'mpu6050driver' build argument 'cmake_clean_cache' from command line to 'False'
[0.557s] Level 5:colcon.colcon_core.verb:set package 'mpu6050driver' build argument 'cmake_clean_first' from command line to 'False'
[0.557s] Level 5:colcon.colcon_core.verb:set package 'mpu6050driver' build argument 'cmake_force_configure' from command line to 'False'
[0.557s] Level 5:colcon.colcon_core.verb:set package 'mpu6050driver' build argument 'ament_cmake_args' from command line to 'None'
[0.557s] Level 5:colcon.colcon_core.verb:set package 'mpu6050driver' build argument 'catkin_cmake_args' from command line to 'None'
[0.557s] Level 5:colcon.colcon_core.verb:set package 'mpu6050driver' build argument 'catkin_skip_building_tests' from command line to 'False'
[0.557s] DEBUG:colcon.colcon_core.verb:Building package 'mpu6050driver' with the following arguments: {'ament_cmake_args': None, 'build_base': '/home/robotpi/ws_lidar/build/mpu6050driver', 'catkin_cmake_args': None, 'catkin_skip_building_tests': False, 'cmake_args': None, 'cmake_clean_cache': False, 'cmake_clean_first': False, 'cmake_force_configure': False, 'cmake_target': None, 'cmake_target_skip_unavailable': False, 'install_base': '/home/robotpi/ws_lidar/install/mpu6050driver', 'merge_install': False, 'path': '/home/robotpi/ws_lidar/src/ros2_mpu6050_driver', 'symlink_install': False, 'test_result_base': None}
[0.557s] Level 5:colcon.colcon_core.verb:set package 'rplidar_ros' build argument 'cmake_args' from command line to 'None'
[0.557s] Level 5:colcon.colcon_core.verb:set package 'rplidar_ros' build argument 'cmake_target' from command line to 'None'
[0.557s] Level 5:colcon.colcon_core.verb:set package 'rplidar_ros' build argument 'cmake_target_skip_unavailable' from command line to 'False'
[0.557s] Level 5:colcon.colcon_core.verb:set package 'rplidar_ros' build argument 'cmake_clean_cache' from command line to 'False'
[0.557s] Level 5:colcon.colcon_core.verb:set package 'rplidar_ros' build argument 'cmake_clean_first' from command line to 'False'
[0.557s] Level 5:colcon.colcon_core.verb:set package 'rplidar_ros' build argument 'cmake_force_configure' from command line to 'False'
[0.557s] Level 5:colcon.colcon_core.verb:set package 'rplidar_ros' build argument 'ament_cmake_args' from command line to 'None'
[0.557s] Level 5:colcon.colcon_core.verb:set package 'rplidar_ros' build argument 'catkin_cmake_args' from command line to 'None'
[0.557s] Level 5:colcon.colcon_core.verb:set package 'rplidar_ros' build argument 'catkin_skip_building_tests' from command line to 'False'
[0.557s] DEBUG:colcon.colcon_core.verb:Building package 'rplidar_ros' with the following arguments: {'ament_cmake_args': None, 'build_base': '/home/robotpi/ws_lidar/build/rplidar_ros', 'catkin_cmake_args': None, 'catkin_skip_building_tests': False, 'cmake_args': None, 'cmake_clean_cache': False, 'cmake_clean_first': False, 'cmake_force_configure': False, 'cmake_target': None, 'cmake_target_skip_unavailable': False, 'install_base': '/home/robotpi/ws_lidar/install/rplidar_ros', 'merge_install': False, 'path': '/home/robotpi/ws_lidar/src/rplidar_ros', 'symlink_install': False, 'test_result_base': None}
[0.557s] INFO:colcon.colcon_core.executor:Executing jobs using 'parallel' executor
[0.559s] DEBUG:colcon.colcon_parallel_executor.executor.parallel:run_until_complete
[0.559s] INFO:colcon.colcon_ros.task.ament_python.build:Building ROS package in '/home/robotpi/ws_lidar/src/imu_lidar_sensor_fusion' with build type 'ament_python'
[0.559s] Level 1:colcon.colcon_core.shell:create_environment_hook('imu_lidar_sensor_fusion', 'ament_prefix_path')
[0.563s] INFO:colcon.colcon_core.plugin_system:Skipping extension 'colcon_core.shell.bat': Not used on non-Windows systems
[0.564s] INFO:colcon.colcon_core.shell:Creating environment hook '/home/robotpi/ws_lidar/install/imu_lidar_sensor_fusion/share/imu_lidar_sensor_fusion/hook/ament_prefix_path.ps1'
[0.566s] INFO:colcon.colcon_core.shell:Creating environment descriptor '/home/robotpi/ws_lidar/install/imu_lidar_sensor_fusion/share/imu_lidar_sensor_fusion/hook/ament_prefix_path.dsv'
[0.570s] INFO:colcon.colcon_core.shell:Creating environment hook '/home/robotpi/ws_lidar/install/imu_lidar_sensor_fusion/share/imu_lidar_sensor_fusion/hook/ament_prefix_path.sh'
[0.574s] INFO:colcon.colcon_core.shell:Skip shell extension 'powershell' for command environment: Not usable outside of PowerShell
[0.574s] DEBUG:colcon.colcon_core.shell:Skip shell extension 'dsv' for command environment
[0.584s] INFO:colcon.colcon_ros.task.ament_cmake.build:Building ROS package in '/home/robotpi/ws_lidar/src/ros2_mpu6050_driver' with build type 'ament_cmake'
[0.584s] INFO:colcon.colcon_cmake.task.cmake.build:Building CMake package in '/home/robotpi/ws_lidar/src/ros2_mpu6050_driver'
[0.586s] INFO:colcon.colcon_core.shell:Skip shell extension 'powershell' for command environment: Not usable outside of PowerShell
[0.586s] DEBUG:colcon.colcon_core.shell:Skip shell extension 'dsv' for command environment
[0.593s] INFO:colcon.colcon_ros.task.ament_cmake.build:Building ROS package in '/home/robotpi/ws_lidar/src/rplidar_ros' with build type 'ament_cmake'
[0.593s] INFO:colcon.colcon_cmake.task.cmake.build:Building CMake package in '/home/robotpi/ws_lidar/src/rplidar_ros'
[0.593s] INFO:colcon.colcon_core.shell:Skip shell extension 'powershell' for command environment: Not usable outside of PowerShell
[0.593s] DEBUG:colcon.colcon_core.shell:Skip shell extension 'dsv' for command environment
[1.196s] INFO:colcon.colcon_core.task.python.build:Building Python package in '/home/robotpi/ws_lidar/src/imu_lidar_sensor_fusion'
[1.196s] INFO:colcon.colcon_core.shell:Skip shell extension 'powershell' for command environment: Not usable outside of PowerShell
[1.197s] DEBUG:colcon.colcon_core.shell:Skip shell extension 'dsv' for command environment
[1.223s] DEBUG:colcon.colcon_core.event_handler.log_command:Invoking command in '/home/robotpi/ws_lidar/build/mpu6050driver': CMAKE_PREFIX_PATH=${CMAKE_PREFIX_PATH}:/home/robotpi/ws_lidar/install/imu_lidar_sensor_fusion:/opt/ros/jazzy DEBUGINFOD_URLS=https://debuginfod.ubuntu.com /usr/bin/cmake --build /home/robotpi/ws_lidar/build/mpu6050driver -- -j4 -l4
[1.230s] DEBUG:colcon.colcon_core.event_handler.log_command:Invoking command in '/home/robotpi/ws_lidar/build/rplidar_ros': CMAKE_PREFIX_PATH=${CMAKE_PREFIX_PATH}:/home/robotpi/ws_lidar/install/imu_lidar_sensor_fusion:/opt/ros/jazzy DEBUGINFOD_URLS=https://debuginfod.ubuntu.com /usr/bin/cmake --build /home/robotpi/ws_lidar/build/rplidar_ros -- -j4 -l4
[1.595s] DEBUG:colcon.colcon_core.event_handler.log_command:Invoked command in '/home/robotpi/ws_lidar/build/mpu6050driver' returned '0': CMAKE_PREFIX_PATH=${CMAKE_PREFIX_PATH}:/home/robotpi/ws_lidar/install/imu_lidar_sensor_fusion:/opt/ros/jazzy DEBUGINFOD_URLS=https://debuginfod.ubuntu.com /usr/bin/cmake --build /home/robotpi/ws_lidar/build/mpu6050driver -- -j4 -l4
[1.664s] DEBUG:colcon.colcon_core.event_handler.log_command:Invoking command in '/home/robotpi/ws_lidar/build/mpu6050driver': CMAKE_PREFIX_PATH=${CMAKE_PREFIX_PATH}:/home/robotpi/ws_lidar/install/imu_lidar_sensor_fusion:/opt/ros/jazzy DEBUGINFOD_URLS=https://debuginfod.ubuntu.com /usr/bin/cmake --install /home/robotpi/ws_lidar/build/mpu6050driver
[1.803s] Level 1:colcon.colcon_core.environment:create_environment_scripts_only(mpu6050driver)
[1.808s] DEBUG:colcon.colcon_core.event_handler.log_command:Invoked command in '/home/robotpi/ws_lidar/build/mpu6050driver' returned '0': CMAKE_PREFIX_PATH=${CMAKE_PREFIX_PATH}:/home/robotpi/ws_lidar/install/imu_lidar_sensor_fusion:/opt/ros/jazzy DEBUGINFOD_URLS=https://debuginfod.ubuntu.com /usr/bin/cmake --install /home/robotpi/ws_lidar/build/mpu6050driver
[1.819s] Level 1:colcon.colcon_core.environment:checking '/home/robotpi/ws_lidar/install/mpu6050driver' for CMake module files
[1.822s] Level 1:colcon.colcon_core.environment:checking '/home/robotpi/ws_lidar/install/mpu6050driver' for CMake config files
[1.825s] Level 1:colcon.colcon_core.shell:create_environment_hook('mpu6050driver', 'cmake_prefix_path')
[1.826s] INFO:colcon.colcon_core.shell:Creating environment hook '/home/robotpi/ws_lidar/install/mpu6050driver/share/mpu6050driver/hook/cmake_prefix_path.ps1'
[1.827s] INFO:colcon.colcon_core.shell:Creating environment descriptor '/home/robotpi/ws_lidar/install/mpu6050driver/share/mpu6050driver/hook/cmake_prefix_path.dsv'
[1.831s] INFO:colcon.colcon_core.shell:Creating environment hook '/home/robotpi/ws_lidar/install/mpu6050driver/share/mpu6050driver/hook/cmake_prefix_path.sh'
[1.834s] Level 1:colcon.colcon_core.environment:checking '/home/robotpi/ws_lidar/install/mpu6050driver/lib'
[1.837s] Level 1:colcon.colcon_core.environment:checking '/home/robotpi/ws_lidar/install/mpu6050driver/bin'
[1.838s] Level 1:colcon.colcon_core.environment:checking '/home/robotpi/ws_lidar/install/mpu6050driver/lib/pkgconfig/mpu6050driver.pc'
[1.842s] Level 1:colcon.colcon_core.environment:checking '/home/robotpi/ws_lidar/install/mpu6050driver/lib/python3.12/site-packages'
[1.842s] Level 1:colcon.colcon_core.environment:checking '/home/robotpi/ws_lidar/install/mpu6050driver/bin'
[1.844s] INFO:colcon.colcon_core.shell:Creating package script '/home/robotpi/ws_lidar/install/mpu6050driver/share/mpu6050driver/package.ps1'
[1.849s] INFO:colcon.colcon_core.shell:Creating package descriptor '/home/robotpi/ws_lidar/install/mpu6050driver/share/mpu6050driver/package.dsv'
[1.852s] INFO:colcon.colcon_core.shell:Creating package script '/home/robotpi/ws_lidar/install/mpu6050driver/share/mpu6050driver/package.sh'
[1.857s] INFO:colcon.colcon_core.shell:Creating package script '/home/robotpi/ws_lidar/install/mpu6050driver/share/mpu6050driver/package.bash'
[1.862s] INFO:colcon.colcon_core.shell:Creating package script '/home/robotpi/ws_lidar/install/mpu6050driver/share/mpu6050driver/package.zsh'
[1.868s] Level 1:colcon.colcon_core.environment:create_file_with_runtime_dependencies(/home/robotpi/ws_lidar/install/mpu6050driver/share/colcon-core/packages/mpu6050driver)
[1.875s] Level 1:colcon.colcon_core.environment:create_environment_scripts_only(mpu6050driver)
[1.879s] Level 1:colcon.colcon_core.environment:checking '/home/robotpi/ws_lidar/install/mpu6050driver' for CMake module files
[1.884s] Level 1:colcon.colcon_core.environment:checking '/home/robotpi/ws_lidar/install/mpu6050driver' for CMake config files
[1.885s] Level 1:colcon.colcon_core.shell:create_environment_hook('mpu6050driver', 'cmake_prefix_path')
[1.890s] INFO:colcon.colcon_core.shell:Creating environment hook '/home/robotpi/ws_lidar/install/mpu6050driver/share/mpu6050driver/hook/cmake_prefix_path.ps1'
[1.892s] INFO:colcon.colcon_core.shell:Creating environment descriptor '/home/robotpi/ws_lidar/install/mpu6050driver/share/mpu6050driver/hook/cmake_prefix_path.dsv'
[1.897s] INFO:colcon.colcon_core.shell:Creating environment hook '/home/robotpi/ws_lidar/install/mpu6050driver/share/mpu6050driver/hook/cmake_prefix_path.sh'
[1.899s] Level 1:colcon.colcon_core.environment:checking '/home/robotpi/ws_lidar/install/mpu6050driver/lib'
[1.899s] Level 1:colcon.colcon_core.environment:checking '/home/robotpi/ws_lidar/install/mpu6050driver/bin'
[1.899s] Level 1:colcon.colcon_core.environment:checking '/home/robotpi/ws_lidar/install/mpu6050driver/lib/pkgconfig/mpu6050driver.pc'
[1.901s] Level 1:colcon.colcon_core.environment:checking '/home/robotpi/ws_lidar/install/mpu6050driver/lib/python3.12/site-packages'
[1.902s] Level 1:colcon.colcon_core.environment:checking '/home/robotpi/ws_lidar/install/mpu6050driver/bin'
[1.904s] INFO:colcon.colcon_core.shell:Creating package script '/home/robotpi/ws_lidar/install/mpu6050driver/share/mpu6050driver/package.ps1'
[1.907s] INFO:colcon.colcon_core.shell:Creating package descriptor '/home/robotpi/ws_lidar/install/mpu6050driver/share/mpu6050driver/package.dsv'
[1.912s] INFO:colcon.colcon_core.shell:Creating package script '/home/robotpi/ws_lidar/install/mpu6050driver/share/mpu6050driver/package.sh'
[1.917s] INFO:colcon.colcon_core.shell:Creating package script '/home/robotpi/ws_lidar/install/mpu6050driver/share/mpu6050driver/package.bash'
[1.921s] INFO:colcon.colcon_core.shell:Creating package script '/home/robotpi/ws_lidar/install/mpu6050driver/share/mpu6050driver/package.zsh'
[1.923s] Level 1:colcon.colcon_core.environment:create_file_with_runtime_dependencies(/home/robotpi/ws_lidar/install/mpu6050driver/share/colcon-core/packages/mpu6050driver)
[1.944s] DEBUG:colcon.colcon_core.event_handler.log_command:Invoked command in '/home/robotpi/ws_lidar/build/rplidar_ros' returned '0': CMAKE_PREFIX_PATH=${CMAKE_PREFIX_PATH}:/home/robotpi/ws_lidar/install/imu_lidar_sensor_fusion:/opt/ros/jazzy DEBUGINFOD_URLS=https://debuginfod.ubuntu.com /usr/bin/cmake --build /home/robotpi/ws_lidar/build/rplidar_ros -- -j4 -l4
[1.948s] DEBUG:colcon.colcon_core.event_handler.log_command:Invoking command in '/home/robotpi/ws_lidar/build/rplidar_ros': CMAKE_PREFIX_PATH=${CMAKE_PREFIX_PATH}:/home/robotpi/ws_lidar/install/imu_lidar_sensor_fusion:/opt/ros/jazzy DEBUGINFOD_URLS=https://debuginfod.ubuntu.com /usr/bin/cmake --install /home/robotpi/ws_lidar/build/rplidar_ros
[2.029s] Level 1:colcon.colcon_core.environment:create_environment_scripts_only(rplidar_ros)
[2.029s] Level 1:colcon.colcon_core.environment:checking '/home/robotpi/ws_lidar/install/rplidar_ros' for CMake module files
[2.030s] Level 1:colcon.colcon_core.environment:checking '/home/robotpi/ws_lidar/install/rplidar_ros' for CMake config files
[2.029s] DEBUG:colcon.colcon_core.event_handler.log_command:Invoked command in '/home/robotpi/ws_lidar/build/rplidar_ros' returned '0': CMAKE_PREFIX_PATH=${CMAKE_PREFIX_PATH}:/home/robotpi/ws_lidar/install/imu_lidar_sensor_fusion:/opt/ros/jazzy DEBUGINFOD_URLS=https://debuginfod.ubuntu.com /usr/bin/cmake --install /home/robotpi/ws_lidar/build/rplidar_ros
[2.032s] Level 1:colcon.colcon_core.shell:create_environment_hook('rplidar_ros', 'cmake_prefix_path')
[2.032s] INFO:colcon.colcon_core.shell:Creating environment hook '/home/robotpi/ws_lidar/install/rplidar_ros/share/rplidar_ros/hook/cmake_prefix_path.ps1'
[2.034s] INFO:colcon.colcon_core.shell:Creating environment descriptor '/home/robotpi/ws_lidar/install/rplidar_ros/share/rplidar_ros/hook/cmake_prefix_path.dsv'
[2.037s] INFO:colcon.colcon_core.shell:Creating environment hook '/home/robotpi/ws_lidar/install/rplidar_ros/share/rplidar_ros/hook/cmake_prefix_path.sh'
[2.039s] Level 1:colcon.colcon_core.environment:checking '/home/robotpi/ws_lidar/install/rplidar_ros/lib'
[2.040s] Level 1:colcon.colcon_core.environment:checking '/home/robotpi/ws_lidar/install/rplidar_ros/bin'
[2.041s] Level 1:colcon.colcon_core.environment:checking '/home/robotpi/ws_lidar/install/rplidar_ros/lib/pkgconfig/rplidar_ros.pc'
[2.042s] Level 1:colcon.colcon_core.environment:checking '/home/robotpi/ws_lidar/install/rplidar_ros/lib/python3.12/site-packages'
[2.043s] Level 1:colcon.colcon_core.environment:checking '/home/robotpi/ws_lidar/install/rplidar_ros/bin'
[2.045s] INFO:colcon.colcon_core.shell:Creating package script '/home/robotpi/ws_lidar/install/rplidar_ros/share/rplidar_ros/package.ps1'
[2.046s] INFO:colcon.colcon_core.shell:Creating package descriptor '/home/robotpi/ws_lidar/install/rplidar_ros/share/rplidar_ros/package.dsv'
[2.047s] INFO:colcon.colcon_core.shell:Creating package script '/home/robotpi/ws_lidar/install/rplidar_ros/share/rplidar_ros/package.sh'
[2.050s] INFO:colcon.colcon_core.shell:Creating package script '/home/robotpi/ws_lidar/install/rplidar_ros/share/rplidar_ros/package.bash'
[2.051s] INFO:colcon.colcon_core.shell:Creating package script '/home/robotpi/ws_lidar/install/rplidar_ros/share/rplidar_ros/package.zsh'
[2.052s] Level 1:colcon.colcon_core.environment:create_file_with_runtime_dependencies(/home/robotpi/ws_lidar/install/rplidar_ros/share/colcon-core/packages/rplidar_ros)
[2.054s] Level 1:colcon.colcon_core.environment:create_environment_scripts_only(rplidar_ros)
[2.055s] Level 1:colcon.colcon_core.environment:checking '/home/robotpi/ws_lidar/install/rplidar_ros' for CMake module files
[2.056s] Level 1:colcon.colcon_core.environment:checking '/home/robotpi/ws_lidar/install/rplidar_ros' for CMake config files
[2.057s] Level 1:colcon.colcon_core.shell:create_environment_hook('rplidar_ros', 'cmake_prefix_path')
[2.058s] INFO:colcon.colcon_core.shell:Creating environment hook '/home/robotpi/ws_lidar/install/rplidar_ros/share/rplidar_ros/hook/cmake_prefix_path.ps1'
[2.059s] INFO:colcon.colcon_core.shell:Creating environment descriptor '/home/robotpi/ws_lidar/install/rplidar_ros/share/rplidar_ros/hook/cmake_prefix_path.dsv'
[2.063s] INFO:colcon.colcon_core.shell:Creating environment hook '/home/robotpi/ws_lidar/install/rplidar_ros/share/rplidar_ros/hook/cmake_prefix_path.sh'
[2.064s] Level 1:colcon.colcon_core.environment:checking '/home/robotpi/ws_lidar/install/rplidar_ros/lib'
[2.065s] Level 1:colcon.colcon_core.environment:checking '/home/robotpi/ws_lidar/install/rplidar_ros/bin'
[2.065s] Level 1:colcon.colcon_core.environment:checking '/home/robotpi/ws_lidar/install/rplidar_ros/lib/pkgconfig/rplidar_ros.pc'
[2.066s] Level 1:colcon.colcon_core.environment:checking '/home/robotpi/ws_lidar/install/rplidar_ros/lib/python3.12/site-packages'
[2.066s] Level 1:colcon.colcon_core.environment:checking '/home/robotpi/ws_lidar/install/rplidar_ros/bin'
[2.067s] INFO:colcon.colcon_core.shell:Creating package script '/home/robotpi/ws_lidar/install/rplidar_ros/share/rplidar_ros/package.ps1'
[2.070s] INFO:colcon.colcon_core.shell:Creating package descriptor '/home/robotpi/ws_lidar/install/rplidar_ros/share/rplidar_ros/package.dsv'
[2.072s] INFO:colcon.colcon_core.shell:Creating package script '/home/robotpi/ws_lidar/install/rplidar_ros/share/rplidar_ros/package.sh'
[2.076s] INFO:colcon.colcon_core.shell:Creating package script '/home/robotpi/ws_lidar/install/rplidar_ros/share/rplidar_ros/package.bash'
[2.077s] INFO:colcon.colcon_core.shell:Creating package script '/home/robotpi/ws_lidar/install/rplidar_ros/share/rplidar_ros/package.zsh'
[2.078s] Level 1:colcon.colcon_core.environment:create_file_with_runtime_dependencies(/home/robotpi/ws_lidar/install/rplidar_ros/share/colcon-core/packages/rplidar_ros)
[2.977s] DEBUG:colcon.colcon_core.event_handler.log_command:Invoking command in '/home/robotpi/ws_lidar/src/imu_lidar_sensor_fusion': DEBUGINFOD_URLS=https://debuginfod.ubuntu.com PYTHONPATH=/home/robotpi/ws_lidar/build/imu_lidar_sensor_fusion/prefix_override:/usr/lib/python3/dist-packages/colcon_core/task/python/colcon_distutils_commands:/home/robotpi/ws_lidar/install/imu_lidar_sensor_fusion/lib/python3.12/site-packages:${PYTHONPATH} /usr/bin/python3 -W ignore:setup.py install is deprecated -W ignore:easy_install command is deprecated setup.py egg_info --egg-base ../../build/imu_lidar_sensor_fusion build --build-base /home/robotpi/ws_lidar/build/imu_lidar_sensor_fusion/build install --record /home/robotpi/ws_lidar/build/imu_lidar_sensor_fusion/install.log --single-version-externally-managed install_data
[4.162s] Level 1:colcon.colcon_core.environment:checking '/home/robotpi/ws_lidar/install/imu_lidar_sensor_fusion' for CMake module files
[4.162s] DEBUG:colcon.colcon_core.event_handler.log_command:Invoked command in '/home/robotpi/ws_lidar/src/imu_lidar_sensor_fusion' returned '0': DEBUGINFOD_URLS=https://debuginfod.ubuntu.com PYTHONPATH=/home/robotpi/ws_lidar/build/imu_lidar_sensor_fusion/prefix_override:/usr/lib/python3/dist-packages/colcon_core/task/python/colcon_distutils_commands:/home/robotpi/ws_lidar/install/imu_lidar_sensor_fusion/lib/python3.12/site-packages:${PYTHONPATH} /usr/bin/python3 -W ignore:setup.py install is deprecated -W ignore:easy_install command is deprecated setup.py egg_info --egg-base ../../build/imu_lidar_sensor_fusion build --build-base /home/robotpi/ws_lidar/build/imu_lidar_sensor_fusion/build install --record /home/robotpi/ws_lidar/build/imu_lidar_sensor_fusion/install.log --single-version-externally-managed install_data
[4.166s] Level 1:colcon.colcon_core.environment:checking '/home/robotpi/ws_lidar/install/imu_lidar_sensor_fusion' for CMake config files
[4.167s] Level 1:colcon.colcon_core.environment:checking '/home/robotpi/ws_lidar/install/imu_lidar_sensor_fusion/lib'
[4.167s] Level 1:colcon.colcon_core.environment:checking '/home/robotpi/ws_lidar/install/imu_lidar_sensor_fusion/bin'
[4.167s] Level 1:colcon.colcon_core.environment:checking '/home/robotpi/ws_lidar/install/imu_lidar_sensor_fusion/lib/pkgconfig/imu_lidar_sensor_fusion.pc'
[4.168s] Level 1:colcon.colcon_core.environment:checking '/home/robotpi/ws_lidar/install/imu_lidar_sensor_fusion/lib/python3.12/site-packages'
[4.168s] Level 1:colcon.colcon_core.shell:create_environment_hook('imu_lidar_sensor_fusion', 'pythonpath')
[4.168s] INFO:colcon.colcon_core.shell:Creating environment hook '/home/robotpi/ws_lidar/install/imu_lidar_sensor_fusion/share/imu_lidar_sensor_fusion/hook/pythonpath.ps1'
[4.169s] INFO:colcon.colcon_core.shell:Creating environment descriptor '/home/robotpi/ws_lidar/install/imu_lidar_sensor_fusion/share/imu_lidar_sensor_fusion/hook/pythonpath.dsv'
[4.172s] INFO:colcon.colcon_core.shell:Creating environment hook '/home/robotpi/ws_lidar/install/imu_lidar_sensor_fusion/share/imu_lidar_sensor_fusion/hook/pythonpath.sh'
[4.174s] Level 1:colcon.colcon_core.environment:checking '/home/robotpi/ws_lidar/install/imu_lidar_sensor_fusion/bin'
[4.174s] Level 1:colcon.colcon_core.environment:create_environment_scripts_only(imu_lidar_sensor_fusion)
[4.175s] INFO:colcon.colcon_core.shell:Creating package script '/home/robotpi/ws_lidar/install/imu_lidar_sensor_fusion/share/imu_lidar_sensor_fusion/package.ps1'
[4.176s] INFO:colcon.colcon_core.shell:Creating package descriptor '/home/robotpi/ws_lidar/install/imu_lidar_sensor_fusion/share/imu_lidar_sensor_fusion/package.dsv'
[4.178s] INFO:colcon.colcon_core.shell:Creating package script '/home/robotpi/ws_lidar/install/imu_lidar_sensor_fusion/share/imu_lidar_sensor_fusion/package.sh'
[4.179s] INFO:colcon.colcon_core.shell:Creating package script '/home/robotpi/ws_lidar/install/imu_lidar_sensor_fusion/share/imu_lidar_sensor_fusion/package.bash'
[4.180s] INFO:colcon.colcon_core.shell:Creating package script '/home/robotpi/ws_lidar/install/imu_lidar_sensor_fusion/share/imu_lidar_sensor_fusion/package.zsh'
[4.181s] Level 1:colcon.colcon_core.environment:create_file_with_runtime_dependencies(/home/robotpi/ws_lidar/install/imu_lidar_sensor_fusion/share/colcon-core/packages/imu_lidar_sensor_fusion)
[4.182s] DEBUG:colcon.colcon_parallel_executor.executor.parallel:closing loop
[4.182s] DEBUG:colcon.colcon_parallel_executor.executor.parallel:loop closed
[4.183s] DEBUG:colcon.colcon_parallel_executor.executor.parallel:run_until_complete finished with '0'
[4.183s] DEBUG:colcon.colcon_core.event_reactor:joining thread
[4.199s] INFO:colcon.colcon_core.plugin_system:Skipping extension 'colcon_notification.desktop_notification.terminal_notifier': Not used on non-Darwin systems
[4.200s] INFO:colcon.colcon_core.plugin_system:Skipping extension 'colcon_notification.desktop_notification.win32': Not used on non-Windows systems
[4.200s] INFO:colcon.colcon_notification.desktop_notification:Sending desktop notification using 'notify2'
[4.243s] DEBUG:colcon.colcon_core.event_reactor:joined thread
[4.245s] INFO:colcon.colcon_core.shell:Creating prefix script '/home/robotpi/ws_lidar/install/local_setup.ps1'
[4.247s] INFO:colcon.colcon_core.shell:Creating prefix util module '/home/robotpi/ws_lidar/install/_local_setup_util_ps1.py'
[4.256s] INFO:colcon.colcon_core.shell:Creating prefix chain script '/home/robotpi/ws_lidar/install/setup.ps1'
[4.258s] INFO:colcon.colcon_core.shell:Creating prefix script '/home/robotpi/ws_lidar/install/local_setup.sh'
[4.260s] INFO:colcon.colcon_core.shell:Creating prefix util module '/home/robotpi/ws_lidar/install/_local_setup_util_sh.py'
[4.263s] INFO:colcon.colcon_core.shell:Creating prefix chain script '/home/robotpi/ws_lidar/install/setup.sh'
[4.265s] INFO:colcon.colcon_core.shell:Creating prefix script '/home/robotpi/ws_lidar/install/local_setup.bash'
[4.269s] INFO:colcon.colcon_core.shell:Creating prefix chain script '/home/robotpi/ws_lidar/install/setup.bash'
[4.306s] INFO:colcon.colcon_core.shell:Creating prefix script '/home/robotpi/ws_lidar/install/local_setup.zsh'
[4.308s] INFO:colcon.colcon_core.shell:Creating prefix chain script '/home/robotpi/ws_lidar/install/setup.zsh'
