[0.632s] Invoking command in '/home/robotpi/ws_lidar/build/rplidar_ros': CMAKE_PREFIX_PATH=${CMAKE_PREFIX_PATH}:/home/robotpi/ws_lidar/install/imu_lidar_sensor_fusion:/opt/ros/jazzy DEBUGINFOD_URLS=https://debuginfod.ubuntu.com /usr/bin/cmake --build /home/robotpi/ws_lidar/build/rplidar_ros -- -j4 -l4
[1.009s] [ 47%] Built target rplidar_node
[1.196s] [ 52%] Built target rplidar_client
[1.296s] [100%] Built target rplidar_composition
[1.346s] Invoked command in '/home/robotpi/ws_lidar/build/rplidar_ros' returned '0': CMAKE_PREFIX_PATH=${CMAKE_PREFIX_PATH}:/home/robotpi/ws_lidar/install/imu_lidar_sensor_fusion:/opt/ros/jazzy DEBUGINFOD_URLS=https://debuginfod.ubuntu.com /usr/bin/cmake --build /home/robotpi/ws_lidar/build/rplidar_ros -- -j4 -l4
[1.351s] Invoking command in '/home/robotpi/ws_lidar/build/rplidar_ros': CMAKE_PREFIX_PATH=${CMAKE_PREFIX_PATH}:/home/robotpi/ws_lidar/install/imu_lidar_sensor_fusion:/opt/ros/jazzy DEBUGINFOD_URLS=https://debuginfod.ubuntu.com /usr/bin/cmake --install /home/robotpi/ws_lidar/build/rplidar_ros
[1.371s] -- Install configuration: ""
[1.374s] -- Execute custom install script
[1.375s] -- Up-to-date symlink: /home/robotpi/ws_lidar/install/rplidar_ros/share/rplidar_ros/launch/rplidar_a1_launch.py
[1.376s] -- Up-to-date symlink: /home/robotpi/ws_lidar/install/rplidar_ros/share/rplidar_ros/launch/rplidar_a2m12_launch.py
[1.376s] -- Up-to-date symlink: /home/robotpi/ws_lidar/install/rplidar_ros/share/rplidar_ros/launch/rplidar_a2m7_launch.py
[1.377s] -- Up-to-date symlink: /home/robotpi/ws_lidar/install/rplidar_ros/share/rplidar_ros/launch/rplidar_a2m8_launch.py
[1.378s] -- Up-to-date symlink: /home/robotpi/ws_lidar/install/rplidar_ros/share/rplidar_ros/launch/rplidar_a3_launch.py
[1.379s] -- Up-to-date symlink: /home/robotpi/ws_lidar/install/rplidar_ros/share/rplidar_ros/launch/rplidar_c1_launch.py
[1.380s] -- Up-to-date symlink: /home/robotpi/ws_lidar/install/rplidar_ros/share/rplidar_ros/launch/rplidar_s1_launch.py
[1.380s] -- Up-to-date symlink: /home/robotpi/ws_lidar/install/rplidar_ros/share/rplidar_ros/launch/rplidar_s1_tcp_launch.py
[1.381s] -- Up-to-date symlink: /home/robotpi/ws_lidar/install/rplidar_ros/share/rplidar_ros/launch/rplidar_s2_launch.py
[1.382s] -- Up-to-date symlink: /home/robotpi/ws_lidar/install/rplidar_ros/share/rplidar_ros/launch/rplidar_s2e_launch.py
[1.383s] -- Up-to-date symlink: /home/robotpi/ws_lidar/install/rplidar_ros/share/rplidar_ros/launch/rplidar_s3_launch.py
[1.383s] -- Up-to-date symlink: /home/robotpi/ws_lidar/install/rplidar_ros/share/rplidar_ros/launch/rplidar_t1_launch.py
[1.384s] -- Up-to-date symlink: /home/robotpi/ws_lidar/install/rplidar_ros/share/rplidar_ros/launch/view_rplidar_a1_launch.py
[1.384s] -- Up-to-date symlink: /home/robotpi/ws_lidar/install/rplidar_ros/share/rplidar_ros/launch/view_rplidar_a2m12_launch.py
[1.384s] -- Up-to-date symlink: /home/robotpi/ws_lidar/install/rplidar_ros/share/rplidar_ros/launch/view_rplidar_a2m7_launch.py
[1.384s] -- Up-to-date symlink: /home/robotpi/ws_lidar/install/rplidar_ros/share/rplidar_ros/launch/view_rplidar_a2m8_launch.py
[1.385s] -- Up-to-date symlink: /home/robotpi/ws_lidar/install/rplidar_ros/share/rplidar_ros/launch/view_rplidar_a3_launch.py
[1.385s] -- Up-to-date symlink: /home/robotpi/ws_lidar/install/rplidar_ros/share/rplidar_ros/launch/view_rplidar_c1_launch.py
[1.386s] -- Up-to-date symlink: /home/robotpi/ws_lidar/install/rplidar_ros/share/rplidar_ros/launch/view_rplidar_s1_launch.py
[1.386s] -- Up-to-date symlink: /home/robotpi/ws_lidar/install/rplidar_ros/share/rplidar_ros/launch/view_rplidar_s1_tcp_launch.py
[1.387s] -- Up-to-date symlink: /home/robotpi/ws_lidar/install/rplidar_ros/share/rplidar_ros/launch/view_rplidar_s2_launch.py
[1.388s] -- Up-to-date symlink: /home/robotpi/ws_lidar/install/rplidar_ros/share/rplidar_ros/launch/view_rplidar_s2e_launch.py
[1.388s] -- Up-to-date symlink: /home/robotpi/ws_lidar/install/rplidar_ros/share/rplidar_ros/launch/view_rplidar_s3_launch.py
[1.389s] -- Up-to-date symlink: /home/robotpi/ws_lidar/install/rplidar_ros/share/rplidar_ros/launch/view_rplidar_t1_launch.py
[1.389s] -- Up-to-date symlink: /home/robotpi/ws_lidar/install/rplidar_ros/share/rplidar_ros/rviz/rplidar_ros.rviz
[1.390s] -- Up-to-date symlink: /home/robotpi/ws_lidar/install/rplidar_ros/lib/rplidar_ros/rplidar_node
[1.391s] -- Up-to-date symlink: /home/robotpi/ws_lidar/install/rplidar_ros/lib/rplidar_ros/rplidar_composition
[1.392s] -- Up-to-date symlink: /home/robotpi/ws_lidar/install/rplidar_ros/lib/rplidar_ros/rplidar_client
[1.392s] -- Up-to-date symlink: /home/robotpi/ws_lidar/install/rplidar_ros/share/ament_index/resource_index/package_run_dependencies/rplidar_ros
[1.393s] -- Up-to-date symlink: /home/robotpi/ws_lidar/install/rplidar_ros/share/ament_index/resource_index/parent_prefix_path/rplidar_ros
[1.393s] -- Up-to-date symlink: /home/robotpi/ws_lidar/install/rplidar_ros/share/rplidar_ros/environment/ament_prefix_path.sh
[1.394s] -- Up-to-date symlink: /home/robotpi/ws_lidar/install/rplidar_ros/share/rplidar_ros/environment/ament_prefix_path.dsv
[1.394s] -- Up-to-date symlink: /home/robotpi/ws_lidar/install/rplidar_ros/share/rplidar_ros/environment/path.sh
[1.395s] -- Up-to-date symlink: /home/robotpi/ws_lidar/install/rplidar_ros/share/rplidar_ros/environment/path.dsv
[1.395s] -- Up-to-date symlink: /home/robotpi/ws_lidar/install/rplidar_ros/share/rplidar_ros/local_setup.bash
[1.396s] -- Up-to-date symlink: /home/robotpi/ws_lidar/install/rplidar_ros/share/rplidar_ros/local_setup.sh
[1.396s] -- Up-to-date symlink: /home/robotpi/ws_lidar/install/rplidar_ros/share/rplidar_ros/local_setup.zsh
[1.397s] -- Up-to-date symlink: /home/robotpi/ws_lidar/install/rplidar_ros/share/rplidar_ros/local_setup.dsv
[1.397s] -- Symlinking: /home/robotpi/ws_lidar/install/rplidar_ros/share/rplidar_ros/package.dsv
[1.425s] -- Up-to-date symlink: /home/robotpi/ws_lidar/install/rplidar_ros/share/ament_index/resource_index/packages/rplidar_ros
[1.426s] -- Up-to-date symlink: /home/robotpi/ws_lidar/install/rplidar_ros/share/rplidar_ros/cmake/ament_cmake_export_dependencies-extras.cmake
[1.426s] -- Up-to-date symlink: /home/robotpi/ws_lidar/install/rplidar_ros/share/rplidar_ros/cmake/ament_cmake_export_include_directories-extras.cmake
[1.426s] -- Up-to-date symlink: /home/robotpi/ws_lidar/install/rplidar_ros/share/rplidar_ros/cmake/rplidar_rosConfig.cmake
[1.427s] -- Up-to-date symlink: /home/robotpi/ws_lidar/install/rplidar_ros/share/rplidar_ros/cmake/rplidar_rosConfig-version.cmake
[1.427s] -- Up-to-date symlink: /home/robotpi/ws_lidar/install/rplidar_ros/share/rplidar_ros/package.xml
[1.432s] Invoked command in '/home/robotpi/ws_lidar/build/rplidar_ros' returned '0': CMAKE_PREFIX_PATH=${CMAKE_PREFIX_PATH}:/home/robotpi/ws_lidar/install/imu_lidar_sensor_fusion:/opt/ros/jazzy DEBUGINFOD_URLS=https://debuginfod.ubuntu.com /usr/bin/cmake --install /home/robotpi/ws_lidar/build/rplidar_ros
