[0.751s] Invoking command in '/home/robotpi/ws_lidar/build/mpu6050driver': CMAKE_PREFIX_PATH=${CMAKE_PREFIX_PATH}:/home/robotpi/ws_lidar/install/imu_lidar_sensor_fusion:/opt/ros/jazzy DEBUGINFOD_URLS=https://debuginfod.ubuntu.com /usr/bin/cmake --build /home/robotpi/ws_lidar/build/mpu6050driver -- -j4 -l4
[1.273s] [100%] Built target mpu6050driver
[1.346s] Invoked command in '/home/robotpi/ws_lidar/build/mpu6050driver' returned '0': CMAKE_PREFIX_PATH=${CMAKE_PREFIX_PATH}:/home/robotpi/ws_lidar/install/imu_lidar_sensor_fusion:/opt/ros/jazzy DEBUGINFOD_URLS=https://debuginfod.ubuntu.com /usr/bin/cmake --build /home/robotpi/ws_lidar/build/mpu6050driver -- -j4 -l4
[1.393s] Invoking command in '/home/robotpi/ws_lidar/build/mpu6050driver': CMAKE_PREFIX_PATH=${CMAKE_PREFIX_PATH}:/home/robotpi/ws_lidar/install/imu_lidar_sensor_fusion:/opt/ros/jazzy DEBUGINFOD_URLS=https://debuginfod.ubuntu.com /usr/bin/cmake --install /home/robotpi/ws_lidar/build/mpu6050driver
[1.459s] -- Install configuration: ""
[1.459s] -- Up-to-date: /home/robotpi/ws_lidar/install/mpu6050driver/lib/mpu6050driver/mpu6050driver
[1.460s] -- Up-to-date: /home/robotpi/ws_lidar/install/mpu6050driver/share/mpu6050driver//launch
[1.460s] -- Up-to-date: /home/robotpi/ws_lidar/install/mpu6050driver/share/mpu6050driver//launch/mpu6050driver_launch.py
[1.461s] -- Up-to-date: /home/robotpi/ws_lidar/install/mpu6050driver/share/mpu6050driver//params
[1.464s] -- Up-to-date: /home/robotpi/ws_lidar/install/mpu6050driver/share/mpu6050driver//params/mpu6050.yaml
[1.468s] -- Up-to-date: /home/robotpi/ws_lidar/install/mpu6050driver/share/ament_index/resource_index/package_run_dependencies/mpu6050driver
[1.472s] -- Up-to-date: /home/robotpi/ws_lidar/install/mpu6050driver/share/ament_index/resource_index/parent_prefix_path/mpu6050driver
[1.475s] -- Up-to-date: /home/robotpi/ws_lidar/install/mpu6050driver/share/mpu6050driver/environment/ament_prefix_path.sh
[1.476s] -- Up-to-date: /home/robotpi/ws_lidar/install/mpu6050driver/share/mpu6050driver/environment/ament_prefix_path.dsv
[1.478s] -- Up-to-date: /home/robotpi/ws_lidar/install/mpu6050driver/share/mpu6050driver/environment/path.sh
[1.480s] -- Up-to-date: /home/robotpi/ws_lidar/install/mpu6050driver/share/mpu6050driver/environment/path.dsv
[1.482s] -- Up-to-date: /home/robotpi/ws_lidar/install/mpu6050driver/share/mpu6050driver/local_setup.bash
[1.482s] -- Up-to-date: /home/robotpi/ws_lidar/install/mpu6050driver/share/mpu6050driver/local_setup.sh
[1.486s] -- Up-to-date: /home/robotpi/ws_lidar/install/mpu6050driver/share/mpu6050driver/local_setup.zsh
[1.487s] -- Up-to-date: /home/robotpi/ws_lidar/install/mpu6050driver/share/mpu6050driver/local_setup.dsv
[1.487s] -- Installing: /home/robotpi/ws_lidar/install/mpu6050driver/share/mpu6050driver/package.dsv
[1.487s] -- Up-to-date: /home/robotpi/ws_lidar/install/mpu6050driver/share/ament_index/resource_index/packages/mpu6050driver
[1.487s] -- Up-to-date: /home/robotpi/ws_lidar/install/mpu6050driver/share/mpu6050driver/cmake/mpu6050driverConfig.cmake
[1.487s] -- Up-to-date: /home/robotpi/ws_lidar/install/mpu6050driver/share/mpu6050driver/cmake/mpu6050driverConfig-version.cmake
[1.487s] -- Up-to-date: /home/robotpi/ws_lidar/install/mpu6050driver/share/mpu6050driver/package.xml
[1.498s] Invoked command in '/home/robotpi/ws_lidar/build/mpu6050driver' returned '0': CMAKE_PREFIX_PATH=${CMAKE_PREFIX_PATH}:/home/robotpi/ws_lidar/install/imu_lidar_sensor_fusion:/opt/ros/jazzy DEBUGINFOD_URLS=https://debuginfod.ubuntu.com /usr/bin/cmake --install /home/robotpi/ws_lidar/build/mpu6050driver
