[0.018s] Invoking command in '/home/robotpi/ws_lidar/build/mpu9250driver': CMAKE_PREFIX_PATH=${CMAKE_PREFIX_PATH}:/home/robotpi/ws_lidar/install/imu_lidar_sensor_fusion:/opt/ros/jazzy DEBUGINFOD_URLS=https://debuginfod.ubuntu.com /usr/bin/cmake --build /home/robotpi/ws_lidar/build/mpu9250driver -- -j4 -l4
[0.166s] [ 33%] Built target mpu9250sensor
[0.219s] [ 66%] Built target linux_i2c_communicator
[0.285s] [100%] Built target mpu9250driver
[0.316s] Invoked command in '/home/robotpi/ws_lidar/build/mpu9250driver' returned '0': CMAKE_PREFIX_PATH=${CMAKE_PREFIX_PATH}:/home/robotpi/ws_lidar/install/imu_lidar_sensor_fusion:/opt/ros/jazzy DEBUGINFOD_URLS=https://debuginfod.ubuntu.com /usr/bin/cmake --build /home/robotpi/ws_lidar/build/mpu9250driver -- -j4 -l4
[0.339s] Invoking command in '/home/robotpi/ws_lidar/build/mpu9250driver': CMAKE_PREFIX_PATH=${CMAKE_PREFIX_PATH}:/home/robotpi/ws_lidar/install/imu_lidar_sensor_fusion:/opt/ros/jazzy DEBUGINFOD_URLS=https://debuginfod.ubuntu.com /usr/bin/cmake --install /home/robotpi/ws_lidar/build/mpu9250driver
[0.363s] -- Install configuration: ""
[0.365s] -- Up-to-date: /home/robotpi/ws_lidar/install/mpu9250driver/lib/mpu9250driver/mpu9250driver
[0.365s] -- Up-to-date: /home/robotpi/ws_lidar/install/mpu9250driver/share/mpu9250driver//launch
[0.365s] -- Up-to-date: /home/robotpi/ws_lidar/install/mpu9250driver/share/mpu9250driver//launch/mpu9250driver_launch.py
[0.365s] -- Up-to-date: /home/robotpi/ws_lidar/install/mpu9250driver/share/mpu9250driver//params
[0.365s] -- Up-to-date: /home/robotpi/ws_lidar/install/mpu9250driver/share/mpu9250driver//params/mpu9250.yaml
[0.365s] -- Up-to-date: /home/robotpi/ws_lidar/install/mpu9250driver/share/ament_index/resource_index/package_run_dependencies/mpu9250driver
[0.366s] -- Up-to-date: /home/robotpi/ws_lidar/install/mpu9250driver/share/ament_index/resource_index/parent_prefix_path/mpu9250driver
[0.366s] -- Up-to-date: /home/robotpi/ws_lidar/install/mpu9250driver/share/mpu9250driver/environment/ament_prefix_path.sh
[0.366s] -- Up-to-date: /home/robotpi/ws_lidar/install/mpu9250driver/share/mpu9250driver/environment/ament_prefix_path.dsv
[0.366s] -- Up-to-date: /home/robotpi/ws_lidar/install/mpu9250driver/share/mpu9250driver/environment/path.sh
[0.366s] -- Up-to-date: /home/robotpi/ws_lidar/install/mpu9250driver/share/mpu9250driver/environment/path.dsv
[0.366s] -- Up-to-date: /home/robotpi/ws_lidar/install/mpu9250driver/share/mpu9250driver/local_setup.bash
[0.366s] -- Up-to-date: /home/robotpi/ws_lidar/install/mpu9250driver/share/mpu9250driver/local_setup.sh
[0.366s] -- Up-to-date: /home/robotpi/ws_lidar/install/mpu9250driver/share/mpu9250driver/local_setup.zsh
[0.366s] -- Up-to-date: /home/robotpi/ws_lidar/install/mpu9250driver/share/mpu9250driver/local_setup.dsv
[0.366s] -- Installing: /home/robotpi/ws_lidar/install/mpu9250driver/share/mpu9250driver/package.dsv
[0.367s] -- Up-to-date: /home/robotpi/ws_lidar/install/mpu9250driver/share/ament_index/resource_index/packages/mpu9250driver
[0.367s] -- Up-to-date: /home/robotpi/ws_lidar/install/mpu9250driver/share/mpu9250driver/cmake/mpu9250driverConfig.cmake
[0.367s] -- Up-to-date: /home/robotpi/ws_lidar/install/mpu9250driver/share/mpu9250driver/cmake/mpu9250driverConfig-version.cmake
[0.367s] -- Up-to-date: /home/robotpi/ws_lidar/install/mpu9250driver/share/mpu9250driver/package.xml
[0.372s] Invoked command in '/home/robotpi/ws_lidar/build/mpu9250driver' returned '0': CMAKE_PREFIX_PATH=${CMAKE_PREFIX_PATH}:/home/robotpi/ws_lidar/install/imu_lidar_sensor_fusion:/opt/ros/jazzy DEBUGINFOD_URLS=https://debuginfod.ubuntu.com /usr/bin/cmake --install /home/robotpi/ws_lidar/build/mpu9250driver
