[0.615s] Invoking command in '/home/robotpi/ws_lidar/build/rplidar_ros': CMAKE_PREFIX_PATH=${CMAKE_PREFIX_PATH}:/home/robotpi/ws_lidar/install/imu_lidar_sensor_fusion:/opt/ros/jazzy DEBUGINFOD_URLS=https://debuginfod.ubuntu.com /usr/bin/cmake /home/robotpi/ws_lidar/src/rplidar_ros -DCMAKE_INSTALL_PREFIX=/home/robotpi/ws_lidar/install/rplidar_ros
[0.779s] -- Found ament_cmake: 2.5.4 (/opt/ros/jazzy/share/ament_cmake/cmake)
[2.222s] -- Override CMake install command with custom implementation using symlinks instead of copying resources
[2.249s] -- Found rclcpp: 28.1.11 (/opt/ros/jazzy/share/rclcpp/cmake)
[2.356s] -- Found rosidl_generator_c: 4.6.6 (/opt/ros/jazzy/share/rosidl_generator_c/cmake)
[2.393s] -- Found rosidl_generator_cpp: 4.6.6 (/opt/ros/jazzy/share/rosidl_generator_cpp/cmake)
[2.421s] -- Using all available rosidl_typesupport_c: rosidl_typesupport_fastrtps_c;rosidl_typesupport_introspection_c
[2.468s] -- Using all available rosidl_typesupport_cpp: rosidl_typesupport_fastrtps_cpp;rosidl_typesupport_introspection_cpp
[2.750s] -- Found rmw_implementation_cmake: 7.3.2 (/opt/ros/jazzy/share/rmw_implementation_cmake/cmake)
[2.757s] -- Found rmw_fastrtps_cpp: 8.4.3 (/opt/ros/jazzy/share/rmw_fastrtps_cpp/cmake)
[3.049s] -- Using RMW implementation 'rmw_fastrtps_cpp' as default
[3.241s] -- Found sensor_msgs: 5.3.6 (/opt/ros/jazzy/share/sensor_msgs/cmake)
[3.395s] -- Found std_srvs: 5.3.6 (/opt/ros/jazzy/share/std_srvs/cmake)
[3.786s] -- Configuring done (3.1s)
[3.931s] -- Generating done (0.1s)
[3.972s] -- Build files have been written to: /home/robotpi/ws_lidar/build/rplidar_ros
[4.016s] Invoked command in '/home/robotpi/ws_lidar/build/rplidar_ros' returned '0': CMAKE_PREFIX_PATH=${CMAKE_PREFIX_PATH}:/home/robotpi/ws_lidar/install/imu_lidar_sensor_fusion:/opt/ros/jazzy DEBUGINFOD_URLS=https://debuginfod.ubuntu.com /usr/bin/cmake /home/robotpi/ws_lidar/src/rplidar_ros -DCMAKE_INSTALL_PREFIX=/home/robotpi/ws_lidar/install/rplidar_ros
[4.032s] Invoking command in '/home/robotpi/ws_lidar/build/rplidar_ros': CMAKE_PREFIX_PATH=${CMAKE_PREFIX_PATH}:/home/robotpi/ws_lidar/install/imu_lidar_sensor_fusion:/opt/ros/jazzy DEBUGINFOD_URLS=https://debuginfod.ubuntu.com /usr/bin/cmake --build /home/robotpi/ws_lidar/build/rplidar_ros -- -j4 -l4
[4.242s] [ 47%] Built target rplidar_node
[4.377s] [ 52%] Built target rplidar_client
[4.623s] [100%] Built target rplidar_composition
[4.730s] Invoked command in '/home/robotpi/ws_lidar/build/rplidar_ros' returned '0': CMAKE_PREFIX_PATH=${CMAKE_PREFIX_PATH}:/home/robotpi/ws_lidar/install/imu_lidar_sensor_fusion:/opt/ros/jazzy DEBUGINFOD_URLS=https://debuginfod.ubuntu.com /usr/bin/cmake --build /home/robotpi/ws_lidar/build/rplidar_ros -- -j4 -l4
[4.733s] Invoking command in '/home/robotpi/ws_lidar/build/rplidar_ros': CMAKE_PREFIX_PATH=${CMAKE_PREFIX_PATH}:/home/robotpi/ws_lidar/install/imu_lidar_sensor_fusion:/opt/ros/jazzy DEBUGINFOD_URLS=https://debuginfod.ubuntu.com /usr/bin/cmake --install /home/robotpi/ws_lidar/build/rplidar_ros
[4.776s] -- Install configuration: ""
[4.780s] -- Execute custom install script
[4.781s] -- Up-to-date symlink: /home/robotpi/ws_lidar/install/rplidar_ros/share/rplidar_ros/launch/rplidar_a1_launch.py
[4.788s] -- Up-to-date symlink: /home/robotpi/ws_lidar/install/rplidar_ros/share/rplidar_ros/launch/rplidar_a2m12_launch.py
[4.792s] -- Up-to-date symlink: /home/robotpi/ws_lidar/install/rplidar_ros/share/rplidar_ros/launch/rplidar_a2m7_launch.py
[4.793s] -- Up-to-date symlink: /home/robotpi/ws_lidar/install/rplidar_ros/share/rplidar_ros/launch/rplidar_a2m8_launch.py
[4.793s] -- Up-to-date symlink: /home/robotpi/ws_lidar/install/rplidar_ros/share/rplidar_ros/launch/rplidar_a3_launch.py
[4.794s] -- Up-to-date symlink: /home/robotpi/ws_lidar/install/rplidar_ros/share/rplidar_ros/launch/rplidar_c1_launch.py
[4.794s] -- Up-to-date symlink: /home/robotpi/ws_lidar/install/rplidar_ros/share/rplidar_ros/launch/rplidar_s1_launch.py
[4.794s] -- Up-to-date symlink: /home/robotpi/ws_lidar/install/rplidar_ros/share/rplidar_ros/launch/rplidar_s1_tcp_launch.py
[4.794s] -- Up-to-date symlink: /home/robotpi/ws_lidar/install/rplidar_ros/share/rplidar_ros/launch/rplidar_s2_launch.py
[4.797s] -- Up-to-date symlink: /home/robotpi/ws_lidar/install/rplidar_ros/share/rplidar_ros/launch/rplidar_s2e_launch.py
[4.797s] -- Up-to-date symlink: /home/robotpi/ws_lidar/install/rplidar_ros/share/rplidar_ros/launch/rplidar_s3_launch.py
[4.797s] -- Up-to-date symlink: /home/robotpi/ws_lidar/install/rplidar_ros/share/rplidar_ros/launch/rplidar_t1_launch.py
[4.798s] -- Up-to-date symlink: /home/robotpi/ws_lidar/install/rplidar_ros/share/rplidar_ros/launch/view_rplidar_a1_launch.py
[4.798s] -- Up-to-date symlink: /home/robotpi/ws_lidar/install/rplidar_ros/share/rplidar_ros/launch/view_rplidar_a2m12_launch.py
[4.798s] -- Up-to-date symlink: /home/robotpi/ws_lidar/install/rplidar_ros/share/rplidar_ros/launch/view_rplidar_a2m7_launch.py
[4.798s] -- Up-to-date symlink: /home/robotpi/ws_lidar/install/rplidar_ros/share/rplidar_ros/launch/view_rplidar_a2m8_launch.py
[4.798s] -- Up-to-date symlink: /home/robotpi/ws_lidar/install/rplidar_ros/share/rplidar_ros/launch/view_rplidar_a3_launch.py
[4.798s] -- Up-to-date symlink: /home/robotpi/ws_lidar/install/rplidar_ros/share/rplidar_ros/launch/view_rplidar_c1_launch.py
[4.798s] -- Up-to-date symlink: /home/robotpi/ws_lidar/install/rplidar_ros/share/rplidar_ros/launch/view_rplidar_s1_launch.py
[4.799s] -- Up-to-date symlink: /home/robotpi/ws_lidar/install/rplidar_ros/share/rplidar_ros/launch/view_rplidar_s1_tcp_launch.py
[4.799s] -- Up-to-date symlink: /home/robotpi/ws_lidar/install/rplidar_ros/share/rplidar_ros/launch/view_rplidar_s2_launch.py
[4.799s] -- Up-to-date symlink: /home/robotpi/ws_lidar/install/rplidar_ros/share/rplidar_ros/launch/view_rplidar_s2e_launch.py
[4.799s] -- Up-to-date symlink: /home/robotpi/ws_lidar/install/rplidar_ros/share/rplidar_ros/launch/view_rplidar_s3_launch.py
[4.804s] -- Up-to-date symlink: /home/robotpi/ws_lidar/install/rplidar_ros/share/rplidar_ros/launch/view_rplidar_t1_launch.py
[4.804s] -- Up-to-date symlink: /home/robotpi/ws_lidar/install/rplidar_ros/share/rplidar_ros/rviz/rplidar_ros.rviz
[4.804s] -- Up-to-date symlink: /home/robotpi/ws_lidar/install/rplidar_ros/lib/rplidar_ros/rplidar_node
[4.804s] -- Up-to-date symlink: /home/robotpi/ws_lidar/install/rplidar_ros/lib/rplidar_ros/rplidar_composition
[4.804s] -- Up-to-date symlink: /home/robotpi/ws_lidar/install/rplidar_ros/lib/rplidar_ros/rplidar_client
[4.805s] -- Up-to-date symlink: /home/robotpi/ws_lidar/install/rplidar_ros/share/ament_index/resource_index/package_run_dependencies/rplidar_ros
[4.805s] -- Up-to-date symlink: /home/robotpi/ws_lidar/install/rplidar_ros/share/ament_index/resource_index/parent_prefix_path/rplidar_ros
[4.806s] -- Up-to-date symlink: /home/robotpi/ws_lidar/install/rplidar_ros/share/rplidar_ros/environment/ament_prefix_path.sh
[4.807s] -- Up-to-date symlink: /home/robotpi/ws_lidar/install/rplidar_ros/share/rplidar_ros/environment/ament_prefix_path.dsv
[4.809s] -- Up-to-date symlink: /home/robotpi/ws_lidar/install/rplidar_ros/share/rplidar_ros/environment/path.sh
[4.810s] -- Up-to-date symlink: /home/robotpi/ws_lidar/install/rplidar_ros/share/rplidar_ros/environment/path.dsv
[4.816s] -- Up-to-date symlink: /home/robotpi/ws_lidar/install/rplidar_ros/share/rplidar_ros/local_setup.bash
[4.816s] -- Up-to-date symlink: /home/robotpi/ws_lidar/install/rplidar_ros/share/rplidar_ros/local_setup.sh
[4.817s] -- Up-to-date symlink: /home/robotpi/ws_lidar/install/rplidar_ros/share/rplidar_ros/local_setup.zsh
[4.817s] -- Up-to-date symlink: /home/robotpi/ws_lidar/install/rplidar_ros/share/rplidar_ros/local_setup.dsv
[4.817s] -- Symlinking: /home/robotpi/ws_lidar/install/rplidar_ros/share/rplidar_ros/package.dsv
[4.873s] -- Up-to-date symlink: /home/robotpi/ws_lidar/install/rplidar_ros/share/ament_index/resource_index/packages/rplidar_ros
[4.875s] -- Up-to-date symlink: /home/robotpi/ws_lidar/install/rplidar_ros/share/rplidar_ros/cmake/ament_cmake_export_dependencies-extras.cmake
[4.876s] -- Up-to-date symlink: /home/robotpi/ws_lidar/install/rplidar_ros/share/rplidar_ros/cmake/ament_cmake_export_include_directories-extras.cmake
[4.879s] -- Up-to-date symlink: /home/robotpi/ws_lidar/install/rplidar_ros/share/rplidar_ros/cmake/rplidar_rosConfig.cmake
[4.883s] -- Up-to-date symlink: /home/robotpi/ws_lidar/install/rplidar_ros/share/rplidar_ros/cmake/rplidar_rosConfig-version.cmake
[4.883s] -- Up-to-date symlink: /home/robotpi/ws_lidar/install/rplidar_ros/share/rplidar_ros/package.xml
[4.902s] Invoked command in '/home/robotpi/ws_lidar/build/rplidar_ros' returned '0': CMAKE_PREFIX_PATH=${CMAKE_PREFIX_PATH}:/home/robotpi/ws_lidar/install/imu_lidar_sensor_fusion:/opt/ros/jazzy DEBUGINFOD_URLS=https://debuginfod.ubuntu.com /usr/bin/cmake --install /home/robotpi/ws_lidar/build/rplidar_ros
