[0.606s] Invoking command in '/home/robotpi/ws_lidar/build/rplidar_ros': CMAKE_PREFIX_PATH=${CMAKE_PREFIX_PATH}:/home/robotpi/ws_lidar/install/imu_lidar_sensor_fusion:/opt/ros/jazzy DEBUGINFOD_URLS=https://debuginfod.ubuntu.com /usr/bin/cmake --build /home/robotpi/ws_lidar/build/rplidar_ros -- -j4 -l4
[0.928s] [ 47%] Built target rplidar_node
[1.040s] [ 52%] Built target rplidar_client
[1.194s] [100%] Built target rplidar_composition
[1.230s] Invoked command in '/home/robotpi/ws_lidar/build/rplidar_ros' returned '0': CMAKE_PREFIX_PATH=${CMAKE_PREFIX_PATH}:/home/robotpi/ws_lidar/install/imu_lidar_sensor_fusion:/opt/ros/jazzy DEBUGINFOD_URLS=https://debuginfod.ubuntu.com /usr/bin/cmake --build /home/robotpi/ws_lidar/build/rplidar_ros -- -j4 -l4
[1.239s] Invoking command in '/home/robotpi/ws_lidar/build/rplidar_ros': CMAKE_PREFIX_PATH=${CMAKE_PREFIX_PATH}:/home/robotpi/ws_lidar/install/imu_lidar_sensor_fusion:/opt/ros/jazzy DEBUGINFOD_URLS=https://debuginfod.ubuntu.com /usr/bin/cmake --install /home/robotpi/ws_lidar/build/rplidar_ros
[1.291s] -- Install configuration: ""
[1.291s] -- Execute custom install script
[1.297s] -- Up-to-date symlink: /home/robotpi/ws_lidar/install/rplidar_ros/share/rplidar_ros/launch/rplidar_a1_launch.py
[1.298s] -- Up-to-date symlink: /home/robotpi/ws_lidar/install/rplidar_ros/share/rplidar_ros/launch/rplidar_a2m12_launch.py
[1.301s] -- Up-to-date symlink: /home/robotpi/ws_lidar/install/rplidar_ros/share/rplidar_ros/launch/rplidar_a2m7_launch.py
[1.304s] -- Up-to-date symlink: /home/robotpi/ws_lidar/install/rplidar_ros/share/rplidar_ros/launch/rplidar_a2m8_launch.py
[1.304s] -- Up-to-date symlink: /home/robotpi/ws_lidar/install/rplidar_ros/share/rplidar_ros/launch/rplidar_a3_launch.py
[1.304s] -- Up-to-date symlink: /home/robotpi/ws_lidar/install/rplidar_ros/share/rplidar_ros/launch/rplidar_c1_launch.py
[1.304s] -- Up-to-date symlink: /home/robotpi/ws_lidar/install/rplidar_ros/share/rplidar_ros/launch/rplidar_s1_launch.py
[1.304s] -- Up-to-date symlink: /home/robotpi/ws_lidar/install/rplidar_ros/share/rplidar_ros/launch/rplidar_s1_tcp_launch.py
[1.304s] -- Up-to-date symlink: /home/robotpi/ws_lidar/install/rplidar_ros/share/rplidar_ros/launch/rplidar_s2_launch.py
[1.304s] -- Up-to-date symlink: /home/robotpi/ws_lidar/install/rplidar_ros/share/rplidar_ros/launch/rplidar_s2e_launch.py
[1.304s] -- Up-to-date symlink: /home/robotpi/ws_lidar/install/rplidar_ros/share/rplidar_ros/launch/rplidar_s3_launch.py
[1.304s] -- Up-to-date symlink: /home/robotpi/ws_lidar/install/rplidar_ros/share/rplidar_ros/launch/rplidar_t1_launch.py
[1.305s] -- Up-to-date symlink: /home/robotpi/ws_lidar/install/rplidar_ros/share/rplidar_ros/launch/view_rplidar_a1_launch.py
[1.305s] -- Up-to-date symlink: /home/robotpi/ws_lidar/install/rplidar_ros/share/rplidar_ros/launch/view_rplidar_a2m12_launch.py
[1.305s] -- Up-to-date symlink: /home/robotpi/ws_lidar/install/rplidar_ros/share/rplidar_ros/launch/view_rplidar_a2m7_launch.py
[1.305s] -- Up-to-date symlink: /home/robotpi/ws_lidar/install/rplidar_ros/share/rplidar_ros/launch/view_rplidar_a2m8_launch.py
[1.305s] -- Up-to-date symlink: /home/robotpi/ws_lidar/install/rplidar_ros/share/rplidar_ros/launch/view_rplidar_a3_launch.py
[1.305s] -- Up-to-date symlink: /home/robotpi/ws_lidar/install/rplidar_ros/share/rplidar_ros/launch/view_rplidar_c1_launch.py
[1.305s] -- Up-to-date symlink: /home/robotpi/ws_lidar/install/rplidar_ros/share/rplidar_ros/launch/view_rplidar_s1_launch.py
[1.305s] -- Up-to-date symlink: /home/robotpi/ws_lidar/install/rplidar_ros/share/rplidar_ros/launch/view_rplidar_s1_tcp_launch.py
[1.305s] -- Up-to-date symlink: /home/robotpi/ws_lidar/install/rplidar_ros/share/rplidar_ros/launch/view_rplidar_s2_launch.py
[1.305s] -- Up-to-date symlink: /home/robotpi/ws_lidar/install/rplidar_ros/share/rplidar_ros/launch/view_rplidar_s2e_launch.py
[1.305s] -- Up-to-date symlink: /home/robotpi/ws_lidar/install/rplidar_ros/share/rplidar_ros/launch/view_rplidar_s3_launch.py
[1.313s] -- Up-to-date symlink: /home/robotpi/ws_lidar/install/rplidar_ros/share/rplidar_ros/launch/view_rplidar_t1_launch.py
[1.313s] -- Up-to-date symlink: /home/robotpi/ws_lidar/install/rplidar_ros/share/rplidar_ros/rviz/rplidar_ros.rviz
[1.314s] -- Up-to-date symlink: /home/robotpi/ws_lidar/install/rplidar_ros/lib/rplidar_ros/rplidar_node
[1.314s] -- Up-to-date symlink: /home/robotpi/ws_lidar/install/rplidar_ros/lib/rplidar_ros/rplidar_composition
[1.314s] -- Up-to-date symlink: /home/robotpi/ws_lidar/install/rplidar_ros/lib/rplidar_ros/rplidar_client
[1.314s] -- Up-to-date symlink: /home/robotpi/ws_lidar/install/rplidar_ros/share/ament_index/resource_index/package_run_dependencies/rplidar_ros
[1.315s] -- Up-to-date symlink: /home/robotpi/ws_lidar/install/rplidar_ros/share/ament_index/resource_index/parent_prefix_path/rplidar_ros
[1.316s] -- Up-to-date symlink: /home/robotpi/ws_lidar/install/rplidar_ros/share/rplidar_ros/environment/ament_prefix_path.sh
[1.316s] -- Up-to-date symlink: /home/robotpi/ws_lidar/install/rplidar_ros/share/rplidar_ros/environment/ament_prefix_path.dsv
[1.316s] -- Up-to-date symlink: /home/robotpi/ws_lidar/install/rplidar_ros/share/rplidar_ros/environment/path.sh
[1.316s] -- Up-to-date symlink: /home/robotpi/ws_lidar/install/rplidar_ros/share/rplidar_ros/environment/path.dsv
[1.322s] -- Up-to-date symlink: /home/robotpi/ws_lidar/install/rplidar_ros/share/rplidar_ros/local_setup.bash
[1.322s] -- Up-to-date symlink: /home/robotpi/ws_lidar/install/rplidar_ros/share/rplidar_ros/local_setup.sh
[1.322s] -- Up-to-date symlink: /home/robotpi/ws_lidar/install/rplidar_ros/share/rplidar_ros/local_setup.zsh
[1.322s] -- Up-to-date symlink: /home/robotpi/ws_lidar/install/rplidar_ros/share/rplidar_ros/local_setup.dsv
[1.324s] -- Symlinking: /home/robotpi/ws_lidar/install/rplidar_ros/share/rplidar_ros/package.dsv
[1.394s] -- Up-to-date symlink: /home/robotpi/ws_lidar/install/rplidar_ros/share/ament_index/resource_index/packages/rplidar_ros
[1.394s] -- Up-to-date symlink: /home/robotpi/ws_lidar/install/rplidar_ros/share/rplidar_ros/cmake/ament_cmake_export_dependencies-extras.cmake
[1.398s] -- Up-to-date symlink: /home/robotpi/ws_lidar/install/rplidar_ros/share/rplidar_ros/cmake/ament_cmake_export_include_directories-extras.cmake
[1.398s] -- Up-to-date symlink: /home/robotpi/ws_lidar/install/rplidar_ros/share/rplidar_ros/cmake/rplidar_rosConfig.cmake
[1.399s] -- Up-to-date symlink: /home/robotpi/ws_lidar/install/rplidar_ros/share/rplidar_ros/cmake/rplidar_rosConfig-version.cmake
[1.400s] -- Up-to-date symlink: /home/robotpi/ws_lidar/install/rplidar_ros/share/rplidar_ros/package.xml
[1.413s] Invoked command in '/home/robotpi/ws_lidar/build/rplidar_ros' returned '0': CMAKE_PREFIX_PATH=${CMAKE_PREFIX_PATH}:/home/robotpi/ws_lidar/install/imu_lidar_sensor_fusion:/opt/ros/jazzy DEBUGINFOD_URLS=https://debuginfod.ubuntu.com /usr/bin/cmake --install /home/robotpi/ws_lidar/build/rplidar_ros
