[0.024s] Invoking command in '/home/robotpi/ws_lidar/build/mpu9250driver': CMAKE_PREFIX_PATH=${CMAKE_PREFIX_PATH}:/home/robotpi/ws_lidar/install/imu_lidar_sensor_fusion:/opt/ros/jazzy DEBUGINFOD_URLS=https://debuginfod.ubuntu.com /usr/bin/cmake --build /home/robotpi/ws_lidar/build/mpu9250driver -- -j4 -l4
[0.191s] [ 16%] [32mBuilding CXX object lib/mpu9250sensor/CMakeFiles/mpu9250sensor.dir/src/mpu9250sensor.cpp.o[0m
[1.636s] [ 33%] [32m[1mLinking CXX static library libmpu9250sensor.a[0m
[1.751s] [ 33%] Built target mpu9250sensor
[1.805s] [ 50%] [32mBuilding CXX object lib/i2c/CMakeFiles/linux_i2c_communicator.dir/src/LinuxI2cCommunicator.cpp.o[0m
[2.394s] [ 66%] [32m[1mLinking CXX static library liblinux_i2c_communicator.a[0m
[2.477s] [ 66%] Built target linux_i2c_communicator
[2.526s] [ 83%] [32mBuilding CXX object CMakeFiles/mpu9250driver.dir/src/mpu9250driver.cpp.o[0m
[14.682s] [100%] [32m[1mLinking CXX executable mpu9250driver[0m
[15.467s] [100%] Built target mpu9250driver
[15.498s] Invoked command in '/home/robotpi/ws_lidar/build/mpu9250driver' returned '0': CMAKE_PREFIX_PATH=${CMAKE_PREFIX_PATH}:/home/robotpi/ws_lidar/install/imu_lidar_sensor_fusion:/opt/ros/jazzy DEBUGINFOD_URLS=https://debuginfod.ubuntu.com /usr/bin/cmake --build /home/robotpi/ws_lidar/build/mpu9250driver -- -j4 -l4
[15.530s] Invoking command in '/home/robotpi/ws_lidar/build/mpu9250driver': CMAKE_PREFIX_PATH=${CMAKE_PREFIX_PATH}:/home/robotpi/ws_lidar/install/imu_lidar_sensor_fusion:/opt/ros/jazzy DEBUGINFOD_URLS=https://debuginfod.ubuntu.com /usr/bin/cmake --install /home/robotpi/ws_lidar/build/mpu9250driver
[15.552s] -- Install configuration: ""
[15.554s] -- Installing: /home/robotpi/ws_lidar/install/mpu9250driver/lib/mpu9250driver/mpu9250driver
[15.560s] -- Set non-toolchain portion of runtime path of "/home/robotpi/ws_lidar/install/mpu9250driver/lib/mpu9250driver/mpu9250driver" to ""
[15.560s] -- Installing: /home/robotpi/ws_lidar/install/mpu9250driver/share/mpu9250driver//launch
[15.562s] -- Installing: /home/robotpi/ws_lidar/install/mpu9250driver/share/mpu9250driver//launch/mpu9250driver_launch.py
[15.563s] -- Installing: /home/robotpi/ws_lidar/install/mpu9250driver/share/mpu9250driver//params
[15.563s] -- Installing: /home/robotpi/ws_lidar/install/mpu9250driver/share/mpu9250driver//params/mpu9250.yaml
[15.563s] -- Installing: /home/robotpi/ws_lidar/install/mpu9250driver/share/ament_index/resource_index/package_run_dependencies/mpu9250driver
[15.563s] -- Installing: /home/robotpi/ws_lidar/install/mpu9250driver/share/ament_index/resource_index/parent_prefix_path/mpu9250driver
[15.563s] -- Installing: /home/robotpi/ws_lidar/install/mpu9250driver/share/mpu9250driver/environment/ament_prefix_path.sh
[15.563s] -- Installing: /home/robotpi/ws_lidar/install/mpu9250driver/share/mpu9250driver/environment/ament_prefix_path.dsv
[15.563s] -- Installing: /home/robotpi/ws_lidar/install/mpu9250driver/share/mpu9250driver/environment/path.sh
[15.564s] -- Installing: /home/robotpi/ws_lidar/install/mpu9250driver/share/mpu9250driver/environment/path.dsv
[15.564s] -- Installing: /home/robotpi/ws_lidar/install/mpu9250driver/share/mpu9250driver/local_setup.bash
[15.564s] -- Installing: /home/robotpi/ws_lidar/install/mpu9250driver/share/mpu9250driver/local_setup.sh
[15.564s] -- Installing: /home/robotpi/ws_lidar/install/mpu9250driver/share/mpu9250driver/local_setup.zsh
[15.564s] -- Installing: /home/robotpi/ws_lidar/install/mpu9250driver/share/mpu9250driver/local_setup.dsv
[15.564s] -- Installing: /home/robotpi/ws_lidar/install/mpu9250driver/share/mpu9250driver/package.dsv
[15.564s] -- Installing: /home/robotpi/ws_lidar/install/mpu9250driver/share/ament_index/resource_index/packages/mpu9250driver
[15.564s] -- Installing: /home/robotpi/ws_lidar/install/mpu9250driver/share/mpu9250driver/cmake/mpu9250driverConfig.cmake
[15.564s] -- Installing: /home/robotpi/ws_lidar/install/mpu9250driver/share/mpu9250driver/cmake/mpu9250driverConfig-version.cmake
[15.568s] -- Installing: /home/robotpi/ws_lidar/install/mpu9250driver/share/mpu9250driver/package.xml
[15.569s] Invoked command in '/home/robotpi/ws_lidar/build/mpu9250driver' returned '0': CMAKE_PREFIX_PATH=${CMAKE_PREFIX_PATH}:/home/robotpi/ws_lidar/install/imu_lidar_sensor_fusion:/opt/ros/jazzy DEBUGINFOD_URLS=https://debuginfod.ubuntu.com /usr/bin/cmake --install /home/robotpi/ws_lidar/build/mpu9250driver
