[1.026s] Invoking command in '/home/robotpi/ws_lidar/build/mpu6050driver': CMAKE_PREFIX_PATH=${CMAKE_PREFIX_PATH}:/home/robotpi/ws_lidar/install/imu_lidar_sensor_fusion:/opt/ros/jazzy DEBUGINFOD_URLS=https://debuginfod.ubuntu.com /usr/bin/cmake /home/robotpi/ws_lidar/src/ros2_mpu6050_driver -DCMAKE_INSTALL_PREFIX=/home/robotpi/ws_lidar/install/mpu6050driver
[1.961s] -- The C compiler identification is GNU 13.3.0
[2.345s] -- The CXX compiler identification is GNU 13.3.0
[2.481s] -- Detecting C compiler ABI info
[3.231s] -- Detecting C compiler ABI info - done
[3.270s] -- Check for working C compiler: /usr/bin/cc - skipped
[3.272s] -- Detecting C compile features
[3.273s] -- Detecting C compile features - done
[3.336s] -- Detecting CXX compiler ABI info
[3.965s] -- Detecting CXX compiler ABI info - done
[3.983s] -- Check for working CXX compiler: /usr/bin/c++ - skipped
[3.984s] -- Detecting CXX compile features
[3.984s] -- Detecting CXX compile features - done
[4.007s] -- Found ament_cmake: 2.5.4 (/opt/ros/jazzy/share/ament_cmake/cmake)
[4.917s] -- Found Python3: /usr/bin/python3 (found version "3.12.3") found components: Interpreter 
[5.638s] -- Found rclcpp: 28.1.11 (/opt/ros/jazzy/share/rclcpp/cmake)
[5.954s] -- Found rosidl_generator_c: 4.6.6 (/opt/ros/jazzy/share/rosidl_generator_c/cmake)
[6.018s] -- Found rosidl_generator_cpp: 4.6.6 (/opt/ros/jazzy/share/rosidl_generator_cpp/cmake)
[6.132s] -- Using all available rosidl_typesupport_c: rosidl_typesupport_fastrtps_c;rosidl_typesupport_introspection_c
[6.241s] -- Using all available rosidl_typesupport_cpp: rosidl_typesupport_fastrtps_cpp;rosidl_typesupport_introspection_cpp
[6.680s] -- Found rmw_implementation_cmake: 7.3.2 (/opt/ros/jazzy/share/rmw_implementation_cmake/cmake)
[6.700s] -- Found rmw_fastrtps_cpp: 8.4.3 (/opt/ros/jazzy/share/rmw_fastrtps_cpp/cmake)
[7.236s] -- Found OpenSSL: /usr/lib/aarch64-linux-gnu/libcrypto.so (found version "3.0.13")  
[7.338s] -- Found FastRTPS: /opt/ros/jazzy/include (Required is at least version "2.13") 
[7.424s] -- Using RMW implementation 'rmw_fastrtps_cpp' as default
[7.717s] -- Found sensor_msgs: 5.3.6 (/opt/ros/jazzy/share/sensor_msgs/cmake)
[8.393s] -- Configuring done (7.0s)
[8.448s] -- Generating done (0.0s)
[8.476s] -- Build files have been written to: /home/robotpi/ws_lidar/build/mpu6050driver
[8.536s] Invoked command in '/home/robotpi/ws_lidar/build/mpu6050driver' returned '0': CMAKE_PREFIX_PATH=${CMAKE_PREFIX_PATH}:/home/robotpi/ws_lidar/install/imu_lidar_sensor_fusion:/opt/ros/jazzy DEBUGINFOD_URLS=https://debuginfod.ubuntu.com /usr/bin/cmake /home/robotpi/ws_lidar/src/ros2_mpu6050_driver -DCMAKE_INSTALL_PREFIX=/home/robotpi/ws_lidar/install/mpu6050driver
[8.543s] Invoking command in '/home/robotpi/ws_lidar/build/mpu6050driver': CMAKE_PREFIX_PATH=${CMAKE_PREFIX_PATH}:/home/robotpi/ws_lidar/install/imu_lidar_sensor_fusion:/opt/ros/jazzy DEBUGINFOD_URLS=https://debuginfod.ubuntu.com /usr/bin/cmake --build /home/robotpi/ws_lidar/build/mpu6050driver -- -j4 -l4
[8.753s] [ 33%] [32mBuilding CXX object CMakeFiles/mpu6050driver.dir/src/mpu6050driver.cpp.o[0m
[65.515s] [ 66%] [32mBuilding CXX object CMakeFiles/mpu6050driver.dir/src/mpu6050sensor.cpp.o[0m
[67.622s] [100%] [32m[1mLinking CXX executable mpu6050driver[0m
[68.705s] [100%] Built target mpu6050driver
[68.762s] Invoked command in '/home/robotpi/ws_lidar/build/mpu6050driver' returned '0': CMAKE_PREFIX_PATH=${CMAKE_PREFIX_PATH}:/home/robotpi/ws_lidar/install/imu_lidar_sensor_fusion:/opt/ros/jazzy DEBUGINFOD_URLS=https://debuginfod.ubuntu.com /usr/bin/cmake --build /home/robotpi/ws_lidar/build/mpu6050driver -- -j4 -l4
[68.803s] Invoking command in '/home/robotpi/ws_lidar/build/mpu6050driver': CMAKE_PREFIX_PATH=${CMAKE_PREFIX_PATH}:/home/robotpi/ws_lidar/install/imu_lidar_sensor_fusion:/opt/ros/jazzy DEBUGINFOD_URLS=https://debuginfod.ubuntu.com /usr/bin/cmake --install /home/robotpi/ws_lidar/build/mpu6050driver
[68.830s] -- Install configuration: ""
[68.831s] -- Installing: /home/robotpi/ws_lidar/install/mpu6050driver/lib/mpu6050driver/mpu6050driver
[68.835s] -- Set non-toolchain portion of runtime path of "/home/robotpi/ws_lidar/install/mpu6050driver/lib/mpu6050driver/mpu6050driver" to ""
[68.836s] -- Installing: /home/robotpi/ws_lidar/install/mpu6050driver/share/mpu6050driver//launch
[68.837s] -- Installing: /home/robotpi/ws_lidar/install/mpu6050driver/share/mpu6050driver//launch/mpu6050driver_launch.py
[68.838s] -- Installing: /home/robotpi/ws_lidar/install/mpu6050driver/share/mpu6050driver//params
[68.839s] -- Installing: /home/robotpi/ws_lidar/install/mpu6050driver/share/mpu6050driver//params/mpu6050.yaml
[68.843s] -- Installing: /home/robotpi/ws_lidar/install/mpu6050driver/share/ament_index/resource_index/package_run_dependencies/mpu6050driver
[68.845s] -- Installing: /home/robotpi/ws_lidar/install/mpu6050driver/share/ament_index/resource_index/parent_prefix_path/mpu6050driver
[68.851s] -- Installing: /home/robotpi/ws_lidar/install/mpu6050driver/share/mpu6050driver/environment/ament_prefix_path.sh
[68.852s] -- Installing: /home/robotpi/ws_lidar/install/mpu6050driver/share/mpu6050driver/environment/ament_prefix_path.dsv
[68.854s] -- Installing: /home/robotpi/ws_lidar/install/mpu6050driver/share/mpu6050driver/environment/path.sh
[68.855s] -- Installing: /home/robotpi/ws_lidar/install/mpu6050driver/share/mpu6050driver/environment/path.dsv
[68.856s] -- Installing: /home/robotpi/ws_lidar/install/mpu6050driver/share/mpu6050driver/local_setup.bash
[68.857s] -- Installing: /home/robotpi/ws_lidar/install/mpu6050driver/share/mpu6050driver/local_setup.sh
[68.857s] -- Installing: /home/robotpi/ws_lidar/install/mpu6050driver/share/mpu6050driver/local_setup.zsh
[68.860s] -- Installing: /home/robotpi/ws_lidar/install/mpu6050driver/share/mpu6050driver/local_setup.dsv
[68.861s] -- Installing: /home/robotpi/ws_lidar/install/mpu6050driver/share/mpu6050driver/package.dsv
[68.861s] -- Installing: /home/robotpi/ws_lidar/install/mpu6050driver/share/ament_index/resource_index/packages/mpu6050driver
[68.862s] -- Installing: /home/robotpi/ws_lidar/install/mpu6050driver/share/mpu6050driver/cmake/mpu6050driverConfig.cmake
[68.863s] -- Installing: /home/robotpi/ws_lidar/install/mpu6050driver/share/mpu6050driver/cmake/mpu6050driverConfig-version.cmake
[68.864s] -- Installing: /home/robotpi/ws_lidar/install/mpu6050driver/share/mpu6050driver/package.xml
[68.870s] Invoked command in '/home/robotpi/ws_lidar/build/mpu6050driver' returned '0': CMAKE_PREFIX_PATH=${CMAKE_PREFIX_PATH}:/home/robotpi/ws_lidar/install/imu_lidar_sensor_fusion:/opt/ros/jazzy DEBUGINFOD_URLS=https://debuginfod.ubuntu.com /usr/bin/cmake --install /home/robotpi/ws_lidar/build/mpu6050driver
