[3.213s] Invoking command in '/home/robotpi/ws_lidar/src/imu_lidar_sensor_fusion': DEBUGINFOD_URLS=https://debuginfod.ubuntu.com PYTHONPATH=/home/robotpi/ws_lidar/build/imu_lidar_sensor_fusion/prefix_override:/usr/lib/python3/dist-packages/colcon_core/task/python/colcon_distutils_commands:/home/robotpi/ws_lidar/install/imu_lidar_sensor_fusion/lib/python3.12/site-packages:${PYTHONPATH} /usr/bin/python3 -W ignore:setup.py install is deprecated -W ignore:easy_install command is deprecated setup.py egg_info --egg-base ../../build/imu_lidar_sensor_fusion build --build-base /home/robotpi/ws_lidar/build/imu_lidar_sensor_fusion/build install --record /home/robotpi/ws_lidar/build/imu_lidar_sensor_fusion/install.log --single-version-externally-managed install_data
[3.755s] running egg_info
[3.787s] writing ../../build/imu_lidar_sensor_fusion/imu_lidar_sensor_fusion.egg-info/PKG-INFO
[3.787s] writing dependency_links to ../../build/imu_lidar_sensor_fusion/imu_lidar_sensor_fusion.egg-info/dependency_links.txt
[3.796s] writing entry points to ../../build/imu_lidar_sensor_fusion/imu_lidar_sensor_fusion.egg-info/entry_points.txt
[3.796s] writing requirements to ../../build/imu_lidar_sensor_fusion/imu_lidar_sensor_fusion.egg-info/requires.txt
[3.796s] writing top-level names to ../../build/imu_lidar_sensor_fusion/imu_lidar_sensor_fusion.egg-info/top_level.txt
[3.877s] reading manifest file '../../build/imu_lidar_sensor_fusion/imu_lidar_sensor_fusion.egg-info/SOURCES.txt'
[3.883s] writing manifest file '../../build/imu_lidar_sensor_fusion/imu_lidar_sensor_fusion.egg-info/SOURCES.txt'
[3.884s] running build
[3.885s] running build_py
[3.885s] running install
[3.898s] running install_lib
[3.932s] running install_data
[3.933s] copying launch/fusion_launch.py -> /home/robotpi/ws_lidar/install/imu_lidar_sensor_fusion/share/imu_lidar_sensor_fusion/launch
[3.933s] running install_egg_info
[3.971s] removing '/home/robotpi/ws_lidar/install/imu_lidar_sensor_fusion/lib/python3.12/site-packages/imu_lidar_sensor_fusion-0.0.0-py3.12.egg-info' (and everything under it)
[3.972s] Copying ../../build/imu_lidar_sensor_fusion/imu_lidar_sensor_fusion.egg-info to /home/robotpi/ws_lidar/install/imu_lidar_sensor_fusion/lib/python3.12/site-packages/imu_lidar_sensor_fusion-0.0.0-py3.12.egg-info
[3.976s] running install_scripts
[4.224s] Installing fusion_calculation_node script to /home/robotpi/ws_lidar/install/imu_lidar_sensor_fusion/lib/imu_lidar_sensor_fusion
[4.225s] writing list of installed files to '/home/robotpi/ws_lidar/build/imu_lidar_sensor_fusion/install.log'
[4.394s] Invoked command in '/home/robotpi/ws_lidar/src/imu_lidar_sensor_fusion' returned '0': DEBUGINFOD_URLS=https://debuginfod.ubuntu.com PYTHONPATH=/home/robotpi/ws_lidar/build/imu_lidar_sensor_fusion/prefix_override:/usr/lib/python3/dist-packages/colcon_core/task/python/colcon_distutils_commands:/home/robotpi/ws_lidar/install/imu_lidar_sensor_fusion/lib/python3.12/site-packages:${PYTHONPATH} /usr/bin/python3 -W ignore:setup.py install is deprecated -W ignore:easy_install command is deprecated setup.py egg_info --egg-base ../../build/imu_lidar_sensor_fusion build --build-base /home/robotpi/ws_lidar/build/imu_lidar_sensor_fusion/build install --record /home/robotpi/ws_lidar/build/imu_lidar_sensor_fusion/install.log --single-version-externally-managed install_data
