[0.234s] DEBUG:colcon:Command line arguments: ['/usr/bin/colcon', 'build']
[0.234s] DEBUG:colcon:Parsed command line arguments: Namespace(log_base=None, log_level=None, verb_name='build', build_base='build', install_base='install', merge_install=False, symlink_install=False, test_result_base=None, continue_on_error=False, executor='parallel', parallel_workers=4, event_handlers=None, ignore_user_meta=False, metas=['./colcon.meta'], base_paths=['.'], packages_ignore=None, packages_ignore_regex=None, paths=None, packages_up_to=None, packages_up_to_regex=None, packages_above=None, packages_above_and_dependencies=None, packages_above_depth=None, packages_select_by_dep=None, packages_skip_by_dep=None, packages_skip_up_to=None, packages_select_build_failed=False, packages_skip_build_finished=False, packages_select_test_failures=False, packages_skip_test_passed=False, packages_select=None, packages_skip=None, packages_select_regex=None, packages_skip_regex=None, packages_start=None, packages_end=None, allow_overriding=[], cmake_args=None, cmake_target=None, cmake_target_skip_unavailable=False, cmake_clean_cache=False, cmake_clean_first=False, cmake_force_configure=False, ament_cmake_args=None, catkin_cmake_args=None, catkin_skip_building_tests=False, mixin_files=None, mixin=None, verb_parser=<colcon_mixin.mixin.mixin_argument.MixinArgumentDecorator object at 0xffff80a13bc0>, verb_extension=<colcon_core.verb.build.BuildVerb object at 0xffff80d2e930>, main=<bound method BuildVerb.main of <colcon_core.verb.build.BuildVerb object at 0xffff80d2e930>>, mixin_verb=('build',))
[0.324s] Level 1:colcon.colcon_core.package_discovery:discover_packages(colcon_meta) check parameters
[0.324s] Level 1:colcon.colcon_core.package_discovery:discover_packages(recursive) check parameters
[0.324s] Level 1:colcon.colcon_core.package_discovery:discover_packages(ignore) check parameters
[0.324s] Level 1:colcon.colcon_core.package_discovery:discover_packages(path) check parameters
[0.324s] Level 1:colcon.colcon_core.package_discovery:discover_packages(colcon_meta) discover
[0.324s] Level 1:colcon.colcon_core.package_discovery:discover_packages(recursive) discover
[0.325s] INFO:colcon.colcon_core.package_discovery:Crawling recursively for packages in '/home/robotpi/ws_lidar'
[0.325s] Level 1:colcon.colcon_core.package_identification:_identify(.) by extensions ['ignore', 'ignore_ament_install']
[0.325s] Level 1:colcon.colcon_core.package_identification:_identify(.) by extension 'ignore'
[0.325s] Level 1:colcon.colcon_core.package_identification:_identify(.) by extension 'ignore_ament_install'
[0.325s] Level 1:colcon.colcon_core.package_identification:_identify(.) by extensions ['colcon_pkg']
[0.325s] Level 1:colcon.colcon_core.package_identification:_identify(.) by extension 'colcon_pkg'
[0.325s] Level 1:colcon.colcon_core.package_identification:_identify(.) by extensions ['colcon_meta']
[0.325s] Level 1:colcon.colcon_core.package_identification:_identify(.) by extension 'colcon_meta'
[0.325s] Level 1:colcon.colcon_core.package_identification:_identify(.) by extensions ['ros']
[0.325s] Level 1:colcon.colcon_core.package_identification:_identify(.) by extension 'ros'
[0.383s] Level 1:colcon.colcon_core.package_identification:_identify(.) by extensions ['cmake', 'python']
[0.383s] Level 1:colcon.colcon_core.package_identification:_identify(.) by extension 'cmake'
[0.384s] Level 1:colcon.colcon_core.package_identification:_identify(.) by extension 'python'
[0.384s] Level 1:colcon.colcon_core.package_identification:_identify(.) by extensions ['python_setup_py']
[0.384s] Level 1:colcon.colcon_core.package_identification:_identify(.) by extension 'python_setup_py'
[0.384s] Level 1:colcon.colcon_core.package_identification:_identify(build) by extensions ['ignore', 'ignore_ament_install']
[0.384s] Level 1:colcon.colcon_core.package_identification:_identify(build) by extension 'ignore'
[0.384s] Level 1:colcon.colcon_core.package_identification:_identify(build) ignored
[0.384s] Level 1:colcon.colcon_core.package_identification:_identify(install) by extensions ['ignore', 'ignore_ament_install']
[0.384s] Level 1:colcon.colcon_core.package_identification:_identify(install) by extension 'ignore'
[0.384s] Level 1:colcon.colcon_core.package_identification:_identify(install) ignored
[0.384s] Level 1:colcon.colcon_core.package_identification:_identify(log) by extensions ['ignore', 'ignore_ament_install']
[0.385s] Level 1:colcon.colcon_core.package_identification:_identify(log) by extension 'ignore'
[0.385s] Level 1:colcon.colcon_core.package_identification:_identify(log) ignored
[0.385s] Level 1:colcon.colcon_core.package_identification:_identify(src) by extensions ['ignore', 'ignore_ament_install']
[0.385s] Level 1:colcon.colcon_core.package_identification:_identify(src) by extension 'ignore'
[0.385s] Level 1:colcon.colcon_core.package_identification:_identify(src) by extension 'ignore_ament_install'
[0.385s] Level 1:colcon.colcon_core.package_identification:_identify(src) by extensions ['colcon_pkg']
[0.385s] Level 1:colcon.colcon_core.package_identification:_identify(src) by extension 'colcon_pkg'
[0.385s] Level 1:colcon.colcon_core.package_identification:_identify(src) by extensions ['colcon_meta']
[0.385s] Level 1:colcon.colcon_core.package_identification:_identify(src) by extension 'colcon_meta'
[0.385s] Level 1:colcon.colcon_core.package_identification:_identify(src) by extensions ['ros']
[0.385s] Level 1:colcon.colcon_core.package_identification:_identify(src) by extension 'ros'
[0.385s] Level 1:colcon.colcon_core.package_identification:_identify(src) by extensions ['cmake', 'python']
[0.385s] Level 1:colcon.colcon_core.package_identification:_identify(src) by extension 'cmake'
[0.385s] Level 1:colcon.colcon_core.package_identification:_identify(src) by extension 'python'
[0.385s] Level 1:colcon.colcon_core.package_identification:_identify(src) by extensions ['python_setup_py']
[0.385s] Level 1:colcon.colcon_core.package_identification:_identify(src) by extension 'python_setup_py'
[0.385s] Level 1:colcon.colcon_core.package_identification:_identify(src/build) by extensions ['ignore', 'ignore_ament_install']
[0.386s] Level 1:colcon.colcon_core.package_identification:_identify(src/build) by extension 'ignore'
[0.386s] Level 1:colcon.colcon_core.package_identification:_identify(src/build) ignored
[0.386s] Level 1:colcon.colcon_core.package_identification:_identify(src/imu_lidar_sensor_fusion) by extensions ['ignore', 'ignore_ament_install']
[0.386s] Level 1:colcon.colcon_core.package_identification:_identify(src/imu_lidar_sensor_fusion) by extension 'ignore'
[0.386s] Level 1:colcon.colcon_core.package_identification:_identify(src/imu_lidar_sensor_fusion) by extension 'ignore_ament_install'
[0.386s] Level 1:colcon.colcon_core.package_identification:_identify(src/imu_lidar_sensor_fusion) by extensions ['colcon_pkg']
[0.386s] Level 1:colcon.colcon_core.package_identification:_identify(src/imu_lidar_sensor_fusion) by extension 'colcon_pkg'
[0.386s] Level 1:colcon.colcon_core.package_identification:_identify(src/imu_lidar_sensor_fusion) by extensions ['colcon_meta']
[0.386s] Level 1:colcon.colcon_core.package_identification:_identify(src/imu_lidar_sensor_fusion) by extension 'colcon_meta'
[0.386s] Level 1:colcon.colcon_core.package_identification:_identify(src/imu_lidar_sensor_fusion) by extensions ['ros']
[0.386s] Level 1:colcon.colcon_core.package_identification:_identify(src/imu_lidar_sensor_fusion) by extension 'ros'
[0.391s] DEBUG:colcon.colcon_core.package_identification:Package 'src/imu_lidar_sensor_fusion' with type 'ros.ament_python' and name 'imu_lidar_sensor_fusion'
[0.392s] Level 1:colcon.colcon_core.package_identification:_identify(src/install) by extensions ['ignore', 'ignore_ament_install']
[0.392s] Level 1:colcon.colcon_core.package_identification:_identify(src/install) by extension 'ignore'
[0.392s] Level 1:colcon.colcon_core.package_identification:_identify(src/install) ignored
[0.392s] Level 1:colcon.colcon_core.package_identification:_identify(src/log) by extensions ['ignore', 'ignore_ament_install']
[0.392s] Level 1:colcon.colcon_core.package_identification:_identify(src/log) by extension 'ignore'
[0.392s] Level 1:colcon.colcon_core.package_identification:_identify(src/log) ignored
[0.392s] Level 1:colcon.colcon_core.package_identification:_identify(src/ros2_mpu6050_driver) by extensions ['ignore', 'ignore_ament_install']
[0.393s] Level 1:colcon.colcon_core.package_identification:_identify(src/ros2_mpu6050_driver) by extension 'ignore'
[0.393s] Level 1:colcon.colcon_core.package_identification:_identify(src/ros2_mpu6050_driver) by extension 'ignore_ament_install'
[0.393s] Level 1:colcon.colcon_core.package_identification:_identify(src/ros2_mpu6050_driver) by extensions ['colcon_pkg']
[0.393s] Level 1:colcon.colcon_core.package_identification:_identify(src/ros2_mpu6050_driver) by extension 'colcon_pkg'
[0.393s] Level 1:colcon.colcon_core.package_identification:_identify(src/ros2_mpu6050_driver) by extensions ['colcon_meta']
[0.393s] Level 1:colcon.colcon_core.package_identification:_identify(src/ros2_mpu6050_driver) by extension 'colcon_meta'
[0.393s] Level 1:colcon.colcon_core.package_identification:_identify(src/ros2_mpu6050_driver) by extensions ['ros']
[0.393s] Level 1:colcon.colcon_core.package_identification:_identify(src/ros2_mpu6050_driver) by extension 'ros'
[0.394s] DEBUG:colcon.colcon_core.package_identification:Package 'src/ros2_mpu6050_driver' with type 'ros.ament_cmake' and name 'mpu6050driver'
[0.394s] Level 1:colcon.colcon_core.package_identification:_identify(src/rplidar_ros) by extensions ['ignore', 'ignore_ament_install']
[0.395s] Level 1:colcon.colcon_core.package_identification:_identify(src/rplidar_ros) by extension 'ignore'
[0.395s] Level 1:colcon.colcon_core.package_identification:_identify(src/rplidar_ros) by extension 'ignore_ament_install'
[0.395s] Level 1:colcon.colcon_core.package_identification:_identify(src/rplidar_ros) by extensions ['colcon_pkg']
[0.395s] Level 1:colcon.colcon_core.package_identification:_identify(src/rplidar_ros) by extension 'colcon_pkg'
[0.395s] Level 1:colcon.colcon_core.package_identification:_identify(src/rplidar_ros) by extensions ['colcon_meta']
[0.395s] Level 1:colcon.colcon_core.package_identification:_identify(src/rplidar_ros) by extension 'colcon_meta'
[0.395s] Level 1:colcon.colcon_core.package_identification:_identify(src/rplidar_ros) by extensions ['ros']
[0.396s] Level 1:colcon.colcon_core.package_identification:_identify(src/rplidar_ros) by extension 'ros'
[0.397s] DEBUG:colcon.colcon_core.package_identification:Package 'src/rplidar_ros' with type 'ros.ament_cmake' and name 'rplidar_ros'
[0.398s] Level 1:colcon.colcon_core.package_discovery:discover_packages(recursive) using defaults
[0.398s] Level 1:colcon.colcon_core.package_discovery:discover_packages(ignore) discover
[0.398s] Level 1:colcon.colcon_core.package_discovery:discover_packages(ignore) using defaults
[0.398s] Level 1:colcon.colcon_core.package_discovery:discover_packages(path) discover
[0.398s] Level 1:colcon.colcon_core.package_discovery:discover_packages(path) using defaults
[0.436s] Level 1:colcon.colcon_core.package_discovery:discover_packages(prefix_path) check parameters
[0.436s] Level 1:colcon.colcon_core.package_discovery:discover_packages(prefix_path) discover
[0.440s] DEBUG:colcon.colcon_installed_package_information.package_discovery:Found 3 installed packages in /home/robotpi/ws_lidar/install
[0.443s] DEBUG:colcon.colcon_installed_package_information.package_discovery:Found 295 installed packages in /opt/ros/jazzy
[0.447s] Level 1:colcon.colcon_core.package_discovery:discover_packages(prefix_path) using defaults
[0.525s] Level 5:colcon.colcon_core.verb:set package 'imu_lidar_sensor_fusion' build argument 'cmake_args' from command line to 'None'
[0.525s] Level 5:colcon.colcon_core.verb:set package 'imu_lidar_sensor_fusion' build argument 'cmake_target' from command line to 'None'
[0.526s] Level 5:colcon.colcon_core.verb:set package 'imu_lidar_sensor_fusion' build argument 'cmake_target_skip_unavailable' from command line to 'False'
[0.526s] Level 5:colcon.colcon_core.verb:set package 'imu_lidar_sensor_fusion' build argument 'cmake_clean_cache' from command line to 'False'
[0.526s] Level 5:colcon.colcon_core.verb:set package 'imu_lidar_sensor_fusion' build argument 'cmake_clean_first' from command line to 'False'
[0.526s] Level 5:colcon.colcon_core.verb:set package 'imu_lidar_sensor_fusion' build argument 'cmake_force_configure' from command line to 'False'
[0.526s] Level 5:colcon.colcon_core.verb:set package 'imu_lidar_sensor_fusion' build argument 'ament_cmake_args' from command line to 'None'
[0.526s] Level 5:colcon.colcon_core.verb:set package 'imu_lidar_sensor_fusion' build argument 'catkin_cmake_args' from command line to 'None'
[0.526s] Level 5:colcon.colcon_core.verb:set package 'imu_lidar_sensor_fusion' build argument 'catkin_skip_building_tests' from command line to 'False'
[0.526s] DEBUG:colcon.colcon_core.verb:Building package 'imu_lidar_sensor_fusion' with the following arguments: {'ament_cmake_args': None, 'build_base': '/home/robotpi/ws_lidar/build/imu_lidar_sensor_fusion', 'catkin_cmake_args': None, 'catkin_skip_building_tests': False, 'cmake_args': None, 'cmake_clean_cache': False, 'cmake_clean_first': False, 'cmake_force_configure': False, 'cmake_target': None, 'cmake_target_skip_unavailable': False, 'install_base': '/home/robotpi/ws_lidar/install/imu_lidar_sensor_fusion', 'merge_install': False, 'path': '/home/robotpi/ws_lidar/src/imu_lidar_sensor_fusion', 'symlink_install': False, 'test_result_base': None}
[0.526s] Level 5:colcon.colcon_core.verb:set package 'mpu6050driver' build argument 'cmake_args' from command line to 'None'
[0.527s] Level 5:colcon.colcon_core.verb:set package 'mpu6050driver' build argument 'cmake_target' from command line to 'None'
[0.527s] Level 5:colcon.colcon_core.verb:set package 'mpu6050driver' build argument 'cmake_target_skip_unavailable' from command line to 'False'
[0.527s] Level 5:colcon.colcon_core.verb:set package 'mpu6050driver' build argument 'cmake_clean_cache' from command line to 'False'
[0.527s] Level 5:colcon.colcon_core.verb:set package 'mpu6050driver' build argument 'cmake_clean_first' from command line to 'False'
[0.527s] Level 5:colcon.colcon_core.verb:set package 'mpu6050driver' build argument 'cmake_force_configure' from command line to 'False'
[0.527s] Level 5:colcon.colcon_core.verb:set package 'mpu6050driver' build argument 'ament_cmake_args' from command line to 'None'
[0.527s] Level 5:colcon.colcon_core.verb:set package 'mpu6050driver' build argument 'catkin_cmake_args' from command line to 'None'
[0.527s] Level 5:colcon.colcon_core.verb:set package 'mpu6050driver' build argument 'catkin_skip_building_tests' from command line to 'False'
[0.527s] DEBUG:colcon.colcon_core.verb:Building package 'mpu6050driver' with the following arguments: {'ament_cmake_args': None, 'build_base': '/home/robotpi/ws_lidar/build/mpu6050driver', 'catkin_cmake_args': None, 'catkin_skip_building_tests': False, 'cmake_args': None, 'cmake_clean_cache': False, 'cmake_clean_first': False, 'cmake_force_configure': False, 'cmake_target': None, 'cmake_target_skip_unavailable': False, 'install_base': '/home/robotpi/ws_lidar/install/mpu6050driver', 'merge_install': False, 'path': '/home/robotpi/ws_lidar/src/ros2_mpu6050_driver', 'symlink_install': False, 'test_result_base': None}
[0.527s] Level 5:colcon.colcon_core.verb:set package 'rplidar_ros' build argument 'cmake_args' from command line to 'None'
[0.528s] Level 5:colcon.colcon_core.verb:set package 'rplidar_ros' build argument 'cmake_target' from command line to 'None'
[0.528s] Level 5:colcon.colcon_core.verb:set package 'rplidar_ros' build argument 'cmake_target_skip_unavailable' from command line to 'False'
[0.528s] Level 5:colcon.colcon_core.verb:set package 'rplidar_ros' build argument 'cmake_clean_cache' from command line to 'False'
[0.528s] Level 5:colcon.colcon_core.verb:set package 'rplidar_ros' build argument 'cmake_clean_first' from command line to 'False'
[0.528s] Level 5:colcon.colcon_core.verb:set package 'rplidar_ros' build argument 'cmake_force_configure' from command line to 'False'
[0.528s] Level 5:colcon.colcon_core.verb:set package 'rplidar_ros' build argument 'ament_cmake_args' from command line to 'None'
[0.528s] Level 5:colcon.colcon_core.verb:set package 'rplidar_ros' build argument 'catkin_cmake_args' from command line to 'None'
[0.528s] Level 5:colcon.colcon_core.verb:set package 'rplidar_ros' build argument 'catkin_skip_building_tests' from command line to 'False'
[0.528s] DEBUG:colcon.colcon_core.verb:Building package 'rplidar_ros' with the following arguments: {'ament_cmake_args': None, 'build_base': '/home/robotpi/ws_lidar/build/rplidar_ros', 'catkin_cmake_args': None, 'catkin_skip_building_tests': False, 'cmake_args': None, 'cmake_clean_cache': False, 'cmake_clean_first': False, 'cmake_force_configure': False, 'cmake_target': None, 'cmake_target_skip_unavailable': False, 'install_base': '/home/robotpi/ws_lidar/install/rplidar_ros', 'merge_install': False, 'path': '/home/robotpi/ws_lidar/src/rplidar_ros', 'symlink_install': False, 'test_result_base': None}
[0.528s] INFO:colcon.colcon_core.executor:Executing jobs using 'parallel' executor
[0.532s] DEBUG:colcon.colcon_parallel_executor.executor.parallel:run_until_complete
[0.532s] INFO:colcon.colcon_ros.task.ament_python.build:Building ROS package in '/home/robotpi/ws_lidar/src/imu_lidar_sensor_fusion' with build type 'ament_python'
[0.533s] Level 1:colcon.colcon_core.shell:create_environment_hook('imu_lidar_sensor_fusion', 'ament_prefix_path')
[0.537s] INFO:colcon.colcon_core.plugin_system:Skipping extension 'colcon_core.shell.bat': Not used on non-Windows systems
[0.537s] INFO:colcon.colcon_core.shell:Creating environment hook '/home/robotpi/ws_lidar/install/imu_lidar_sensor_fusion/share/imu_lidar_sensor_fusion/hook/ament_prefix_path.ps1'
[0.539s] INFO:colcon.colcon_core.shell:Creating environment descriptor '/home/robotpi/ws_lidar/install/imu_lidar_sensor_fusion/share/imu_lidar_sensor_fusion/hook/ament_prefix_path.dsv'
[0.545s] INFO:colcon.colcon_core.shell:Creating environment hook '/home/robotpi/ws_lidar/install/imu_lidar_sensor_fusion/share/imu_lidar_sensor_fusion/hook/ament_prefix_path.sh'
[0.546s] INFO:colcon.colcon_core.shell:Skip shell extension 'powershell' for command environment: Not usable outside of PowerShell
[0.547s] DEBUG:colcon.colcon_core.shell:Skip shell extension 'dsv' for command environment
[0.556s] INFO:colcon.colcon_ros.task.ament_cmake.build:Building ROS package in '/home/robotpi/ws_lidar/src/ros2_mpu6050_driver' with build type 'ament_cmake'
[0.557s] INFO:colcon.colcon_cmake.task.cmake.build:Building CMake package in '/home/robotpi/ws_lidar/src/ros2_mpu6050_driver'
[0.557s] INFO:colcon.colcon_core.shell:Skip shell extension 'powershell' for command environment: Not usable outside of PowerShell
[0.557s] DEBUG:colcon.colcon_core.shell:Skip shell extension 'dsv' for command environment
[0.568s] INFO:colcon.colcon_ros.task.ament_cmake.build:Building ROS package in '/home/robotpi/ws_lidar/src/rplidar_ros' with build type 'ament_cmake'
[0.568s] INFO:colcon.colcon_cmake.task.cmake.build:Building CMake package in '/home/robotpi/ws_lidar/src/rplidar_ros'
[0.568s] INFO:colcon.colcon_core.shell:Skip shell extension 'powershell' for command environment: Not usable outside of PowerShell
[0.568s] DEBUG:colcon.colcon_core.shell:Skip shell extension 'dsv' for command environment
[1.183s] INFO:colcon.colcon_core.task.python.build:Building Python package in '/home/robotpi/ws_lidar/src/imu_lidar_sensor_fusion'
[1.183s] INFO:colcon.colcon_core.shell:Skip shell extension 'powershell' for command environment: Not usable outside of PowerShell
[1.183s] DEBUG:colcon.colcon_core.shell:Skip shell extension 'dsv' for command environment
[1.203s] DEBUG:colcon.colcon_core.event_handler.log_command:Invoking command in '/home/robotpi/ws_lidar/build/mpu6050driver': CMAKE_PREFIX_PATH=${CMAKE_PREFIX_PATH}:/home/robotpi/ws_lidar/install/imu_lidar_sensor_fusion:/opt/ros/jazzy DEBUGINFOD_URLS=https://debuginfod.ubuntu.com /usr/bin/cmake --build /home/robotpi/ws_lidar/build/mpu6050driver -- -j4 -l4
[1.219s] DEBUG:colcon.colcon_core.event_handler.log_command:Invoking command in '/home/robotpi/ws_lidar/build/rplidar_ros': CMAKE_PREFIX_PATH=${CMAKE_PREFIX_PATH}:/home/robotpi/ws_lidar/install/imu_lidar_sensor_fusion:/opt/ros/jazzy DEBUGINFOD_URLS=https://debuginfod.ubuntu.com /usr/bin/cmake --build /home/robotpi/ws_lidar/build/rplidar_ros -- -j4 -l4
[1.508s] DEBUG:colcon.colcon_core.event_handler.log_command:Invoked command in '/home/robotpi/ws_lidar/build/mpu6050driver' returned '0': CMAKE_PREFIX_PATH=${CMAKE_PREFIX_PATH}:/home/robotpi/ws_lidar/install/imu_lidar_sensor_fusion:/opt/ros/jazzy DEBUGINFOD_URLS=https://debuginfod.ubuntu.com /usr/bin/cmake --build /home/robotpi/ws_lidar/build/mpu6050driver -- -j4 -l4
[1.571s] DEBUG:colcon.colcon_core.event_handler.log_command:Invoking command in '/home/robotpi/ws_lidar/build/mpu6050driver': CMAKE_PREFIX_PATH=${CMAKE_PREFIX_PATH}:/home/robotpi/ws_lidar/install/imu_lidar_sensor_fusion:/opt/ros/jazzy DEBUGINFOD_URLS=https://debuginfod.ubuntu.com /usr/bin/cmake --install /home/robotpi/ws_lidar/build/mpu6050driver
[1.678s] Level 1:colcon.colcon_core.environment:create_environment_scripts_only(mpu6050driver)
[1.679s] DEBUG:colcon.colcon_core.event_handler.log_command:Invoked command in '/home/robotpi/ws_lidar/build/mpu6050driver' returned '0': CMAKE_PREFIX_PATH=${CMAKE_PREFIX_PATH}:/home/robotpi/ws_lidar/install/imu_lidar_sensor_fusion:/opt/ros/jazzy DEBUGINFOD_URLS=https://debuginfod.ubuntu.com /usr/bin/cmake --install /home/robotpi/ws_lidar/build/mpu6050driver
[1.689s] Level 1:colcon.colcon_core.environment:checking '/home/robotpi/ws_lidar/install/mpu6050driver' for CMake module files
[1.690s] Level 1:colcon.colcon_core.environment:checking '/home/robotpi/ws_lidar/install/mpu6050driver' for CMake config files
[1.691s] Level 1:colcon.colcon_core.shell:create_environment_hook('mpu6050driver', 'cmake_prefix_path')
[1.691s] INFO:colcon.colcon_core.shell:Creating environment hook '/home/robotpi/ws_lidar/install/mpu6050driver/share/mpu6050driver/hook/cmake_prefix_path.ps1'
[1.693s] INFO:colcon.colcon_core.shell:Creating environment descriptor '/home/robotpi/ws_lidar/install/mpu6050driver/share/mpu6050driver/hook/cmake_prefix_path.dsv'
[1.697s] INFO:colcon.colcon_core.shell:Creating environment hook '/home/robotpi/ws_lidar/install/mpu6050driver/share/mpu6050driver/hook/cmake_prefix_path.sh'
[1.702s] Level 1:colcon.colcon_core.environment:checking '/home/robotpi/ws_lidar/install/mpu6050driver/lib'
[1.702s] Level 1:colcon.colcon_core.environment:checking '/home/robotpi/ws_lidar/install/mpu6050driver/bin'
[1.702s] Level 1:colcon.colcon_core.environment:checking '/home/robotpi/ws_lidar/install/mpu6050driver/lib/pkgconfig/mpu6050driver.pc'
[1.703s] Level 1:colcon.colcon_core.environment:checking '/home/robotpi/ws_lidar/install/mpu6050driver/lib/python3.12/site-packages'
[1.703s] Level 1:colcon.colcon_core.environment:checking '/home/robotpi/ws_lidar/install/mpu6050driver/bin'
[1.711s] INFO:colcon.colcon_core.shell:Creating package script '/home/robotpi/ws_lidar/install/mpu6050driver/share/mpu6050driver/package.ps1'
[1.715s] INFO:colcon.colcon_core.shell:Creating package descriptor '/home/robotpi/ws_lidar/install/mpu6050driver/share/mpu6050driver/package.dsv'
[1.720s] INFO:colcon.colcon_core.shell:Creating package script '/home/robotpi/ws_lidar/install/mpu6050driver/share/mpu6050driver/package.sh'
[1.725s] INFO:colcon.colcon_core.shell:Creating package script '/home/robotpi/ws_lidar/install/mpu6050driver/share/mpu6050driver/package.bash'
[1.728s] INFO:colcon.colcon_core.shell:Creating package script '/home/robotpi/ws_lidar/install/mpu6050driver/share/mpu6050driver/package.zsh'
[1.731s] Level 1:colcon.colcon_core.environment:create_file_with_runtime_dependencies(/home/robotpi/ws_lidar/install/mpu6050driver/share/colcon-core/packages/mpu6050driver)
[1.735s] Level 1:colcon.colcon_core.environment:create_environment_scripts_only(mpu6050driver)
[1.737s] Level 1:colcon.colcon_core.environment:checking '/home/robotpi/ws_lidar/install/mpu6050driver' for CMake module files
[1.742s] Level 1:colcon.colcon_core.environment:checking '/home/robotpi/ws_lidar/install/mpu6050driver' for CMake config files
[1.742s] Level 1:colcon.colcon_core.shell:create_environment_hook('mpu6050driver', 'cmake_prefix_path')
[1.746s] INFO:colcon.colcon_core.shell:Creating environment hook '/home/robotpi/ws_lidar/install/mpu6050driver/share/mpu6050driver/hook/cmake_prefix_path.ps1'
[1.752s] INFO:colcon.colcon_core.shell:Creating environment descriptor '/home/robotpi/ws_lidar/install/mpu6050driver/share/mpu6050driver/hook/cmake_prefix_path.dsv'
[1.755s] INFO:colcon.colcon_core.shell:Creating environment hook '/home/robotpi/ws_lidar/install/mpu6050driver/share/mpu6050driver/hook/cmake_prefix_path.sh'
[1.764s] Level 1:colcon.colcon_core.environment:checking '/home/robotpi/ws_lidar/install/mpu6050driver/lib'
[1.764s] Level 1:colcon.colcon_core.environment:checking '/home/robotpi/ws_lidar/install/mpu6050driver/bin'
[1.765s] Level 1:colcon.colcon_core.environment:checking '/home/robotpi/ws_lidar/install/mpu6050driver/lib/pkgconfig/mpu6050driver.pc'
[1.767s] Level 1:colcon.colcon_core.environment:checking '/home/robotpi/ws_lidar/install/mpu6050driver/lib/python3.12/site-packages'
[1.767s] Level 1:colcon.colcon_core.environment:checking '/home/robotpi/ws_lidar/install/mpu6050driver/bin'
[1.773s] INFO:colcon.colcon_core.shell:Creating package script '/home/robotpi/ws_lidar/install/mpu6050driver/share/mpu6050driver/package.ps1'
[1.774s] INFO:colcon.colcon_core.shell:Creating package descriptor '/home/robotpi/ws_lidar/install/mpu6050driver/share/mpu6050driver/package.dsv'
[1.784s] INFO:colcon.colcon_core.shell:Creating package script '/home/robotpi/ws_lidar/install/mpu6050driver/share/mpu6050driver/package.sh'
[1.786s] INFO:colcon.colcon_core.shell:Creating package script '/home/robotpi/ws_lidar/install/mpu6050driver/share/mpu6050driver/package.bash'
[1.787s] INFO:colcon.colcon_core.shell:Creating package script '/home/robotpi/ws_lidar/install/mpu6050driver/share/mpu6050driver/package.zsh'
[1.791s] Level 1:colcon.colcon_core.environment:create_file_with_runtime_dependencies(/home/robotpi/ws_lidar/install/mpu6050driver/share/colcon-core/packages/mpu6050driver)
[1.936s] DEBUG:colcon.colcon_core.event_handler.log_command:Invoked command in '/home/robotpi/ws_lidar/build/rplidar_ros' returned '0': CMAKE_PREFIX_PATH=${CMAKE_PREFIX_PATH}:/home/robotpi/ws_lidar/install/imu_lidar_sensor_fusion:/opt/ros/jazzy DEBUGINFOD_URLS=https://debuginfod.ubuntu.com /usr/bin/cmake --build /home/robotpi/ws_lidar/build/rplidar_ros -- -j4 -l4
[1.940s] DEBUG:colcon.colcon_core.event_handler.log_command:Invoking command in '/home/robotpi/ws_lidar/build/rplidar_ros': CMAKE_PREFIX_PATH=${CMAKE_PREFIX_PATH}:/home/robotpi/ws_lidar/install/imu_lidar_sensor_fusion:/opt/ros/jazzy DEBUGINFOD_URLS=https://debuginfod.ubuntu.com /usr/bin/cmake --install /home/robotpi/ws_lidar/build/rplidar_ros
[2.060s] Level 1:colcon.colcon_core.environment:create_environment_scripts_only(rplidar_ros)
[2.061s] DEBUG:colcon.colcon_core.event_handler.log_command:Invoked command in '/home/robotpi/ws_lidar/build/rplidar_ros' returned '0': CMAKE_PREFIX_PATH=${CMAKE_PREFIX_PATH}:/home/robotpi/ws_lidar/install/imu_lidar_sensor_fusion:/opt/ros/jazzy DEBUGINFOD_URLS=https://debuginfod.ubuntu.com /usr/bin/cmake --install /home/robotpi/ws_lidar/build/rplidar_ros
[2.062s] Level 1:colcon.colcon_core.environment:checking '/home/robotpi/ws_lidar/install/rplidar_ros' for CMake module files
[2.064s] Level 1:colcon.colcon_core.environment:checking '/home/robotpi/ws_lidar/install/rplidar_ros' for CMake config files
[2.065s] Level 1:colcon.colcon_core.shell:create_environment_hook('rplidar_ros', 'cmake_prefix_path')
[2.066s] INFO:colcon.colcon_core.shell:Creating environment hook '/home/robotpi/ws_lidar/install/rplidar_ros/share/rplidar_ros/hook/cmake_prefix_path.ps1'
[2.067s] INFO:colcon.colcon_core.shell:Creating environment descriptor '/home/robotpi/ws_lidar/install/rplidar_ros/share/rplidar_ros/hook/cmake_prefix_path.dsv'
[2.071s] INFO:colcon.colcon_core.shell:Creating environment hook '/home/robotpi/ws_lidar/install/rplidar_ros/share/rplidar_ros/hook/cmake_prefix_path.sh'
[2.075s] Level 1:colcon.colcon_core.environment:checking '/home/robotpi/ws_lidar/install/rplidar_ros/lib'
[2.076s] Level 1:colcon.colcon_core.environment:checking '/home/robotpi/ws_lidar/install/rplidar_ros/bin'
[2.076s] Level 1:colcon.colcon_core.environment:checking '/home/robotpi/ws_lidar/install/rplidar_ros/lib/pkgconfig/rplidar_ros.pc'
[2.076s] Level 1:colcon.colcon_core.environment:checking '/home/robotpi/ws_lidar/install/rplidar_ros/lib/python3.12/site-packages'
[2.077s] Level 1:colcon.colcon_core.environment:checking '/home/robotpi/ws_lidar/install/rplidar_ros/bin'
[2.078s] INFO:colcon.colcon_core.shell:Creating package script '/home/robotpi/ws_lidar/install/rplidar_ros/share/rplidar_ros/package.ps1'
[2.079s] INFO:colcon.colcon_core.shell:Creating package descriptor '/home/robotpi/ws_lidar/install/rplidar_ros/share/rplidar_ros/package.dsv'
[2.080s] INFO:colcon.colcon_core.shell:Creating package script '/home/robotpi/ws_lidar/install/rplidar_ros/share/rplidar_ros/package.sh'
[2.081s] INFO:colcon.colcon_core.shell:Creating package script '/home/robotpi/ws_lidar/install/rplidar_ros/share/rplidar_ros/package.bash'
[2.085s] INFO:colcon.colcon_core.shell:Creating package script '/home/robotpi/ws_lidar/install/rplidar_ros/share/rplidar_ros/package.zsh'
[2.086s] Level 1:colcon.colcon_core.environment:create_file_with_runtime_dependencies(/home/robotpi/ws_lidar/install/rplidar_ros/share/colcon-core/packages/rplidar_ros)
[2.087s] Level 1:colcon.colcon_core.environment:create_environment_scripts_only(rplidar_ros)
[2.088s] Level 1:colcon.colcon_core.environment:checking '/home/robotpi/ws_lidar/install/rplidar_ros' for CMake module files
[2.089s] Level 1:colcon.colcon_core.environment:checking '/home/robotpi/ws_lidar/install/rplidar_ros' for CMake config files
[2.090s] Level 1:colcon.colcon_core.shell:create_environment_hook('rplidar_ros', 'cmake_prefix_path')
[2.091s] INFO:colcon.colcon_core.shell:Creating environment hook '/home/robotpi/ws_lidar/install/rplidar_ros/share/rplidar_ros/hook/cmake_prefix_path.ps1'
[2.095s] INFO:colcon.colcon_core.shell:Creating environment descriptor '/home/robotpi/ws_lidar/install/rplidar_ros/share/rplidar_ros/hook/cmake_prefix_path.dsv'
[2.096s] INFO:colcon.colcon_core.shell:Creating environment hook '/home/robotpi/ws_lidar/install/rplidar_ros/share/rplidar_ros/hook/cmake_prefix_path.sh'
[2.097s] Level 1:colcon.colcon_core.environment:checking '/home/robotpi/ws_lidar/install/rplidar_ros/lib'
[2.097s] Level 1:colcon.colcon_core.environment:checking '/home/robotpi/ws_lidar/install/rplidar_ros/bin'
[2.098s] Level 1:colcon.colcon_core.environment:checking '/home/robotpi/ws_lidar/install/rplidar_ros/lib/pkgconfig/rplidar_ros.pc'
[2.101s] Level 1:colcon.colcon_core.environment:checking '/home/robotpi/ws_lidar/install/rplidar_ros/lib/python3.12/site-packages'
[2.102s] Level 1:colcon.colcon_core.environment:checking '/home/robotpi/ws_lidar/install/rplidar_ros/bin'
[2.103s] INFO:colcon.colcon_core.shell:Creating package script '/home/robotpi/ws_lidar/install/rplidar_ros/share/rplidar_ros/package.ps1'
[2.105s] INFO:colcon.colcon_core.shell:Creating package descriptor '/home/robotpi/ws_lidar/install/rplidar_ros/share/rplidar_ros/package.dsv'
[2.106s] INFO:colcon.colcon_core.shell:Creating package script '/home/robotpi/ws_lidar/install/rplidar_ros/share/rplidar_ros/package.sh'
[2.111s] INFO:colcon.colcon_core.shell:Creating package script '/home/robotpi/ws_lidar/install/rplidar_ros/share/rplidar_ros/package.bash'
[2.112s] INFO:colcon.colcon_core.shell:Creating package script '/home/robotpi/ws_lidar/install/rplidar_ros/share/rplidar_ros/package.zsh'
[2.114s] Level 1:colcon.colcon_core.environment:create_file_with_runtime_dependencies(/home/robotpi/ws_lidar/install/rplidar_ros/share/colcon-core/packages/rplidar_ros)
[3.042s] DEBUG:colcon.colcon_core.event_handler.log_command:Invoking command in '/home/robotpi/ws_lidar/src/imu_lidar_sensor_fusion': DEBUGINFOD_URLS=https://debuginfod.ubuntu.com PYTHONPATH=/home/robotpi/ws_lidar/build/imu_lidar_sensor_fusion/prefix_override:/usr/lib/python3/dist-packages/colcon_core/task/python/colcon_distutils_commands:/home/robotpi/ws_lidar/install/imu_lidar_sensor_fusion/lib/python3.12/site-packages:${PYTHONPATH} /usr/bin/python3 -W ignore:setup.py install is deprecated -W ignore:easy_install command is deprecated setup.py egg_info --egg-base ../../build/imu_lidar_sensor_fusion build --build-base /home/robotpi/ws_lidar/build/imu_lidar_sensor_fusion/build install --record /home/robotpi/ws_lidar/build/imu_lidar_sensor_fusion/install.log --single-version-externally-managed install_data
[4.333s] Level 1:colcon.colcon_core.environment:checking '/home/robotpi/ws_lidar/install/imu_lidar_sensor_fusion' for CMake module files
[4.334s] DEBUG:colcon.colcon_core.event_handler.log_command:Invoked command in '/home/robotpi/ws_lidar/src/imu_lidar_sensor_fusion' returned '0': DEBUGINFOD_URLS=https://debuginfod.ubuntu.com PYTHONPATH=/home/robotpi/ws_lidar/build/imu_lidar_sensor_fusion/prefix_override:/usr/lib/python3/dist-packages/colcon_core/task/python/colcon_distutils_commands:/home/robotpi/ws_lidar/install/imu_lidar_sensor_fusion/lib/python3.12/site-packages:${PYTHONPATH} /usr/bin/python3 -W ignore:setup.py install is deprecated -W ignore:easy_install command is deprecated setup.py egg_info --egg-base ../../build/imu_lidar_sensor_fusion build --build-base /home/robotpi/ws_lidar/build/imu_lidar_sensor_fusion/build install --record /home/robotpi/ws_lidar/build/imu_lidar_sensor_fusion/install.log --single-version-externally-managed install_data
[4.335s] Level 1:colcon.colcon_core.environment:checking '/home/robotpi/ws_lidar/install/imu_lidar_sensor_fusion' for CMake config files
[4.336s] Level 1:colcon.colcon_core.environment:checking '/home/robotpi/ws_lidar/install/imu_lidar_sensor_fusion/lib'
[4.336s] Level 1:colcon.colcon_core.environment:checking '/home/robotpi/ws_lidar/install/imu_lidar_sensor_fusion/bin'
[4.336s] Level 1:colcon.colcon_core.environment:checking '/home/robotpi/ws_lidar/install/imu_lidar_sensor_fusion/lib/pkgconfig/imu_lidar_sensor_fusion.pc'
[4.336s] Level 1:colcon.colcon_core.environment:checking '/home/robotpi/ws_lidar/install/imu_lidar_sensor_fusion/lib/python3.12/site-packages'
[4.336s] Level 1:colcon.colcon_core.shell:create_environment_hook('imu_lidar_sensor_fusion', 'pythonpath')
[4.337s] INFO:colcon.colcon_core.shell:Creating environment hook '/home/robotpi/ws_lidar/install/imu_lidar_sensor_fusion/share/imu_lidar_sensor_fusion/hook/pythonpath.ps1'
[4.338s] INFO:colcon.colcon_core.shell:Creating environment descriptor '/home/robotpi/ws_lidar/install/imu_lidar_sensor_fusion/share/imu_lidar_sensor_fusion/hook/pythonpath.dsv'
[4.341s] INFO:colcon.colcon_core.shell:Creating environment hook '/home/robotpi/ws_lidar/install/imu_lidar_sensor_fusion/share/imu_lidar_sensor_fusion/hook/pythonpath.sh'
[4.344s] Level 1:colcon.colcon_core.environment:checking '/home/robotpi/ws_lidar/install/imu_lidar_sensor_fusion/bin'
[4.344s] Level 1:colcon.colcon_core.environment:create_environment_scripts_only(imu_lidar_sensor_fusion)
[4.345s] INFO:colcon.colcon_core.shell:Creating package script '/home/robotpi/ws_lidar/install/imu_lidar_sensor_fusion/share/imu_lidar_sensor_fusion/package.ps1'
[4.346s] INFO:colcon.colcon_core.shell:Creating package descriptor '/home/robotpi/ws_lidar/install/imu_lidar_sensor_fusion/share/imu_lidar_sensor_fusion/package.dsv'
[4.349s] INFO:colcon.colcon_core.shell:Creating package script '/home/robotpi/ws_lidar/install/imu_lidar_sensor_fusion/share/imu_lidar_sensor_fusion/package.sh'
[4.350s] INFO:colcon.colcon_core.shell:Creating package script '/home/robotpi/ws_lidar/install/imu_lidar_sensor_fusion/share/imu_lidar_sensor_fusion/package.bash'
[4.350s] INFO:colcon.colcon_core.shell:Creating package script '/home/robotpi/ws_lidar/install/imu_lidar_sensor_fusion/share/imu_lidar_sensor_fusion/package.zsh'
[4.351s] Level 1:colcon.colcon_core.environment:create_file_with_runtime_dependencies(/home/robotpi/ws_lidar/install/imu_lidar_sensor_fusion/share/colcon-core/packages/imu_lidar_sensor_fusion)
[4.353s] DEBUG:colcon.colcon_parallel_executor.executor.parallel:closing loop
[4.353s] DEBUG:colcon.colcon_parallel_executor.executor.parallel:loop closed
[4.354s] DEBUG:colcon.colcon_parallel_executor.executor.parallel:run_until_complete finished with '0'
[4.354s] DEBUG:colcon.colcon_core.event_reactor:joining thread
[4.372s] INFO:colcon.colcon_core.plugin_system:Skipping extension 'colcon_notification.desktop_notification.terminal_notifier': Not used on non-Darwin systems
[4.372s] INFO:colcon.colcon_core.plugin_system:Skipping extension 'colcon_notification.desktop_notification.win32': Not used on non-Windows systems
[4.372s] INFO:colcon.colcon_notification.desktop_notification:Sending desktop notification using 'notify2'
[4.406s] DEBUG:colcon.colcon_core.event_reactor:joined thread
[4.407s] INFO:colcon.colcon_core.shell:Creating prefix script '/home/robotpi/ws_lidar/install/local_setup.ps1'
[4.409s] INFO:colcon.colcon_core.shell:Creating prefix util module '/home/robotpi/ws_lidar/install/_local_setup_util_ps1.py'
[4.412s] INFO:colcon.colcon_core.shell:Creating prefix chain script '/home/robotpi/ws_lidar/install/setup.ps1'
[4.414s] INFO:colcon.colcon_core.shell:Creating prefix script '/home/robotpi/ws_lidar/install/local_setup.sh'
[4.416s] INFO:colcon.colcon_core.shell:Creating prefix util module '/home/robotpi/ws_lidar/install/_local_setup_util_sh.py'
[4.421s] INFO:colcon.colcon_core.shell:Creating prefix chain script '/home/robotpi/ws_lidar/install/setup.sh'
[4.423s] INFO:colcon.colcon_core.shell:Creating prefix script '/home/robotpi/ws_lidar/install/local_setup.bash'
[4.426s] INFO:colcon.colcon_core.shell:Creating prefix chain script '/home/robotpi/ws_lidar/install/setup.bash'
[4.432s] INFO:colcon.colcon_core.shell:Creating prefix script '/home/robotpi/ws_lidar/install/local_setup.zsh'
[4.433s] INFO:colcon.colcon_core.shell:Creating prefix chain script '/home/robotpi/ws_lidar/install/setup.zsh'
