[0.017s] Invoking command in '/home/robotpi/ws_lidar/src/build/slam_toolbox': CMAKE_PREFIX_PATH=${CMAKE_PREFIX_PATH}:/home/robotpi/ws_lidar/install/imu_lidar_sensor_fusion:/opt/ros/jazzy DEBUGINFOD_URLS=https://debuginfod.ubuntu.com /usr/bin/cmake /home/robotpi/ws_lidar/src/slam_toolbox -DCMAKE_INSTALL_PREFIX=/home/robotpi/ws_lidar/src/install/slam_toolbox
[0.749s] -- The C compiler identification is GNU 13.3.0
[1.255s] -- The CXX compiler identification is GNU 13.3.0
[1.339s] -- Detecting C compiler ABI info
[1.732s] -- Detecting C compiler ABI info - done
[1.761s] -- Check for working C compiler: /usr/bin/cc - skipped
[1.775s] -- Detecting C compile features
[1.783s] -- Detecting C compile features - done
[1.830s] -- Detecting CXX compiler ABI info
[2.148s] -- Detecting CXX compiler ABI info - done
[2.178s] -- Check for working CXX compiler: /usr/bin/c++ - skipped
[2.178s] -- Detecting CXX compile features
[2.178s] -- Detecting CXX compile features - done
[2.190s] -- Found ament_cmake: 2.5.4 (/opt/ros/jazzy/share/ament_cmake/cmake)
[2.659s] -- Found Python3: /usr/bin/python3 (found version "3.12.3") found components: Interpreter 
[3.067s] -- Found message_filters: 4.11.7 (/opt/ros/jazzy/share/message_filters/cmake)
[3.245s] -- Found rosidl_generator_c: 4.6.6 (/opt/ros/jazzy/share/rosidl_generator_c/cmake)
[3.292s] -- Found rosidl_generator_cpp: 4.6.6 (/opt/ros/jazzy/share/rosidl_generator_cpp/cmake)
[3.347s] -- Using all available rosidl_typesupport_c: rosidl_typesupport_fastrtps_c;rosidl_typesupport_introspection_c
[3.411s] -- Using all available rosidl_typesupport_cpp: rosidl_typesupport_fastrtps_cpp;rosidl_typesupport_introspection_cpp
[3.649s] -- Found rmw_implementation_cmake: 7.3.2 (/opt/ros/jazzy/share/rmw_implementation_cmake/cmake)
[3.660s] -- Found rmw_fastrtps_cpp: 8.4.3 (/opt/ros/jazzy/share/rmw_fastrtps_cpp/cmake)
[3.945s] -- Found OpenSSL: /usr/lib/aarch64-linux-gnu/libcrypto.so (found version "3.0.13")  
[4.001s] -- Found FastRTPS: /opt/ros/jazzy/include (Required is at least version "2.13") 
[4.093s] -- Using RMW implementation 'rmw_fastrtps_cpp' as default
[4.405s] -- Found nav_msgs: 5.3.6 (/opt/ros/jazzy/share/nav_msgs/cmake)
[4.622s] -- Found sensor_msgs: 5.3.6 (/opt/ros/jazzy/share/sensor_msgs/cmake)
[4.723s] -- Found tf2: 0.36.14 (/opt/ros/jazzy/share/tf2/cmake)
[4.742s] -- Found tf2_ros: 0.36.14 (/opt/ros/jazzy/share/tf2_ros/cmake)
[5.121s] -- Found visualization_msgs: 5.3.6 (/opt/ros/jazzy/share/visualization_msgs/cmake)
[5.217s] -- Found pluginlib: 5.4.2 (/opt/ros/jazzy/share/pluginlib/cmake)
[5.250s] -- Found tf2_geometry_msgs: 0.36.14 (/opt/ros/jazzy/share/tf2_geometry_msgs/cmake)
[5.312s] -- Found eigen3_cmake_module: 0.3.0 (/opt/ros/jazzy/share/eigen3_cmake_module/cmake)
[5.316s] -- Found Eigen3: TRUE (found version "3.4.0") 
[5.316s] -- Ensuring Eigen3 include directory is part of orocos-kdl CMake target
[5.329s] -- Found tf2_sensor_msgs: 0.36.14 (/opt/ros/jazzy/share/tf2_sensor_msgs/cmake)
[5.353s] -- Found std_srvs: 5.3.6 (/opt/ros/jazzy/share/std_srvs/cmake)
[5.428s] -- Found rosidl_default_generators: 1.6.0 (/opt/ros/jazzy/share/rosidl_default_generators/cmake)
[5.481s] -- Found rosidl_adapter: 4.6.6 (/opt/ros/jazzy/share/rosidl_adapter/cmake)
[5.493s] -- Found lifecycle_msgs: 2.0.3 (/opt/ros/jazzy/share/lifecycle_msgs/cmake)
[5.554s] [31mCMake Error at CMakeLists.txt:29 (find_package):
[5.554s]   By not providing "Findbondcpp.cmake" in CMAKE_MODULE_PATH this project has
[5.554s]   asked CMake to find a package configuration file provided by "bondcpp", but
[5.555s]   CMake did not find one.
[5.555s] 
[5.555s]   Could not find a package configuration file provided by "bondcpp" with any
[5.555s]   of the following names:
[5.556s] 
[5.557s]     bondcppConfig.cmake
[5.557s]     bondcpp-config.cmake
[5.557s] 
[5.557s]   Add the installation prefix of "bondcpp" to CMAKE_PREFIX_PATH or set
[5.557s]   "bondcpp_DIR" to a directory containing one of the above files.  If
[5.558s]   "bondcpp" provides a separate development package or SDK, be sure it has
[5.558s]   been installed.
[5.558s] 
[5.558s] [0m
[5.558s] -- Configuring incomplete, errors occurred!
[5.601s] Invoked command in '/home/robotpi/ws_lidar/src/build/slam_toolbox' returned '1': CMAKE_PREFIX_PATH=${CMAKE_PREFIX_PATH}:/home/robotpi/ws_lidar/install/imu_lidar_sensor_fusion:/opt/ros/jazzy DEBUGINFOD_URLS=https://debuginfod.ubuntu.com /usr/bin/cmake /home/robotpi/ws_lidar/src/slam_toolbox -DCMAKE_INSTALL_PREFIX=/home/robotpi/ws_lidar/src/install/slam_toolbox
